Log file open, 01/11/26 15:30:09
LogWindows: Failed to load 'aqProf.dll' (GetLastError=126)
LogWindows: File 'aqProf.dll' does not exist
LogWindows: Failed to load 'VtuneApi.dll' (GetLastError=126)
LogWindows: File 'VtuneApi.dll' does not exist
LogWindows: Failed to load 'VtuneApi32e.dll' (GetLastError=126)
LogWindows: File 'VtuneApi32e.dll' does not exist
LogConsoleResponse: Display: Failed to find resolution value strings in scalability ini. Falling back to default.
LogConsoleResponse: Display: Failed to find resolution value strings in scalability ini. Falling back to default.
LogInit: Display: Running engine for game: Monster_Shooter
LogPlatformFile: Not using cached read wrapper
LogTaskGraph: Started task graph with 5 named threads and 23 total threads with 3 sets of task threads.
LogStats: Stats thread started at 0.271439
LogICUInternationalization: ICU TimeZone Detection - Raw Offset: +3:00, Platform Override: ''
LogInit: Display: Loading text-based GConfig....
LogPluginManager: Mounting plugin MeshPainting
LogPluginManager: Mounting plugin XGEController
LogPluginManager: Mounting plugin Paper2D
LogPluginManager: Mounting plugin AISupport
LogPluginManager: Mounting plugin EnvironmentQueryEditor
LogPluginManager: Mounting plugin LiveLink
LogPluginManager: Mounting plugin LightPropagationVolume
LogPluginManager: Mounting plugin GameplayCameras
LogPluginManager: Mounting plugin CameraShakePreviewer
LogPluginManager: Mounting plugin OodleData
LogPluginManager: Mounting plugin OodleNetwork
LogPluginManager: Mounting plugin AnimationSharing
LogPluginManager: Mounting plugin CLionSourceCodeAccess
LogPluginManager: Mounting plugin CodeLiteSourceCodeAccess
LogPluginManager: Mounting plugin GitSourceControl
LogPluginManager: Mounting plugin KDevelopSourceCodeAccess
LogPluginManager: Mounting plugin NullSourceCodeAccess
LogPluginManager: Mounting plugin PerforceSourceControl
LogPluginManager: Mounting plugin PixWinPlugin
LogPluginManager: Mounting plugin PlasticSourceControl
LogPluginManager: Mounting plugin PluginUtils
LogPluginManager: Mounting plugin PropertyAccessNode
LogPluginManager: Mounting plugin RiderSourceCodeAccess
LogPluginManager: Mounting plugin SubversionSourceControl
LogPluginManager: Mounting plugin TextureFormatOodle
LogPluginManager: Mounting plugin UObjectPlugin
LogPluginManager: Mounting plugin AssetManagerEditor
LogPluginManager: Mounting plugin VisualStudioCodeSourceCodeAccess
LogPluginManager: Mounting plugin VisualStudioSourceCodeAccess
LogPluginManager: Mounting plugin XCodeSourceCodeAccess
LogPluginManager: Mounting plugin CryptoKeys
LogPluginManager: Mounting plugin DatasmithContent
LogPluginManager: Mounting plugin CurveEditorTools
LogPluginManager: Mounting plugin DataValidation
LogPluginManager: Mounting plugin VariantManagerContent
LogPluginManager: Mounting plugin FacialAnimation
LogPluginManager: Mounting plugin GameplayTagsEditor
LogPluginManager: Mounting plugin GeometryMode
LogPluginManager: Mounting plugin MacGraphicsSwitching
LogPluginManager: Mounting plugin MaterialAnalyzer
LogPluginManager: Mounting plugin MobileLauncherProfileWizard
LogPluginManager: Mounting plugin PluginBrowser
LogPluginManager: Mounting plugin SpeedTreeImporter
LogPluginManager: Mounting plugin AlembicImporter
LogPluginManager: Mounting plugin AutomationUtils
LogPluginManager: Mounting plugin BackChannel
LogPluginManager: Mounting plugin ChaosCloth
LogPluginManager: Mounting plugin ChaosClothEditor
LogPluginManager: Mounting plugin ChaosEditor
LogPluginManager: Mounting plugin ChaosSolverPlugin
LogPluginManager: Mounting plugin ChaosNiagara
LogPluginManager: Mounting plugin CharacterAI
LogPluginManager: Mounting plugin GeometryCache
LogPluginManager: Mounting plugin GeometryCollectionPlugin
LogPluginManager: Mounting plugin Niagara
LogPluginManager: Mounting plugin GeometryProcessing
LogPluginManager: Mounting plugin MotoSynth
LogPluginManager: Mounting plugin OpenImageDenoise
LogPluginManager: Mounting plugin PlanarCut
LogPluginManager: Mounting plugin PlatformCrypto
LogPluginManager: Mounting plugin ProxyLODPlugin
LogPluginManager: Mounting plugin PythonScriptPlugin
LogPluginManager: Mounting plugin SkeletalReduction
LogPluginManager: Mounting plugin LuminPlatformFeatures
LogPluginManager: Mounting plugin MagicLeap
LogPluginManager: Mounting plugin MagicLeapLightEstimation
LogPluginManager: Mounting plugin MagicLeapMedia
LogPluginManager: Mounting plugin MagicLeapPassableWorld
LogPluginManager: Mounting plugin MLSDK
LogPluginManager: Mounting plugin AndroidMedia
LogPluginManager: Mounting plugin AvfMedia
LogPluginManager: Mounting plugin ImgMedia
LogPluginManager: Mounting plugin MediaCompositing
LogPluginManager: Mounting plugin MediaPlayerEditor
LogPluginManager: Mounting plugin WebMMedia
LogPluginManager: Mounting plugin WmfMedia
LogPluginManager: Mounting plugin TcpMessaging
LogPluginManager: Mounting plugin UdpMessaging
LogPluginManager: Mounting plugin ActorSequence
LogPluginManager: Mounting plugin LevelSequenceEditor
LogPluginManager: Mounting plugin MatineeToLevelSequence
LogPluginManager: Mounting plugin TemplateSequence
LogPluginManager: Mounting plugin OnlineSubsystem
LogPluginManager: Mounting plugin OnlineSubsystemNull
LogPluginManager: Mounting plugin OnlineSubsystemUtils
LogPluginManager: Mounting plugin LauncherChunkInstaller
LogPluginManager: Mounting plugin ActorLayerUtilities
LogPluginManager: Mounting plugin AndroidDeviceProfileSelector
LogPluginManager: Mounting plugin AndroidMoviePlayer
LogPluginManager: Mounting plugin AndroidPermission
LogPluginManager: Mounting plugin AppleImageUtils
LogPluginManager: Mounting plugin AppleMoviePlayer
LogPluginManager: Mounting plugin ArchVisCharacter
LogPluginManager: Mounting plugin AssetTags
LogPluginManager: Mounting plugin AudioCapture
LogPluginManager: Mounting plugin AudioSynesthesia
LogPluginManager: Mounting plugin CableComponent
LogPluginManager: Mounting plugin CustomMeshComponent
LogPluginManager: Mounting plugin ChunkDownloader
LogPluginManager: Mounting plugin EditableMesh
LogPluginManager: Mounting plugin ExampleDeviceProfileSelector
LogPluginManager: Mounting plugin GoogleCloudMessaging
LogPluginManager: Mounting plugin GooglePAD
LogPluginManager: Mounting plugin IOSDeviceProfileSelector
LogPluginManager: Mounting plugin LinuxDeviceProfileSelector
LogPluginManager: Mounting plugin LocationServicesBPLibrary
LogPluginManager: Mounting plugin MobilePatchingUtils
LogPluginManager: Mounting plugin OpenXR
LogPluginManager: Mounting plugin OpenXREyeTracker
LogPluginManager: Mounting plugin OpenXRHandTracking
LogPluginManager: Mounting plugin PhysXVehicles
LogPluginManager: Mounting plugin PostSplashScreen
LogPluginManager: Mounting plugin ProceduralMeshComponent
LogPluginManager: Mounting plugin PropertyAccessEditor
LogPluginManager: Mounting plugin RuntimePhysXCooking
LogPluginManager: Mounting plugin SignificanceManager
LogPluginManager: Mounting plugin SoundFields
LogPluginManager: Mounting plugin Synthesis
LogPluginManager: Mounting plugin WebMMoviePlayer
LogPluginManager: Mounting plugin WindowsMoviePlayer
LogPluginManager: Mounting plugin ScreenshotTools
LogPluginManager: Mounting plugin Takes
LogPluginManager: Mounting plugin ContentBrowserAssetDataSource
LogPluginManager: Mounting plugin ContentBrowserClassDataSource
LogPluginManager: Mounting plugin ContentBrowserFileDataSource
LogPluginManager: Mounting plugin OnlineSubsystemGooglePlay
LogPluginManager: Mounting plugin OnlineSubsystemIOS
LogPluginManager: Mounting plugin OculusVR
LogPluginManager: Mounting plugin SteamVR
PixWinPlugin: PIX capture plugin failed to initialize! Check that the process is launched from PIX.
LogInit: Using libcurl 7.55.1-DEV
LogInit:  - built for x86_64-pc-win32
LogInit:  - supports SSL with OpenSSL/1.1.1
LogInit:  - supports HTTP deflate (compression) using libz 1.2.8
LogInit:  - other features:
LogInit:      CURL_VERSION_SSL
LogInit:      CURL_VERSION_LIBZ
LogInit:      CURL_VERSION_IPV6
LogInit:      CURL_VERSION_ASYNCHDNS
LogInit:      CURL_VERSION_LARGEFILE
LogInit:      CURL_VERSION_IDN
LogInit:  CurlRequestOptions (configurable via config and command line):
LogInit:  - bVerifyPeer = true  - Libcurl will verify peer certificate
LogInit:  - bUseHttpProxy = false  - Libcurl will NOT use HTTP proxy
LogInit:  - bDontReuseConnections = false  - Libcurl will reuse connections
LogInit:  - MaxHostConnections = 16  - Libcurl will limit the number of connections to a host
LogInit:  - LocalHostAddr = Default
LogInit:  - BufferSize = 65536
LogOnline: OSS: Creating online subsystem instance for: NULL
LogInit: WinSock: version 1.1 (2.2), MaxSocks=32767, MaxUdp=65467
LogOnline: OSS: TryLoadSubsystemAndSetDefault: Loaded subsystem for module [NULL]
LogOculusPluginWrapper: OculusPlugin initialized successfully
LogHMD: Failed initializing OVRPlugin 1.59.0
LogInit: Build: ++UE4+Release-4.27-CL-18319896
LogInit: Engine Version: 4.27.2-18319896+++UE4+Release-4.27
LogInit: Compatible Engine Version: 4.27.0-17155196+++UE4+Release-4.27
LogInit: Net CL: 17155196
LogInit: OS: Windows 10 (Release 2009) (), CPU: Intel(R) Core(TM) i7-8550U CPU @ 1.80GHz, GPU: Intel(R) UHD Graphics 620
LogInit: Compiled (64-bit): Nov 30 2021 07:12:08
LogInit: Compiled with Visual C++: 19.24.28315.00
LogInit: Build Configuration: Development
LogInit: Branch Name: ++UE4+Release-4.27
LogInit: Command Line: 
LogInit: Base Directory: D:/Program Files/Epic Games/UE_4.27/Engine/Binaries/Win64/
LogInit: Allocator: TBB
LogInit: Installed Engine Build: 1
LogDevObjectVersion: Number of dev versions registered: 29
LogDevObjectVersion:   Dev-Blueprints (B0D832E4-1F89-4F0D-ACCF-7EB736FD4AA2): 10
LogDevObjectVersion:   Dev-Build (E1C64328-A22C-4D53-A36C-8E866417BD8C): 0
LogDevObjectVersion:   Dev-Core (375EC13C-06E4-48FB-B500-84F0262A717E): 4
LogDevObjectVersion:   Dev-Editor (E4B068ED-F494-42E9-A231-DA0B2E46BB41): 40
LogDevObjectVersion:   Dev-Framework (CFFC743F-43B0-4480-9391-14DF171D2073): 37
LogDevObjectVersion:   Dev-Mobile (B02B49B5-BB20-44E9-A304-32B752E40360): 3
LogDevObjectVersion:   Dev-Networking (A4E4105C-59A1-49B5-A7C5-40C4547EDFEE): 0
LogDevObjectVersion:   Dev-Online (39C831C9-5AE6-47DC-9A44-9C173E1C8E7C): 0
LogDevObjectVersion:   Dev-Physics (78F01B33-EBEA-4F98-B9B4-84EACCB95AA2): 14
LogDevObjectVersion:   Dev-Platform (6631380F-2D4D-43E0-8009-CF276956A95A): 0
LogDevObjectVersion:   Dev-Rendering (12F88B9F-8875-4AFC-A67C-D90C383ABD29): 45
LogDevObjectVersion:   Dev-Sequencer (7B5AE74C-D270-4C10-A958-57980B212A5A): 13
LogDevObjectVersion:   Dev-VR (D7296918-1DD6-4BDD-9DE2-64A83CC13884): 3
LogDevObjectVersion:   Dev-LoadTimes (C2A15278-BFE7-4AFE-6C17-90FF531DF755): 1
LogDevObjectVersion:   Private-Geometry (6EACA3D4-40EC-4CC1-B786-8BED09428FC5): 3
LogDevObjectVersion:   Dev-AnimPhys (29E575DD-E0A3-4627-9D10-D276232CDCEA): 17
LogDevObjectVersion:   Dev-Anim (AF43A65D-7FD3-4947-9873-3E8ED9C1BB05): 15
LogDevObjectVersion:   Dev-ReflectionCapture (6B266CEC-1EC7-4B8F-A30B-E4D90942FC07): 1
LogDevObjectVersion:   Dev-Automation (0DF73D61-A23F-47EA-B727-89E90C41499A): 1
LogDevObjectVersion:   FortniteMain (601D1886-AC64-4F84-AA16-D3DE0DEAC7D6): 47
LogDevObjectVersion:   FortniteRelease (E7086368-6B23-4C58-8439-1B7016265E91): 1
LogDevObjectVersion:   Dev-Enterprise (9DFFBCD6-494F-0158-E221-12823C92A888): 10
LogDevObjectVersion:   Dev-Niagara (F2AED0AC-9AFE-416F-8664-AA7FFA26D6FC): 1
LogDevObjectVersion:   Dev-Destruction (174F1F0B-B4C6-45A5-B13F-2EE8D0FB917D): 10
LogDevObjectVersion:   Dev-Physics-Ext (35F94A83-E258-406C-A318-09F59610247C): 41
LogDevObjectVersion:   Dev-PhysicsMaterial-Chaos (B68FC16E-8B1B-42E2-B453-215C058844FE): 1
LogDevObjectVersion:   Dev-CineCamera (B2E18506-4273-CFC2-A54E-F4BB758BBA07): 1
LogDevObjectVersion:   Dev-VirtualProduction (64F58936-FD1B-42BA-BA96-7289D5D0FA4E): 1
LogDevObjectVersion:   Dev-MediaFramework (6F0ED827-A609-4895-9C91-998D90180EA4): 2
LogInit: Presizing for max 25165824 objects, including 0 objects not considered by GC, pre-allocating 0 bytes for permanent pool.
LogConfig: Applying CVar settings from Section [/Script/Engine.StreamingSettings] File [C:/Unreal Project/Monster_Shooter/Saved/Config/Windows/Engine.ini]
LogConfig: Setting CVar [[s.MinBulkDataSizeForAsyncLoading:131072]]
LogConfig: Setting CVar [[s.AsyncLoadingThreadEnabled:0]]
LogConfig: Setting CVar [[s.EventDrivenLoaderEnabled:1]]
LogConfig: Setting CVar [[s.WarnIfTimeLimitExceeded:0]]
LogConfig: Setting CVar [[s.TimeLimitExceededMultiplier:1.5]]
LogConfig: Setting CVar [[s.TimeLimitExceededMinTime:0.005]]
LogConfig: Setting CVar [[s.UseBackgroundLevelStreaming:1]]
LogConfig: Setting CVar [[s.PriorityAsyncLoadingExtraTime:15.0]]
LogConfig: Setting CVar [[s.LevelStreamingActorsUpdateTimeLimit:5.0]]
LogConfig: Setting CVar [[s.PriorityLevelStreamingActorsUpdateExtraTime:5.0]]
LogConfig: Setting CVar [[s.LevelStreamingComponentsRegistrationGranularity:10]]
LogConfig: Setting CVar [[s.UnregisterComponentsTimeLimit:1.0]]
LogConfig: Setting CVar [[s.LevelStreamingComponentsUnregistrationGranularity:5]]
LogConfig: Setting CVar [[s.FlushStreamingOnExit:1]]
LogInit: Object subsystem initialized
LogConfig: Setting CVar [[con.DebugEarlyDefault:1]]
LogConfig: Setting CVar [[r.setres:1280x720]]
[2026.01.11-12.30.10:120][  0]LogConfig: Setting CVar [[r.VSync:0]]
[2026.01.11-12.30.10:120][  0]LogConfig: Setting CVar [[r.RHICmdBypass:0]]
[2026.01.11-12.30.10:120][  0]LogConfig: Applying CVar settings from Section [/Script/Engine.RendererSettings] File [C:/Unreal Project/Monster_Shooter/Saved/Config/Windows/Engine.ini]
[2026.01.11-12.30.10:120][  0]LogConfig: Setting CVar [[r.GPUCrashDebugging:0]]
[2026.01.11-12.30.10:120][  0]LogConfig: Applying CVar settings from Section [/Script/Engine.RendererOverrideSettings] File [C:/Unreal Project/Monster_Shooter/Saved/Config/Windows/Engine.ini]
[2026.01.11-12.30.10:120][  0]LogConfig: Applying CVar settings from Section [/Script/Engine.StreamingSettings] File [C:/Unreal Project/Monster_Shooter/Saved/Config/Windows/Engine.ini]
[2026.01.11-12.30.10:120][  0]LogConfig: Setting CVar [[s.MinBulkDataSizeForAsyncLoading:131072]]
[2026.01.11-12.30.10:120][  0]LogConfig: Setting CVar [[s.AsyncLoadingThreadEnabled:0]]
[2026.01.11-12.30.10:120][  0]LogConfig: Setting CVar [[s.EventDrivenLoaderEnabled:1]]
[2026.01.11-12.30.10:120][  0]LogConfig: Setting CVar [[s.WarnIfTimeLimitExceeded:0]]
[2026.01.11-12.30.10:120][  0]LogConfig: Setting CVar [[s.TimeLimitExceededMultiplier:1.5]]
[2026.01.11-12.30.10:120][  0]LogConfig: Setting CVar [[s.TimeLimitExceededMinTime:0.005]]
[2026.01.11-12.30.10:120][  0]LogConfig: Setting CVar [[s.UseBackgroundLevelStreaming:1]]
[2026.01.11-12.30.10:120][  0]LogConfig: Setting CVar [[s.PriorityAsyncLoadingExtraTime:15.0]]
[2026.01.11-12.30.10:120][  0]LogConfig: Setting CVar [[s.LevelStreamingActorsUpdateTimeLimit:5.0]]
[2026.01.11-12.30.10:120][  0]LogConfig: Setting CVar [[s.PriorityLevelStreamingActorsUpdateExtraTime:5.0]]
[2026.01.11-12.30.10:120][  0]LogConfig: Setting CVar [[s.LevelStreamingComponentsRegistrationGranularity:10]]
[2026.01.11-12.30.10:120][  0]LogConfig: Setting CVar [[s.UnregisterComponentsTimeLimit:1.0]]
[2026.01.11-12.30.10:120][  0]LogConfig: Setting CVar [[s.LevelStreamingComponentsUnregistrationGranularity:5]]
[2026.01.11-12.30.10:120][  0]LogConfig: Setting CVar [[s.FlushStreamingOnExit:1]]
[2026.01.11-12.30.10:120][  0]LogConfig: Applying CVar settings from Section [/Script/Engine.GarbageCollectionSettings] File [C:/Unreal Project/Monster_Shooter/Saved/Config/Windows/Engine.ini]
[2026.01.11-12.30.10:120][  0]LogConfig: Setting CVar [[gc.MaxObjectsNotConsideredByGC:1]]
[2026.01.11-12.30.10:120][  0]LogConfig: Setting CVar [[gc.SizeOfPermanentObjectPool:0]]
[2026.01.11-12.30.10:121][  0]LogConfig: Setting CVar [[gc.FlushStreamingOnGC:0]]
[2026.01.11-12.30.10:121][  0]LogConfig: Setting CVar [[gc.NumRetriesBeforeForcingGC:10]]
[2026.01.11-12.30.10:121][  0]LogConfig: Setting CVar [[gc.AllowParallelGC:1]]
[2026.01.11-12.30.10:121][  0]LogConfig: Setting CVar [[gc.TimeBetweenPurgingPendingKillObjects:61.1]]
[2026.01.11-12.30.10:121][  0]LogConfig: Setting CVar [[gc.MaxObjectsInEditor:25165824]]
[2026.01.11-12.30.10:121][  0]LogConfig: Setting CVar [[gc.IncrementalBeginDestroyEnabled:1]]
[2026.01.11-12.30.10:121][  0]LogConfig: Setting CVar [[gc.CreateGCClusters:1]]
[2026.01.11-12.30.10:121][  0]LogConfig: Setting CVar [[gc.MinGCClusterSize:5]]
[2026.01.11-12.30.10:121][  0]LogConfig: Setting CVar [[gc.ActorClusteringEnabled:0]]
[2026.01.11-12.30.10:121][  0]LogConfig: Setting CVar [[gc.BlueprintClusteringEnabled:0]]
[2026.01.11-12.30.10:121][  0]LogConfig: Setting CVar [[gc.UseDisregardForGCOnDedicatedServers:0]]
[2026.01.11-12.30.10:121][  0]LogConfig: Setting CVar [[gc.MultithreadedDestructionEnabled:1]]
[2026.01.11-12.30.10:121][  0]LogConfig: Applying CVar settings from Section [/Script/Engine.NetworkSettings] File [C:/Unreal Project/Monster_Shooter/Saved/Config/Windows/Engine.ini]
[2026.01.11-12.30.10:121][  0]LogConfig: Applying CVar settings from Section [/Script/UnrealEd.CookerSettings] File [C:/Unreal Project/Monster_Shooter/Saved/Config/Windows/Engine.ini]
[2026.01.11-12.30.10:130][  0]LogConfig: Applying CVar settings from Section [ViewDistanceQuality@3] File [C:/Unreal Project/Monster_Shooter/Saved/Config/Windows/Scalability.ini]
[2026.01.11-12.30.10:130][  0]LogConfig: Setting CVar [[r.SkeletalMeshLODBias:0]]
[2026.01.11-12.30.10:130][  0]LogConfig: Setting CVar [[r.ViewDistanceScale:1.0]]
[2026.01.11-12.30.10:130][  0]LogConfig: Applying CVar settings from Section [AntiAliasingQuality@3] File [C:/Unreal Project/Monster_Shooter/Saved/Config/Windows/Scalability.ini]
[2026.01.11-12.30.10:130][  0]LogConfig: Setting CVar [[r.PostProcessAAQuality:4]]
[2026.01.11-12.30.10:130][  0]LogConfig: Applying CVar settings from Section [ShadowQuality@3] File [C:/Unreal Project/Monster_Shooter/Saved/Config/Windows/Scalability.ini]
[2026.01.11-12.30.10:130][  0]LogConfig: Setting CVar [[r.LightFunctionQuality:1]]
[2026.01.11-12.30.10:130][  0]LogConfig: Setting CVar [[r.ShadowQuality:5]]
[2026.01.11-12.30.10:130][  0]LogConfig: Setting CVar [[r.Shadow.CSM.MaxCascades:10]]
[2026.01.11-12.30.10:130][  0]LogConfig: Setting CVar [[r.Shadow.MaxResolution:2048]]
[2026.01.11-12.30.10:130][  0]LogConfig: Setting CVar [[r.Shadow.MaxCSMResolution:2048]]
[2026.01.11-12.30.10:130][  0]LogConfig: Setting CVar [[r.Shadow.RadiusThreshold:0.01]]
[2026.01.11-12.30.10:130][  0]LogConfig: Setting CVar [[r.Shadow.DistanceScale:1.0]]
[2026.01.11-12.30.10:130][  0]LogConfig: Setting CVar [[r.Shadow.CSM.TransitionScale:1.0]]
[2026.01.11-12.30.10:130][  0]LogConfig: Setting CVar [[r.Shadow.PreShadowResolutionFactor:1.0]]
[2026.01.11-12.30.10:130][  0]LogConfig: Setting CVar [[r.DistanceFieldShadowing:1]]
[2026.01.11-12.30.10:130][  0]LogConfig: Setting CVar [[r.DistanceFieldAO:1]]
[2026.01.11-12.30.10:130][  0]LogConfig: Setting CVar [[r.AOQuality:2]]
[2026.01.11-12.30.10:130][  0]LogConfig: Setting CVar [[r.VolumetricFog:1]]
[2026.01.11-12.30.10:130][  0]LogConfig: Setting CVar [[r.VolumetricFog.GridPixelSize:8]]
[2026.01.11-12.30.10:130][  0]LogConfig: Setting CVar [[r.VolumetricFog.GridSizeZ:128]]
[2026.01.11-12.30.10:130][  0]LogConfig: Setting CVar [[r.VolumetricFog.HistoryMissSupersampleCount:4]]
[2026.01.11-12.30.10:130][  0]LogConfig: Setting CVar [[r.LightMaxDrawDistanceScale:1]]
[2026.01.11-12.30.10:130][  0]LogConfig: Setting CVar [[r.CapsuleShadows:1]]
[2026.01.11-12.30.10:130][  0]LogConfig: Applying CVar settings from Section [PostProcessQuality@3] File [C:/Unreal Project/Monster_Shooter/Saved/Config/Windows/Scalability.ini]
[2026.01.11-12.30.10:130][  0]LogConfig: Setting CVar [[r.MotionBlurQuality:4]]
[2026.01.11-12.30.10:130][  0]LogConfig: Setting CVar [[r.AmbientOcclusionMipLevelFactor:0.4]]
[2026.01.11-12.30.10:130][  0]LogConfig: Setting CVar [[r.AmbientOcclusionMaxQuality:100]]
[2026.01.11-12.30.10:130][  0]LogConfig: Setting CVar [[r.AmbientOcclusionLevels:-1]]
[2026.01.11-12.30.10:130][  0]LogConfig: Setting CVar [[r.AmbientOcclusionRadiusScale:1.0]]
[2026.01.11-12.30.10:130][  0]LogConfig: Setting CVar [[r.DepthOfFieldQuality:2]]
[2026.01.11-12.30.10:130][  0]LogConfig: Setting CVar [[r.RenderTargetPoolMin:400]]
[2026.01.11-12.30.10:130][  0]LogConfig: Setting CVar [[r.LensFlareQuality:2]]
[2026.01.11-12.30.10:130][  0]LogConfig: Setting CVar [[r.SceneColorFringeQuality:1]]
[2026.01.11-12.30.10:130][  0]LogConfig: Setting CVar [[r.EyeAdaptationQuality:2]]
[2026.01.11-12.30.10:130][  0]LogConfig: Setting CVar [[r.BloomQuality:5]]
[2026.01.11-12.30.10:130][  0]LogConfig: Setting CVar [[r.FastBlurThreshold:100]]
[2026.01.11-12.30.10:130][  0]LogConfig: Setting CVar [[r.Upscale.Quality:3]]
[2026.01.11-12.30.10:130][  0]LogConfig: Setting CVar [[r.Tonemapper.GrainQuantization:1]]
[2026.01.11-12.30.10:130][  0]LogConfig: Setting CVar [[r.LightShaftQuality:1]]
[2026.01.11-12.30.10:130][  0]LogConfig: Setting CVar [[r.Filter.SizeScale:1]]
[2026.01.11-12.30.10:130][  0]LogConfig: Setting CVar [[r.Tonemapper.Quality:5]]
[2026.01.11-12.30.10:130][  0]LogConfig: Setting CVar [[r.DOF.Gather.AccumulatorQuality:1        ; higher gathering accumulator quality]]
[2026.01.11-12.30.10:130][  0]LogConfig: Setting CVar [[r.DOF.Gather.PostfilterMethod:1          ; Median3x3 postfilering method]]
[2026.01.11-12.30.10:130][  0]LogConfig: Setting CVar [[r.DOF.Gather.EnableBokehSettings:0       ; no bokeh simulation when gathering]]
[2026.01.11-12.30.10:131][  0]LogConfig: Setting CVar [[r.DOF.Gather.RingCount:4                 ; medium number of samples when gathering]]
[2026.01.11-12.30.10:131][  0]LogConfig: Setting CVar [[r.DOF.Scatter.ForegroundCompositing:1    ; additive foreground scattering]]
[2026.01.11-12.30.10:131][  0]LogConfig: Setting CVar [[r.DOF.Scatter.BackgroundCompositing:2    ; additive background scattering]]
[2026.01.11-12.30.10:131][  0]LogConfig: Setting CVar [[r.DOF.Scatter.EnableBokehSettings:1      ; bokeh simulation when scattering]]
[2026.01.11-12.30.10:131][  0]LogConfig: Setting CVar [[r.DOF.Scatter.MaxSpriteRatio:0.1         ; only a maximum of 10% of scattered bokeh]]
[2026.01.11-12.30.10:131][  0]LogConfig: Setting CVar [[r.DOF.Recombine.Quality:1                ; cheap slight out of focus]]
[2026.01.11-12.30.10:131][  0]LogConfig: Setting CVar [[r.DOF.Recombine.EnableBokehSettings:0    ; no bokeh simulation on slight out of focus]]
[2026.01.11-12.30.10:131][  0]LogConfig: Setting CVar [[r.DOF.TemporalAAQuality:1                ; more stable temporal accumulation]]
[2026.01.11-12.30.10:131][  0]LogConfig: Setting CVar [[r.DOF.Kernel.MaxForegroundRadius:0.025]]
[2026.01.11-12.30.10:131][  0]LogConfig: Setting CVar [[r.DOF.Kernel.MaxBackgroundRadius:0.025]]
[2026.01.11-12.30.10:131][  0]LogConfig: Applying CVar settings from Section [TextureQuality@3] File [C:/Unreal Project/Monster_Shooter/Saved/Config/Windows/Scalability.ini]
[2026.01.11-12.30.10:131][  0]LogConfig: Setting CVar [[r.Streaming.MipBias:0]]
[2026.01.11-12.30.10:131][  0]LogConfig: Setting CVar [[r.Streaming.AmortizeCPUToGPUCopy:0]]
[2026.01.11-12.30.10:131][  0]LogConfig: Setting CVar [[r.Streaming.MaxNumTexturesToStreamPerFrame:0]]
[2026.01.11-12.30.10:131][  0]LogConfig: Setting CVar [[r.Streaming.Boost:1]]
[2026.01.11-12.30.10:131][  0]LogConfig: Setting CVar [[r.MaxAnisotropy:8]]
[2026.01.11-12.30.10:131][  0]LogConfig: Setting CVar [[r.VT.MaxAnisotropy:8]]
[2026.01.11-12.30.10:131][  0]LogConfig: Setting CVar [[r.Streaming.LimitPoolSizeToVRAM:0]]
[2026.01.11-12.30.10:131][  0]LogConfig: Setting CVar [[r.Streaming.PoolSize:1000]]
[2026.01.11-12.30.10:131][  0]LogConfig: Setting CVar [[r.Streaming.MaxEffectiveScreenSize:0]]
[2026.01.11-12.30.10:131][  0]LogConfig: Applying CVar settings from Section [EffectsQuality@3] File [C:/Unreal Project/Monster_Shooter/Saved/Config/Windows/Scalability.ini]
[2026.01.11-12.30.10:131][  0]LogConfig: Setting CVar [[r.TranslucencyLightingVolumeDim:64]]
[2026.01.11-12.30.10:131][  0]LogConfig: Setting CVar [[r.RefractionQuality:2]]
[2026.01.11-12.30.10:131][  0]LogConfig: Setting CVar [[r.SSR.Quality:3]]
[2026.01.11-12.30.10:131][  0]LogConfig: Setting CVar [[r.SSR.HalfResSceneColor:0]]
[2026.01.11-12.30.10:131][  0]LogConfig: Setting CVar [[r.SceneColorFormat:4]]
[2026.01.11-12.30.10:131][  0]LogConfig: Setting CVar [[r.DetailMode:2]]
[2026.01.11-12.30.10:131][  0]LogConfig: Setting CVar [[r.TranslucencyVolumeBlur:1]]
[2026.01.11-12.30.10:131][  0]LogConfig: Setting CVar [[r.MaterialQualityLevel:1 ; High quality]]
[2026.01.11-12.30.10:131][  0]LogConfig: Setting CVar [[r.AnisotropicMaterials:1]]
[2026.01.11-12.30.10:131][  0]LogConfig: Setting CVar [[r.SSS.Scale:1]]
[2026.01.11-12.30.10:131][  0]LogConfig: Setting CVar [[r.SSS.SampleSet:2]]
[2026.01.11-12.30.10:131][  0]LogConfig: Setting CVar [[r.SSS.Quality:1]]
[2026.01.11-12.30.10:131][  0]LogConfig: Setting CVar [[r.SSS.HalfRes:0]]
[2026.01.11-12.30.10:131][  0]LogConfig: Setting CVar [[r.SSGI.Quality:3]]
[2026.01.11-12.30.10:131][  0]LogConfig: Setting CVar [[r.EmitterSpawnRateScale:1.0]]
[2026.01.11-12.30.10:131][  0]LogConfig: Setting CVar [[r.ParticleLightQuality:2]]
[2026.01.11-12.30.10:131][  0]LogConfig: Setting CVar [[r.SkyAtmosphere.AerialPerspectiveLUT.FastApplyOnOpaque:1 ; Always have FastSkyLUT 1 in this case to avoid wrong sky]]
[2026.01.11-12.30.10:131][  0]LogConfig: Setting CVar [[r.SkyAtmosphere.AerialPerspectiveLUT.SampleCountMaxPerSlice:4]]
[2026.01.11-12.30.10:131][  0]LogConfig: Setting CVar [[r.SkyAtmosphere.AerialPerspectiveLUT.DepthResolution:16.0]]
[2026.01.11-12.30.10:131][  0]LogConfig: Setting CVar [[r.SkyAtmosphere.FastSkyLUT:1]]
[2026.01.11-12.30.10:131][  0]LogConfig: Setting CVar [[r.SkyAtmosphere.FastSkyLUT.SampleCountMin:4.0]]
[2026.01.11-12.30.10:131][  0]LogConfig: Setting CVar [[r.SkyAtmosphere.FastSkyLUT.SampleCountMax:128.0]]
[2026.01.11-12.30.10:131][  0]LogConfig: Setting CVar [[r.SkyAtmosphere.SampleCountMin:4.0]]
[2026.01.11-12.30.10:131][  0]LogConfig: Setting CVar [[r.SkyAtmosphere.SampleCountMax:128.0]]
[2026.01.11-12.30.10:131][  0]LogConfig: Setting CVar [[r.SkyAtmosphere.TransmittanceLUT.UseSmallFormat:0]]
[2026.01.11-12.30.10:131][  0]LogConfig: Setting CVar [[r.SkyAtmosphere.TransmittanceLUT.SampleCount:10.0]]
[2026.01.11-12.30.10:131][  0]LogConfig: Setting CVar [[r.SkyAtmosphere.MultiScatteringLUT.SampleCount:15.0]]
[2026.01.11-12.30.10:131][  0]LogConfig: Setting CVar [[r.SkyLight.RealTimeReflectionCapture:1]]
[2026.01.11-12.30.10:131][  0]LogConfig: Applying CVar settings from Section [FoliageQuality@3] File [C:/Unreal Project/Monster_Shooter/Saved/Config/Windows/Scalability.ini]
[2026.01.11-12.30.10:131][  0]LogConfig: Setting CVar [[foliage.DensityScale:1.0]]
[2026.01.11-12.30.10:131][  0]LogConfig: Setting CVar [[grass.DensityScale:1.0]]
[2026.01.11-12.30.10:131][  0]LogConfig: Applying CVar settings from Section [ShadingQuality@3] File [C:/Unreal Project/Monster_Shooter/Saved/Config/Windows/Scalability.ini]
[2026.01.11-12.30.10:131][  0]LogConfig: Setting CVar [[r.HairStrands.SkyLighting.IntegrationType:2]]
[2026.01.11-12.30.10:131][  0]LogConfig: Setting CVar [[r.HairStrands.SkyAO.SampleCount:4]]
[2026.01.11-12.30.10:131][  0]LogConfig: Setting CVar [[r.HairStrands.Visibility.MSAA.SamplePerPixel:4]]
[2026.01.11-12.30.10:131][  0]LogInit: Selected Device Profile: [Windows]
[2026.01.11-12.30.10:131][  0]LogInit: Applying CVar settings loaded from the selected device profile: [Windows]
[2026.01.11-12.30.10:131][  0]LogHAL: Display: Platform has ~ 16 GB [17058336768 / 17179869184 / 16], which maps to Larger [LargestMinGB=32, LargerMinGB=12, DefaultMinGB=8, SmallerMinGB=6, SmallestMinGB=0)
[2026.01.11-12.30.10:131][  0]LogInit: Going up to parent DeviceProfile []
[2026.01.11-12.30.10:131][  0]LogConfig: Applying CVar settings from Section [ViewDistanceQuality@3] File [C:/Unreal Project/Monster_Shooter/Saved/Config/Windows/Scalability.ini]
[2026.01.11-12.30.10:131][  0]LogConfig: Setting CVar [[r.SkeletalMeshLODBias:0]]
[2026.01.11-12.30.10:131][  0]LogConfig: Setting CVar [[r.ViewDistanceScale:1.0]]
[2026.01.11-12.30.10:131][  0]LogConfig: Applying CVar settings from Section [AntiAliasingQuality@3] File [C:/Unreal Project/Monster_Shooter/Saved/Config/Windows/Scalability.ini]
[2026.01.11-12.30.10:131][  0]LogConfig: Setting CVar [[r.PostProcessAAQuality:4]]
[2026.01.11-12.30.10:131][  0]LogConfig: Applying CVar settings from Section [ShadowQuality@3] File [C:/Unreal Project/Monster_Shooter/Saved/Config/Windows/Scalability.ini]
[2026.01.11-12.30.10:131][  0]LogConfig: Setting CVar [[r.LightFunctionQuality:1]]
[2026.01.11-12.30.10:131][  0]LogConfig: Setting CVar [[r.ShadowQuality:5]]
[2026.01.11-12.30.10:131][  0]LogConfig: Setting CVar [[r.Shadow.CSM.MaxCascades:10]]
[2026.01.11-12.30.10:131][  0]LogConfig: Setting CVar [[r.Shadow.MaxResolution:2048]]
[2026.01.11-12.30.10:131][  0]LogConfig: Setting CVar [[r.Shadow.MaxCSMResolution:2048]]
[2026.01.11-12.30.10:131][  0]LogConfig: Setting CVar [[r.Shadow.RadiusThreshold:0.01]]
[2026.01.11-12.30.10:131][  0]LogConfig: Setting CVar [[r.Shadow.DistanceScale:1.0]]
[2026.01.11-12.30.10:131][  0]LogConfig: Setting CVar [[r.Shadow.CSM.TransitionScale:1.0]]
[2026.01.11-12.30.10:132][  0]LogConfig: Setting CVar [[r.Shadow.PreShadowResolutionFactor:1.0]]
[2026.01.11-12.30.10:132][  0]LogConfig: Setting CVar [[r.DistanceFieldShadowing:1]]
[2026.01.11-12.30.10:132][  0]LogConfig: Setting CVar [[r.DistanceFieldAO:1]]
[2026.01.11-12.30.10:132][  0]LogConfig: Setting CVar [[r.AOQuality:2]]
[2026.01.11-12.30.10:132][  0]LogConfig: Setting CVar [[r.VolumetricFog:1]]
[2026.01.11-12.30.10:132][  0]LogConfig: Setting CVar [[r.VolumetricFog.GridPixelSize:8]]
[2026.01.11-12.30.10:132][  0]LogConfig: Setting CVar [[r.VolumetricFog.GridSizeZ:128]]
[2026.01.11-12.30.10:132][  0]LogConfig: Setting CVar [[r.VolumetricFog.HistoryMissSupersampleCount:4]]
[2026.01.11-12.30.10:132][  0]LogConfig: Setting CVar [[r.LightMaxDrawDistanceScale:1]]
[2026.01.11-12.30.10:132][  0]LogConfig: Setting CVar [[r.CapsuleShadows:1]]
[2026.01.11-12.30.10:132][  0]LogConfig: Applying CVar settings from Section [PostProcessQuality@3] File [C:/Unreal Project/Monster_Shooter/Saved/Config/Windows/Scalability.ini]
[2026.01.11-12.30.10:132][  0]LogConfig: Setting CVar [[r.MotionBlurQuality:4]]
[2026.01.11-12.30.10:132][  0]LogConfig: Setting CVar [[r.AmbientOcclusionMipLevelFactor:0.4]]
[2026.01.11-12.30.10:132][  0]LogConfig: Setting CVar [[r.AmbientOcclusionMaxQuality:100]]
[2026.01.11-12.30.10:132][  0]LogConfig: Setting CVar [[r.AmbientOcclusionLevels:-1]]
[2026.01.11-12.30.10:132][  0]LogConfig: Setting CVar [[r.AmbientOcclusionRadiusScale:1.0]]
[2026.01.11-12.30.10:132][  0]LogConfig: Setting CVar [[r.DepthOfFieldQuality:2]]
[2026.01.11-12.30.10:132][  0]LogConfig: Setting CVar [[r.RenderTargetPoolMin:400]]
[2026.01.11-12.30.10:132][  0]LogConfig: Setting CVar [[r.LensFlareQuality:2]]
[2026.01.11-12.30.10:132][  0]LogConfig: Setting CVar [[r.SceneColorFringeQuality:1]]
[2026.01.11-12.30.10:132][  0]LogConfig: Setting CVar [[r.EyeAdaptationQuality:2]]
[2026.01.11-12.30.10:132][  0]LogConfig: Setting CVar [[r.BloomQuality:5]]
[2026.01.11-12.30.10:132][  0]LogConfig: Setting CVar [[r.FastBlurThreshold:100]]
[2026.01.11-12.30.10:132][  0]LogConfig: Setting CVar [[r.Upscale.Quality:3]]
[2026.01.11-12.30.10:132][  0]LogConfig: Setting CVar [[r.Tonemapper.GrainQuantization:1]]
[2026.01.11-12.30.10:132][  0]LogConfig: Setting CVar [[r.LightShaftQuality:1]]
[2026.01.11-12.30.10:132][  0]LogConfig: Setting CVar [[r.Filter.SizeScale:1]]
[2026.01.11-12.30.10:132][  0]LogConfig: Setting CVar [[r.Tonemapper.Quality:5]]
[2026.01.11-12.30.10:132][  0]LogConfig: Setting CVar [[r.DOF.Gather.AccumulatorQuality:1        ; higher gathering accumulator quality]]
[2026.01.11-12.30.10:132][  0]LogConfig: Setting CVar [[r.DOF.Gather.PostfilterMethod:1          ; Median3x3 postfilering method]]
[2026.01.11-12.30.10:132][  0]LogConfig: Setting CVar [[r.DOF.Gather.EnableBokehSettings:0       ; no bokeh simulation when gathering]]
[2026.01.11-12.30.10:132][  0]LogConfig: Setting CVar [[r.DOF.Gather.RingCount:4                 ; medium number of samples when gathering]]
[2026.01.11-12.30.10:132][  0]LogConfig: Setting CVar [[r.DOF.Scatter.ForegroundCompositing:1    ; additive foreground scattering]]
[2026.01.11-12.30.10:132][  0]LogConfig: Setting CVar [[r.DOF.Scatter.BackgroundCompositing:2    ; additive background scattering]]
[2026.01.11-12.30.10:132][  0]LogConfig: Setting CVar [[r.DOF.Scatter.EnableBokehSettings:1      ; bokeh simulation when scattering]]
[2026.01.11-12.30.10:132][  0]LogConfig: Setting CVar [[r.DOF.Scatter.MaxSpriteRatio:0.1         ; only a maximum of 10% of scattered bokeh]]
[2026.01.11-12.30.10:132][  0]LogConfig: Setting CVar [[r.DOF.Recombine.Quality:1                ; cheap slight out of focus]]
[2026.01.11-12.30.10:132][  0]LogConfig: Setting CVar [[r.DOF.Recombine.EnableBokehSettings:0    ; no bokeh simulation on slight out of focus]]
[2026.01.11-12.30.10:132][  0]LogConfig: Setting CVar [[r.DOF.TemporalAAQuality:1                ; more stable temporal accumulation]]
[2026.01.11-12.30.10:132][  0]LogConfig: Setting CVar [[r.DOF.Kernel.MaxForegroundRadius:0.025]]
[2026.01.11-12.30.10:132][  0]LogConfig: Setting CVar [[r.DOF.Kernel.MaxBackgroundRadius:0.025]]
[2026.01.11-12.30.10:132][  0]LogConfig: Applying CVar settings from Section [TextureQuality@3] File [C:/Unreal Project/Monster_Shooter/Saved/Config/Windows/Scalability.ini]
[2026.01.11-12.30.10:132][  0]LogConfig: Setting CVar [[r.Streaming.MipBias:0]]
[2026.01.11-12.30.10:132][  0]LogConfig: Setting CVar [[r.Streaming.AmortizeCPUToGPUCopy:0]]
[2026.01.11-12.30.10:132][  0]LogConfig: Setting CVar [[r.Streaming.MaxNumTexturesToStreamPerFrame:0]]
[2026.01.11-12.30.10:132][  0]LogConfig: Setting CVar [[r.Streaming.Boost:1]]
[2026.01.11-12.30.10:132][  0]LogConfig: Setting CVar [[r.MaxAnisotropy:8]]
[2026.01.11-12.30.10:132][  0]LogConfig: Setting CVar [[r.VT.MaxAnisotropy:8]]
[2026.01.11-12.30.10:132][  0]LogConfig: Setting CVar [[r.Streaming.LimitPoolSizeToVRAM:0]]
[2026.01.11-12.30.10:132][  0]LogConfig: Setting CVar [[r.Streaming.PoolSize:1000]]
[2026.01.11-12.30.10:132][  0]LogConfig: Setting CVar [[r.Streaming.MaxEffectiveScreenSize:0]]
[2026.01.11-12.30.10:132][  0]LogConfig: Applying CVar settings from Section [EffectsQuality@3] File [C:/Unreal Project/Monster_Shooter/Saved/Config/Windows/Scalability.ini]
[2026.01.11-12.30.10:132][  0]LogConfig: Setting CVar [[r.TranslucencyLightingVolumeDim:64]]
[2026.01.11-12.30.10:132][  0]LogConfig: Setting CVar [[r.RefractionQuality:2]]
[2026.01.11-12.30.10:132][  0]LogConfig: Setting CVar [[r.SSR.Quality:3]]
[2026.01.11-12.30.10:132][  0]LogConfig: Setting CVar [[r.SSR.HalfResSceneColor:0]]
[2026.01.11-12.30.10:132][  0]LogConfig: Setting CVar [[r.SceneColorFormat:4]]
[2026.01.11-12.30.10:132][  0]LogConfig: Setting CVar [[r.DetailMode:2]]
[2026.01.11-12.30.10:132][  0]LogConfig: Setting CVar [[r.TranslucencyVolumeBlur:1]]
[2026.01.11-12.30.10:132][  0]LogConfig: Setting CVar [[r.MaterialQualityLevel:1 ; High quality]]
[2026.01.11-12.30.10:132][  0]LogConfig: Setting CVar [[r.AnisotropicMaterials:1]]
[2026.01.11-12.30.10:132][  0]LogConfig: Setting CVar [[r.SSS.Scale:1]]
[2026.01.11-12.30.10:132][  0]LogConfig: Setting CVar [[r.SSS.SampleSet:2]]
[2026.01.11-12.30.10:132][  0]LogConfig: Setting CVar [[r.SSS.Quality:1]]
[2026.01.11-12.30.10:132][  0]LogConfig: Setting CVar [[r.SSS.HalfRes:0]]
[2026.01.11-12.30.10:132][  0]LogConfig: Setting CVar [[r.SSGI.Quality:3]]
[2026.01.11-12.30.10:132][  0]LogConfig: Setting CVar [[r.EmitterSpawnRateScale:1.0]]
[2026.01.11-12.30.10:132][  0]LogConfig: Setting CVar [[r.ParticleLightQuality:2]]
[2026.01.11-12.30.10:132][  0]LogConfig: Setting CVar [[r.SkyAtmosphere.AerialPerspectiveLUT.FastApplyOnOpaque:1 ; Always have FastSkyLUT 1 in this case to avoid wrong sky]]
[2026.01.11-12.30.10:132][  0]LogConfig: Setting CVar [[r.SkyAtmosphere.AerialPerspectiveLUT.SampleCountMaxPerSlice:4]]
[2026.01.11-12.30.10:132][  0]LogConfig: Setting CVar [[r.SkyAtmosphere.AerialPerspectiveLUT.DepthResolution:16.0]]
[2026.01.11-12.30.10:132][  0]LogConfig: Setting CVar [[r.SkyAtmosphere.FastSkyLUT:1]]
[2026.01.11-12.30.10:132][  0]LogConfig: Setting CVar [[r.SkyAtmosphere.FastSkyLUT.SampleCountMin:4.0]]
[2026.01.11-12.30.10:132][  0]LogConfig: Setting CVar [[r.SkyAtmosphere.FastSkyLUT.SampleCountMax:128.0]]
[2026.01.11-12.30.10:132][  0]LogConfig: Setting CVar [[r.SkyAtmosphere.SampleCountMin:4.0]]
[2026.01.11-12.30.10:132][  0]LogConfig: Setting CVar [[r.SkyAtmosphere.SampleCountMax:128.0]]
[2026.01.11-12.30.10:132][  0]LogConfig: Setting CVar [[r.SkyAtmosphere.TransmittanceLUT.UseSmallFormat:0]]
[2026.01.11-12.30.10:132][  0]LogConfig: Setting CVar [[r.SkyAtmosphere.TransmittanceLUT.SampleCount:10.0]]
[2026.01.11-12.30.10:132][  0]LogConfig: Setting CVar [[r.SkyAtmosphere.MultiScatteringLUT.SampleCount:15.0]]
[2026.01.11-12.30.10:132][  0]LogConfig: Setting CVar [[r.SkyLight.RealTimeReflectionCapture:1]]
[2026.01.11-12.30.10:132][  0]LogConfig: Applying CVar settings from Section [FoliageQuality@3] File [C:/Unreal Project/Monster_Shooter/Saved/Config/Windows/Scalability.ini]
[2026.01.11-12.30.10:132][  0]LogConfig: Setting CVar [[foliage.DensityScale:1.0]]
[2026.01.11-12.30.10:132][  0]LogConfig: Setting CVar [[grass.DensityScale:1.0]]
[2026.01.11-12.30.10:132][  0]LogConfig: Applying CVar settings from Section [ShadingQuality@3] File [C:/Unreal Project/Monster_Shooter/Saved/Config/Windows/Scalability.ini]
[2026.01.11-12.30.10:133][  0]LogConfig: Setting CVar [[r.HairStrands.SkyLighting.IntegrationType:2]]
[2026.01.11-12.30.10:133][  0]LogConfig: Setting CVar [[r.HairStrands.SkyAO.SampleCount:4]]
[2026.01.11-12.30.10:133][  0]LogConfig: Setting CVar [[r.HairStrands.Visibility.MSAA.SamplePerPixel:4]]
[2026.01.11-12.30.10:133][  0]LogConfig: Applying CVar settings from Section [Startup] File [../../../Engine/Config/ConsoleVariables.ini]
[2026.01.11-12.30.10:133][  0]LogConfig: Setting CVar [[net.UseAdaptiveNetUpdateFrequency:0]]
[2026.01.11-12.30.10:133][  0]LogConfig: Setting CVar [[p.chaos.AllowCreatePhysxBodies:1]]
[2026.01.11-12.30.10:133][  0]LogConfig: Setting CVar [[fx.SkipVectorVMBackendOptimizations:1]]
[2026.01.11-12.30.10:133][  0]LogConfig: Applying CVar settings from Section [ConsoleVariables] File [C:/Unreal Project/Monster_Shooter/Saved/Config/Windows/Engine.ini]
[2026.01.11-12.30.10:133][  0]LogConfig: Applying CVar settings from Section [ConsoleVariables] File [C:/Unreal Project/Monster_Shooter/Saved/Config/Windows/Editor.ini]
[2026.01.11-12.30.10:133][  0]LogInit: Computer: MILAPTOP
[2026.01.11-12.30.10:133][  0]LogInit: User: artem
[2026.01.11-12.30.10:133][  0]LogInit: CPU Page size=4096, Cores=4
[2026.01.11-12.30.10:133][  0]LogInit: High frequency timer resolution =10.000000 MHz
[2026.01.11-12.30.10:133][  0]LogMemory: Memory total: Physical=15.9GB (16GB approx)
[2026.01.11-12.30.10:133][  0]LogMemory: Platform Memory Stats for Windows
[2026.01.11-12.30.10:133][  0]LogMemory: Process Physical Memory: 144.59 MB used, 144.59 MB peak
[2026.01.11-12.30.10:133][  0]LogMemory: Process Virtual Memory: 111.73 MB used, 111.73 MB peak
[2026.01.11-12.30.10:133][  0]LogMemory: Physical Memory: 9662.79 MB used,  6605.30 MB free, 16268.10 MB total
[2026.01.11-12.30.10:133][  0]LogMemory: Virtual Memory: 134212760.00 MB used,  4968.12 MB free, 134217728.00 MB total
[2026.01.11-12.30.10:140][  0]LogWindows: WindowsPlatformFeatures enabled
[2026.01.11-12.30.10:194][  0]LogInit: Physics initialised using underlying interface: PhysX
[2026.01.11-12.30.10:195][  0]LogInit: Using OS detected language (ru-RU).
[2026.01.11-12.30.10:195][  0]LogInit: Using OS detected locale (ru-RU).
[2026.01.11-12.30.10:198][  0]LogTextLocalizationManager: No specific localization for 'ru-RU' exists, so the 'ru' localization will be used.
[2026.01.11-12.30.10:198][  0]LogTextLocalizationResource: LocRes '../../../Engine/Content/Localization/Editor/ru/Editor.locres' could not be opened for reading!
[2026.01.11-12.30.10:198][  0]LogTextLocalizationResource: LocRes '../../../Engine/Content/Localization/EditorTutorials/ru/EditorTutorials.locres' could not be opened for reading!
[2026.01.11-12.30.10:198][  0]LogTextLocalizationResource: LocRes '../../../Engine/Content/Localization/Keywords/ru/Keywords.locres' could not be opened for reading!
[2026.01.11-12.30.10:198][  0]LogTextLocalizationResource: LocRes '../../../Engine/Content/Localization/Category/ru/Category.locres' could not be opened for reading!
[2026.01.11-12.30.10:198][  0]LogTextLocalizationResource: LocRes '../../../Engine/Content/Localization/ToolTips/ru/ToolTips.locres' could not be opened for reading!
[2026.01.11-12.30.10:198][  0]LogTextLocalizationResource: LocRes '../../../Engine/Content/Localization/PropertyNames/ru/PropertyNames.locres' could not be opened for reading!
[2026.01.11-12.30.10:198][  0]LogTextLocalizationResource: LocRes '../../../Engine/Content/Localization/Engine/ru/Engine.locres' could not be opened for reading!
[2026.01.11-12.30.10:199][  0]LogInit: Setting process to per monitor DPI aware
[2026.01.11-12.30.10:215][  0]LogWindowsTextInputMethodSystem: Display: IME system deactivated.
[2026.01.11-12.30.10:227][  0]LogSlate: New Slate User Created.  User Index 0, Is Virtual User: 0
[2026.01.11-12.30.10:227][  0]LogSlate: Slate User Registered.  User Index 0, Is Virtual User: 0
[2026.01.11-12.30.10:479][  0]LogD3D11RHI: Loaded GFSDK_Aftermath_Lib.x64.dll
[2026.01.11-12.30.10:591][  0]LogHMD: Failed to initialize OpenVR with code 110
[2026.01.11-12.30.10:591][  0]LogD3D11RHI: D3D11 min allowed feature level: 11_0
[2026.01.11-12.30.10:591][  0]LogD3D11RHI: D3D11 max allowed feature level: 11_0
[2026.01.11-12.30.10:591][  0]LogD3D11RHI: D3D11 adapters:
[2026.01.11-12.30.10:756][  0]LogD3D11RHI:    0. 'NVIDIA GeForce MX150' (Feature Level 11_0)
[2026.01.11-12.30.10:756][  0]LogD3D11RHI:       1968/0/8134 MB DedicatedVideo/DedicatedSystem/SharedSystem, Outputs:1, VendorId:0x10de
[2026.01.11-12.30.10:770][  0]LogD3D11RHI:    1. 'Intel(R) UHD Graphics 620' (Feature Level 11_0)
[2026.01.11-12.30.10:770][  0]LogD3D11RHI:       128/0/8134 MB DedicatedVideo/DedicatedSystem/SharedSystem, Outputs:0, VendorId:0x8086
[2026.01.11-12.30.10:773][  0]LogD3D11RHI:    2. 'Microsoft Basic Render Driver' (Feature Level 11_0)
[2026.01.11-12.30.10:774][  0]LogD3D11RHI:       0/0/8134 MB DedicatedVideo/DedicatedSystem/SharedSystem, Outputs:0, VendorId:0x1414
[2026.01.11-12.30.10:774][  0]LogD3D11RHI: Chosen D3D11 Adapter:
[2026.01.11-12.30.10:774][  0]LogD3D11RHI:     Description : NVIDIA GeForce MX150
[2026.01.11-12.30.10:774][  0]LogD3D11RHI:     VendorId    : 10de
[2026.01.11-12.30.10:774][  0]LogD3D11RHI:     DeviceId    : 1d12
[2026.01.11-12.30.10:774][  0]LogD3D11RHI:     SubSysId    : 17011d72
[2026.01.11-12.30.10:774][  0]LogD3D11RHI:     Revision    : 00a1
[2026.01.11-12.30.10:774][  0]LogD3D11RHI:     DedicatedVideoMemory : 2064052224 bytes
[2026.01.11-12.30.10:774][  0]LogD3D11RHI:     DedicatedSystemMemory : 0 bytes
[2026.01.11-12.30.10:774][  0]LogD3D11RHI:     SharedSystemMemory : 8529168384 bytes
[2026.01.11-12.30.10:774][  0]LogD3D11RHI:     AdapterLuid : 0 56890
[2026.01.11-12.30.10:778][  0]LogD3D11RHI: Creating new Direct3DDevice
[2026.01.11-12.30.10:779][  0]LogD3D11RHI:     GPU DeviceId: 0x1d12 (for the marketing name, search the web for "GPU Device Id")
[2026.01.11-12.30.10:779][  0]LogWindows: EnumDisplayDevices:
[2026.01.11-12.30.10:779][  0]LogWindows:    0. 'Intel(R) UHD Graphics 620' (P:1 D:1)
[2026.01.11-12.30.10:779][  0]LogWindows:    1. 'Intel(R) UHD Graphics 620' (P:0 D:0)
[2026.01.11-12.30.10:779][  0]LogWindows:    2. 'Intel(R) UHD Graphics 620' (P:0 D:0)
[2026.01.11-12.30.10:780][  0]LogWindows: DebugString: PrimaryIsNotTheChoosenAdapter PrimaryIsNotTheChoosenAdapter PrimaryIsNotTheChoosenAdapter FoundDriverCount:0 
[2026.01.11-12.30.10:780][  0]LogD3D11RHI:     Adapter Name: NVIDIA GeForce MX150
[2026.01.11-12.30.10:780][  0]LogD3D11RHI:   Driver Version: Unknown (internal:Unknown, unified:Unknown)
[2026.01.11-12.30.10:780][  0]LogD3D11RHI:      Driver Date: Unknown
[2026.01.11-12.30.10:780][  0]LogRHI: Texture pool is 1377 MB (70% of 1968 MB)
[2026.01.11-12.30.10:780][  0]LogD3D11RHI: Creating D3DDevice using adapter:
[2026.01.11-12.30.10:780][  0]LogD3D11RHI:     Description : NVIDIA GeForce MX150
[2026.01.11-12.30.10:780][  0]LogD3D11RHI:     VendorId    : 10de
[2026.01.11-12.30.10:780][  0]LogD3D11RHI:     DeviceId    : 1d12
[2026.01.11-12.30.10:780][  0]LogD3D11RHI:     SubSysId    : 17011d72
[2026.01.11-12.30.10:780][  0]LogD3D11RHI:     Revision    : 00a1
[2026.01.11-12.30.10:780][  0]LogD3D11RHI:     DedicatedVideoMemory : 2064052224 bytes
[2026.01.11-12.30.10:780][  0]LogD3D11RHI:     DedicatedSystemMemory : 0 bytes
[2026.01.11-12.30.10:780][  0]LogD3D11RHI:     SharedSystemMemory : 8529168384 bytes
[2026.01.11-12.30.10:780][  0]LogD3D11RHI:     AdapterLuid : 0 56890
[2026.01.11-12.30.10:892][  0]LogD3D11RHI: RHI has support for 64 bit atomics
[2026.01.11-12.30.10:892][  0]LogD3D11RHI: Async texture creation enabled
[2026.01.11-12.30.10:892][  0]LogD3D11RHI: Array index from any shader is supported
[2026.01.11-12.30.10:909][  0]LogD3D11RHI: GPU Timing Frequency: 1000.000000 (Debug: 2 1)
[2026.01.11-12.30.10:953][  0]LogRHI: GeForceNow SDK initialized: 1
[2026.01.11-12.30.11:282][  0]LogTargetPlatformManager: Display: Loaded TargetPlatform 'AllDesktop'
[2026.01.11-12.30.11:308][  0]LogTargetPlatformManager: Display: Loaded TargetPlatform 'Android'
[2026.01.11-12.30.11:308][  0]LogTargetPlatformManager: Display: Loaded TargetPlatform 'Android_ASTC'
[2026.01.11-12.30.11:308][  0]LogTargetPlatformManager: Display: Loaded TargetPlatform 'Android_DXT'
[2026.01.11-12.30.11:308][  0]LogTargetPlatformManager: Display: Loaded TargetPlatform 'Android_ETC2'
[2026.01.11-12.30.11:308][  0]LogTargetPlatformManager: Display: Loaded TargetPlatform 'AndroidClient'
[2026.01.11-12.30.11:308][  0]LogTargetPlatformManager: Display: Loaded TargetPlatform 'Android_ASTCClient'
[2026.01.11-12.30.11:308][  0]LogTargetPlatformManager: Display: Loaded TargetPlatform 'Android_DXTClient'
[2026.01.11-12.30.11:308][  0]LogTargetPlatformManager: Display: Loaded TargetPlatform 'Android_ETC2Client'
[2026.01.11-12.30.11:308][  0]LogTargetPlatformManager: Display: Loaded TargetPlatform 'Android_Multi'
[2026.01.11-12.30.11:308][  0]LogTargetPlatformManager: Display: Loaded TargetPlatform 'Android_MultiClient'
[2026.01.11-12.30.11:330][  0]LogTargetPlatformManager: Display: Loaded TargetPlatform 'IOSClient'
[2026.01.11-12.30.11:330][  0]LogTargetPlatformManager: Display: Loaded TargetPlatform 'IOS'
[2026.01.11-12.30.11:341][  0]LogTargetPlatformManager: Display: Loaded TargetPlatform 'Linux'
[2026.01.11-12.30.11:348][  0]LogTargetPlatformManager: Display: Loaded TargetPlatform 'LinuxNoEditor'
[2026.01.11-12.30.11:358][  0]LogTargetPlatformManager: Display: Loaded TargetPlatform 'LinuxClient'
[2026.01.11-12.30.11:367][  0]LogTargetPlatformManager: Display: Loaded TargetPlatform 'LinuxServer'
[2026.01.11-12.30.11:385][  0]LogTargetPlatformManager: Display: Loaded TargetPlatform 'LinuxAArch64NoEditor'
[2026.01.11-12.30.11:393][  0]LogTargetPlatformManager: Display: Loaded TargetPlatform 'LinuxAArch64Client'
[2026.01.11-12.30.11:403][  0]LogTargetPlatformManager: Display: Loaded TargetPlatform 'LinuxAArch64Server'
[2026.01.11-12.30.11:442][  0]LogTargetPlatformManager: Display: Loaded TargetPlatform 'Lumin'
[2026.01.11-12.30.11:442][  0]LogTargetPlatformManager: Display: Loaded TargetPlatform 'LuminClient'
[2026.01.11-12.30.11:458][  0]LogTargetPlatformManager: Display: Loaded TargetPlatform 'MacNoEditor'
[2026.01.11-12.30.11:468][  0]LogTargetPlatformManager: Display: Loaded TargetPlatform 'Mac'
[2026.01.11-12.30.11:475][  0]LogTargetPlatformManager: Display: Loaded TargetPlatform 'MacClient'
[2026.01.11-12.30.11:484][  0]LogTargetPlatformManager: Display: Loaded TargetPlatform 'MacServer'
[2026.01.11-12.30.11:504][  0]LogTargetPlatformManager: Display: Loaded TargetPlatform 'TVOSClient'
[2026.01.11-12.30.11:504][  0]LogTargetPlatformManager: Display: Loaded TargetPlatform 'TVOS'
[2026.01.11-12.30.11:520][  0]LogTargetPlatformManager: Display: Loaded TargetPlatform 'WindowsNoEditor'
[2026.01.11-12.30.11:526][  0]LogTargetPlatformManager: Display: Loaded TargetPlatform 'Windows'
[2026.01.11-12.30.11:535][  0]LogTargetPlatformManager: Display: Loaded TargetPlatform 'WindowsClient'
[2026.01.11-12.30.11:543][  0]LogTargetPlatformManager: Display: Loaded TargetPlatform 'WindowsServer'
[2026.01.11-12.30.11:543][  0]LogTargetPlatformManager: Display: Building Assets For Windows
[2026.01.11-12.30.11:562][  0]LogAudioDebug: Display: Lib vorbis DLL was dynamically loaded.
[2026.01.11-12.30.11:608][  0]LogTextureFormatOodle: Display: Oodle Texture 2.9.0 init RDO Off
[2026.01.11-12.30.11:663][  0]LogRendererCore: Ray tracing is disabled. Reason: r.RayTracing=0.
[2026.01.11-12.30.11:663][  0]LogShaderCompilers: Guid format shader working directory is 13 characters bigger than the processId version (C:/Unreal Project/Monster_Shooter/Intermediate/Shaders/WorkingDirectory/7080/).
[2026.01.11-12.30.11:663][  0]LogShaderCompilers: Cleaned the shader compiler working directory 'C:/Users/artem/AppData/Local/Temp/UnrealShaderWorkingDir/0056C0854CA91591C89221970B8FFB97/'.
[2026.01.11-12.30.11:663][  0]LogXGEController: Cannot use XGE Controller as Incredibuild is not installed on this machine.
[2026.01.11-12.30.11:663][  0]LogShaderCompilers: Cannot use XGE Shader Compiler as Incredibuild is not installed on this machine.
[2026.01.11-12.30.11:663][  0]LogShaderCompilers: Display: Using Local Shader Compiler.
[2026.01.11-12.30.12:559][  0]LogDerivedDataCache: Display: Max Cache Size: 512 MB
[2026.01.11-12.30.12:630][  0]LogDerivedDataCache: Loaded boot cache 0.07s 99MB C:/Users/artem/AppData/Local/UnrealEngine/4.27/DerivedDataCache/Boot.ddc.
[2026.01.11-12.30.12:630][  0]LogDerivedDataCache: Display: Loaded Boot cache: C:/Users/artem/AppData/Local/UnrealEngine/4.27/DerivedDataCache/Boot.ddc
[2026.01.11-12.30.12:630][  0]LogDerivedDataCache: FDerivedDataBackendGraph:  Pak pak cache file C:/Unreal Project/Monster_Shooter/DerivedDataCache/DDC.ddp not found, will not use a pak cache.
[2026.01.11-12.30.12:630][  0]LogDerivedDataCache: Unable to find inner node Pak for hierarchical cache Hierarchy.
[2026.01.11-12.30.12:630][  0]LogDerivedDataCache: FDerivedDataBackendGraph:  CompressedPak pak cache file C:/Unreal Project/Monster_Shooter/DerivedDataCache/Compressed.ddp not found, will not use a pak cache.
[2026.01.11-12.30.12:630][  0]LogDerivedDataCache: Unable to find inner node CompressedPak for hierarchical cache Hierarchy.
[2026.01.11-12.30.12:650][  0]LogDerivedDataCache: Display: Pak cache opened for reading ../../../Engine/DerivedDataCache/Compressed.ddp.
[2026.01.11-12.30.12:650][  0]LogDerivedDataCache: FDerivedDataBackendGraph:  EnterprisePak pak cache file ../../../Enterprise/DerivedDataCache/Compressed.ddp not found, will not use a pak cache.
[2026.01.11-12.30.12:650][  0]LogDerivedDataCache: Unable to find inner node EnterprisePak for hierarchical cache Hierarchy.
[2026.01.11-12.30.12:659][  0]LogDerivedDataCache: Speed tests for C:/Users/artem/AppData/Local/UnrealEngine/Common/DerivedDataCache took 0.01 seconds
[2026.01.11-12.30.12:659][  0]LogDerivedDataCache: Display: Performance to C:/Users/artem/AppData/Local/UnrealEngine/Common/DerivedDataCache: Latency=0.03ms. RandomReadSpeed=723.83MBs, RandomWriteSpeed=136.40MBs. Assigned SpeedClass 'Local'
[2026.01.11-12.30.12:660][  0]LogDerivedDataCache: Using Local data cache path C:/Users/artem/AppData/Local/UnrealEngine/Common/DerivedDataCache: Writable
[2026.01.11-12.30.12:660][  0]LogDerivedDataCache: Shared data cache path not found in *engine.ini, will not use an Shared cache.
[2026.01.11-12.30.12:660][  0]LogDerivedDataCache: Unable to find inner node Shared for hierarchical cache Hierarchy.
[2026.01.11-12.30.12:720][  0]LogSlate: Using FreeType 2.10.0
[2026.01.11-12.30.12:721][  0]LogSlate: SlateFontServices - WITH_FREETYPE: 1, WITH_HARFBUZZ: 1
[2026.01.11-12.30.12:753][  0]LogAssetRegistry: FAssetRegistry took 0.0026 seconds to start up
[2026.01.11-12.30.13:072][  0]LogInit: Selected Device Profile: [Windows]
[2026.01.11-12.30.13:072][  0]LogInit: Active device profile: [00000130E4C32B00][00000130D9CFAD40 49] Windows
[2026.01.11-12.30.13:072][  0]LogInit: Profiles: [00000130E4C32B00][00000130D9CFAD40 49] Windows, [00000130E4BC0B00][00000130E0AA6EC0 49] WindowsNoEditor, [00000130E4C31200][00000130E0A37040 49] WindowsServer, [00000130E4BC2200][00000130E30CF1C0 49] WindowsClient, [00000130E4BAFF00][00000130E0A11340 49] IOS, [00000130E4C31300][00000130E0A154C0 49] iPadAir, [00000130E4BC0200][00000130E0A19640 49] iPadAir2, [00000130E4B70E00][00000130E0A21900 49] IPadPro, [00000130E4B70F00][00000130E0A1D940 49] iPadAir3, [00000130E4BAE300][00000130E0A25AC0 49] iPadAir4, [00000130E4B72000][00000130E0A280C0 49] iPadMini2, [00000130E4BAEA00][00000130E0A2C240 49] iPadMini3, [00000130E4B72C00][00000130E0A303C0 49] iPadMini4, [00000130E4BAF400][00000130E3672540 49] iPadMini5, [00000130E4C31000][00000130E3676780 49] iPhone6, [00000130E4C32200][00000130E0AA27C0 49] iPodTouch6, [00000130E4BC1500][00000130E3682A40 49] iPhone7, [00000130E4BC1600][00000130E367AA80 49] iPodTouch7, [00000130E4B70D00][00000130E3686C00 49] iPhone5S, [00000130E4BC0A00][00000130E368AD80 49] iPhone6Plus, [00000130E4B70200][00000130E368EF00 49] iPhone6S, [00000130E4BC1100][00000130E3693080 49] iPhone6SPlus, [00000130E4B71C00][00000130E3697200 49] iPhone7Plus, [00000130E4BC1700][00000130E369B380 49] iPhoneSE, [00000130E4B71800][00000130E369F500 49] iPhone8, [00000130E4BC2100][00000130E36A3680 49] iPhone8Plus, [00000130E4B71B00][00000130E36A7800 49] iPhoneX, [00000130E4BC0300][00000130E36AB980 49] iPhoneXS, [00000130E4C31900][00000130E36AFB00 49] iPhoneXSMax, [00000130E4BC0700][00000130E36B2100 49] iPhoneXR, [00000130E4C30B00][00000130E36B6280 49] iPhone11, [00000130E4BC2600][00000130E36BA400 49] iPhone11Pro, [00000130E4C31E00][00000130E36BE580 49] iPhone11ProMax, [00000130E4BC0E00][00000130E36C2700 49] iPhoneSE2, [00000130E4C32F00][00000130E367E840 49] iPhone12Mini, [00000130E4BC1800][00000130E36C6980 49] iPhone12, [00000130E4C30100][00000130E36CAAC0 49] iPhone12Pro, [00000130E4BC2900][00000130E36D2C40 49] iPhone12ProMax, [00000130E4C31800][00000130E36D6DC0 49] iPadPro105, [00000130E4BC3800][00000130E36DAF40 49] iPadPro129, [00000130E4C30A00][00000130E36DF0C0 49] iPadPro97, [00000130E4BC1F00][00000130E36E3240 49] iPadPro2_129, [00000130E4C32900][00000130E36E73C0 49] iPad5, [00000130E4BC3900][00000130E36EB540 49] iPad6, [00000130E4C32A00][00000130E36EF6C0 49] iPad7, [00000130E4BC0D00][00000130E2F4F840 49] iPad8, [00000130E4C32100][00000130E2F539C0 49] iPadPro11, [00000130E4BC0900][00000130E2F57B40 49] iPadPro2_11, [00000130E4C32D00][00000130E2F5A140 49] iPadPro3_129, [00000130E4BC1C00][00000130E2F5E2C0 49] iPadPro4_129, [00000130E4C32500][00000130E2F62440 49] AppleTV, [00000130E4BC1300][00000130E2F665C0 49] AppleTV4K, [00000130E4C30D00][00000130E2F6A740 49] TVOS, [00000130E4BC1E00][00000130E2F6E8C0 49] Mac, [00000130E4C32300][00000130E36CEA00 49] MacClient, [00000130E4BC3A00][00000130E2F72B40 49] MacNoEditor, [00000130E4C32400][00000130E2F76C80 49] MacServer, [00000130E4BC2E00][00000130E2F7ADC0 49] Linux, [00000130E4C31700][00000130E2F82F40 49] LinuxAArch64, [00000130E4BC3E00][00000130E2F870C0 49] LinuxNoEditor, [00000130E4C31500][00000130E2F8B240 49] LinuxAArch64NoEditor, [00000130E4BC2A00][00000130E2F8F3C0 49] LinuxClient, [00000130E4C31400][00000130E2F93540 49] LinuxAArch64Client, [00000130E4BC2F00][00000130E2F976C0 49] LinuxServer, [00000130E4C32700][00000130E2F9B840 49] LinuxAArch64Server, [00000130E4BC2D00][00000130E2F9F9C0 49] Android, [00000130E4C30200][00000130E2FA3B40 49] Android_Low, [00000130E4BAFC00][00000130E2FA6140 49] Android_Mid, [00000130E4B73200][00000130E2FAA2C0 49] Android_High, [00000130E4BAC900][00000130E2FAE440 49] Android_Default, [00000130E4B71F00][00000130E2FB25C0 49] Android_Adreno4xx, [00000130E4BAD200][00000130E2FB6740 49] Android_Adreno5xx_Low, [00000130E4B73D00][00000130E2FBA8C0 49] Android_Adreno5xx, [00000130E4BACA00][00000130E2FBEA40 49] Android_Adreno6xx, [00000130E4B72800][00000130E2F7EB80 49] Android_Adreno6xx_Vulkan, [00000130E4BAEB00][00000130E2FC2CC0 49] Android_Mali_T6xx, [00000130E4B72500][00000130E2FC6E00 49] Android_Mali_T7xx, [00000130E4BAC100][00000130E2FCAF40 49] Android_Mali_T8xx, [00000130E4B71100][00000130E2FD30C0 49] Android_Mali_G71, [00000130E4BAFD00][00000130E2FD7240 49] Android_Mali_G72, [00000130E4B73800][00000130E2FDB3C0 49] Android_Mali_G72_Vulkan, [00000130E4BAF900][00000130E2FDF540 49] Android_Mali_G76, [00000130E4B72F00][00000130E2FE36C0 49] Android_Mali_G76_Vulkan, [00000130E4BADE00][00000130E3109840 49] Android_Mali_G77, [00000130E4B72100][00000130E310D9C0 49] Android_Mali_G77_Vulkan, [00000130E4BAD800][00000130E3111B40 49] Android_Mali_G78, [00000130E4B70500][00000130E3114140 49] Android_Mali_G78_Vulkan, [00000130E4BAFB00][00000130E31182C0 49] Android_Mali_G710, [00000130E4B70900][00000130E311C440 49] Android_Mali_G710_Vulkan, [00000130E4BAE800][00000130E31205C0 49] Android_Vulkan_SM5, [00000130E4B70B00][00000130E3124740 49] Android_PowerVR_G6xxx, [00000130E4BAF100][00000130E31288C0 49] Android_PowerVR_GT7xxx, [00000130E4B71900][00000130E312CA40 49] Android_PowerVR_GE8xxx, [00000130E4BAC600][00000130E3130BC0 49] Android_PowerVR_GM9xxx, [00000130E4B71300][00000130E3134D40 49] Android_PowerVR_GM9xxx_Vulkan, [00000130E4BAEE00][00000130E2FCEE80 49] Android_TegraK1, [00000130E4B70800][00000130E3138FC0 49] Android_Unknown_Vulkan, [00000130E4BAE400][00000130E313D100 49] Lumin, [00000130E4B72200][00000130D9C83280 49] Lumin_Desktop, [00000130E4BAC500][00000130D9C87400 49] HoloLens, 
[2026.01.11-12.30.13:239][  0]LogMeshReduction: Using QuadricMeshReduction for automatic static mesh reduction
[2026.01.11-12.30.13:239][  0]LogMeshReduction: Using SimplygonMeshReduction for automatic skeletal mesh reduction
[2026.01.11-12.30.13:239][  0]LogMeshReduction: Using ProxyLODMeshReduction for automatic mesh merging
[2026.01.11-12.30.13:239][  0]LogMeshReduction: No distributed automatic mesh merging module available
[2026.01.11-12.30.13:239][  0]LogMeshMerging: No distributed automatic mesh merging module available
[2026.01.11-12.30.13:257][  0]LogNetVersion: Monster_Shooter 1.0.0, NetCL: 17155196, EngineNetVer: 17, GameNetVer: 0 (Checksum: 3797625731)
[2026.01.11-12.30.13:780][  0]LogTexture: Default maximum texture size for cubemaps generated from long-lat sources has been changed from 512 to unlimited. In order to preserve old behaiour for '/Engine/MapTemplates/Sky/DaylightAmbientCubemap.DaylightAmbientCubemap', its maximum texture size has been explicitly set to 512.
[2026.01.11-12.30.13:844][  0]LogHMD: PokeAHoleMaterial loaded successfully
[2026.01.11-12.30.13:849][  0]LogUObjectArray: 17178 objects as part of root set at end of initial load.
[2026.01.11-12.30.13:849][  0]LogUObjectAllocator: 4302048 out of 0 bytes used by permanent object pool.
[2026.01.11-12.30.13:849][  0]LogUObjectArray: CloseDisregardForGC: 0/0 objects in disregard for GC pool
[2026.01.11-12.30.14:168][  0]LogNiagaraDebuggerClient: Niagara Debugger Client Initialized | Session: AA9AB1614E70C79B747385B9E0EAC676 | Instance: BAD237774EA660D833FDA6B881B796B7 (MILAPTOP-7080).
[2026.01.11-12.30.14:208][  0]LogPython: Using Python 3.7.7
[2026.01.11-12.30.14:946][  0]LogTcpMessaging: Initializing TcpMessaging bridge
[2026.01.11-12.30.14:951][  0]LogUdpMessaging: Initializing bridge on interface 0.0.0.0:0 to multicast group 230.0.0.1:6666.
[2026.01.11-12.30.15:622][  0]LogLinker: Warning: Failed to load '/Game/FirstPersonBP/FirstPersonOverview': Can't find file.
[2026.01.11-12.30.15:623][  0]LogLinker: Warning: Failed to load '/Game/FirstPersonBP/FirstPersonOverview': Can't find file.
[2026.01.11-12.30.15:623][  0]LogUObjectGlobals: Warning: Failed to find object 'Class /Game/FirstPersonBP/FirstPersonOverview.FirstPersonOverview_C'
[2026.01.11-12.30.15:718][  0]SourceControl: Source control is disabled
[2026.01.11-12.30.15:718][  0]SourceControl: Source control is disabled
[2026.01.11-12.30.15:723][  0]SourceControl: Source control is disabled
[2026.01.11-12.30.15:726][  0]SourceControl: Source control is disabled
[2026.01.11-12.30.15:737][  0]SourceControl: Source control is disabled
[2026.01.11-12.30.15:744][  0]LogUProjectInfo: Found projects:
[2026.01.11-12.30.15:994][  0]LogOpenImageDenoise: OIDN starting up
[2026.01.11-12.30.16:042][  0]LogAndroidPermission: UAndroidPermissionCallbackProxy::GetInstance
[2026.01.11-12.30.16:070][  0]LogAudioCaptureCore: Display: No Audio Capture implementations found. Audio input will be silent.
[2026.01.11-12.30.16:070][  0]LogAudioCaptureCore: Display: No Audio Capture implementations found. Audio input will be silent.
[2026.01.11-12.30.16:220][  0]LogCollectionManager: Loaded 0 collections in 0.000875 seconds
[2026.01.11-12.30.16:246][  0]LogFileCache: Scanning file cache for directory 'C:/Unreal Project/Monster_Shooter/Saved/Collections/' took 0.00s
[2026.01.11-12.30.16:246][  0]LogFileCache: Scanning file cache for directory 'C:/Unreal Project/Monster_Shooter/Content/Developers/artem/Collections/' took 0.00s
[2026.01.11-12.30.16:247][  0]LogFileCache: Scanning file cache for directory 'C:/Unreal Project/Monster_Shooter/Content/Collections/' took 0.00s
[2026.01.11-12.30.16:247][  0]LogOcInput: OculusInput pre-init called
[2026.01.11-12.30.16:537][  0]LogEngine: Initializing Engine...
[2026.01.11-12.30.16:539][  0]LogHMD: Failed to enumerate extensions. Please check that you have a valid OpenXR runtime installed.
[2026.01.11-12.30.16:540][  0]LogHMD: Failed to initialize OpenVR with code 110
[2026.01.11-12.30.16:540][  0]LogMagicLeap: Warning: VR disabled because ZI is not enabled.  To enable, in the editor, Edit -> Project Settings -> Plugins -> Magic Leap Plugin -> Enable Zero Iteration
[2026.01.11-12.30.16:541][  0]LogStats: UGameplayTagsManager::InitializeManager -  0.000 s
[2026.01.11-12.30.16:715][  0]LogInit: Initializing FReadOnlyCVARCache
[2026.01.11-12.30.16:724][  0]LogAIModule: Creating AISystem for world Untitled
[2026.01.11-12.30.16:725][  0]LogAudio: Display: Initializing Audio Device Manager...
[2026.01.11-12.30.16:729][  0]LogAudio: Display: Loading Default Audio Settings Objects...
[2026.01.11-12.30.16:729][  0]LogAudio: Display: No default SoundConcurrencyObject specified (or failed to load).
[2026.01.11-12.30.16:730][  0]LogAudio: Display: Audio Device Manager Initialized
[2026.01.11-12.30.16:730][  0]LogAudio: Display: Creating Audio Device:                 Id: 1, Scope: Shared, Realtime: True
[2026.01.11-12.30.16:730][  0]LogAudioMixer: Display: Audio Mixer Platform Settings:
[2026.01.11-12.30.16:730][  0]LogAudioMixer: Display: 	Sample Rate:						  48000
[2026.01.11-12.30.16:730][  0]LogAudioMixer: Display: 	Callback Buffer Frame Size Requested: 1024
[2026.01.11-12.30.16:730][  0]LogAudioMixer: Display: 	Callback Buffer Frame Size To Use:	  1024
[2026.01.11-12.30.16:730][  0]LogAudioMixer: Display: 	Number of buffers to queue:			  2
[2026.01.11-12.30.16:730][  0]LogAudioMixer: Display: 	Max Channels (voices):				  32
[2026.01.11-12.30.16:730][  0]LogAudioMixer: Display: 	Number of Async Source Workers:		  0
[2026.01.11-12.30.16:730][  0]LogAudio: Display: AudioDevice MaxSources: 32
[2026.01.11-12.30.16:730][  0]LogAudio: Display: Audio Spatialization Plugin: None (built-in).
[2026.01.11-12.30.16:730][  0]LogAudio: Display: Audio Reverb Plugin: None (built-in).
[2026.01.11-12.30.16:730][  0]LogAudio: Display: Audio Occlusion Plugin: None (built-in).
[2026.01.11-12.30.16:730][  0]LogAudioMixer: Display: Initializing audio mixer.
[2026.01.11-12.30.16:749][  0]LogAudioMixer: Display: 0: FrontLeft
[2026.01.11-12.30.16:749][  0]LogAudioMixer: Display: 1: FrontRight
[2026.01.11-12.30.16:793][  0]LogAudioMixer: Display: Using Audio Device Headphones (Pixel Buds Pro (антон))
[2026.01.11-12.30.16:798][  0]LogAudioMixer: Display: Initializing Sound Submixes...
[2026.01.11-12.30.16:801][  0]LogAudioMixer: Display: Creating Master Submix 'MasterSubmixDefault'
[2026.01.11-12.30.16:801][  0]LogAudioMixer: Display: Creating Master Submix 'MasterReverbSubmixDefault'
[2026.01.11-12.30.16:802][  0]LogAudioMixer: Display: Creating Master Submix 'MasterEQSubmixDefault'
[2026.01.11-12.30.16:802][  0]LogAudioMixer: FMixerPlatformXAudio2::StartAudioStream() called
[2026.01.11-12.30.16:802][  0]LogAudioMixer: Display: Output buffers initialized: Frames=1024, Channels=2, Samples=2048
[2026.01.11-12.30.16:804][  0]LogAudioMixer: Display: Starting AudioMixerPlatformInterface::RunInternal()
[2026.01.11-12.30.16:805][  0]LogAudioMixer: Display: FMixerPlatformXAudio2::SubmitBuffer() called for the first time
[2026.01.11-12.30.16:805][  0]LogInit: FAudioDevice initialized.
[2026.01.11-12.30.16:805][  0]LogAudio: Display: Audio Device (ID: 1) registered with world 'Untitled'.
[2026.01.11-12.30.16:805][  0]LogNetVersion: Set ProjectVersion to 1.0.0.0. Version Checksum will be recalculated on next use.
[2026.01.11-12.30.16:869][  0]LogDerivedDataCache: Saved boot cache 0.07s 99MB C:/Users/artem/AppData/Local/UnrealEngine/4.27/DerivedDataCache/Boot.ddc.
[2026.01.11-12.30.16:870][  0]LogInit: Texture streaming: Enabled
[2026.01.11-12.30.16:884][  0]LogAnalytics: Display: [UEEditor.Rocket.Release] APIServer = https://datarouter.ol.epicgames.com/. AppVersion = 4.27.2-18319896+++UE4+Release-4.27
[2026.01.11-12.30.16:889][  0]LogEngineSessionManager: EngineSessionManager initialized
[2026.01.11-12.30.16:890][  0]LogEditorSessionSummary: Verbose: Initializing EditorSessionSummaryWriter for editor session tracking
[2026.01.11-12.30.16:892][  0]LogEditorSessionSummary: EditorSessionSummaryWriter initialized
[2026.01.11-12.30.16:922][  0]LogInit: Transaction tracking system initialized
[2026.01.11-12.30.16:952][  0]BlueprintLog: New page: Editor Load
[2026.01.11-12.30.17:027][  0]LocalizationService: Localization service is disabled
[2026.01.11-12.30.17:055][  0]TimingProfiler: Initialize
[2026.01.11-12.30.17:055][  0]TimingProfiler: OnSessionChanged
[2026.01.11-12.30.17:056][  0]LoadingProfiler: Initialize
[2026.01.11-12.30.17:056][  0]LoadingProfiler: OnSessionChanged
[2026.01.11-12.30.17:056][  0]NetworkingProfiler: Initialize
[2026.01.11-12.30.17:056][  0]NetworkingProfiler: OnSessionChanged
[2026.01.11-12.30.17:056][  0]MemoryProfiler: Initialize
[2026.01.11-12.30.17:056][  0]MemoryProfiler: OnSessionChanged
[2026.01.11-12.30.17:279][  0]LogCook: Display: CookSettings for Memory: MemoryMaxUsedVirtual 0MiB, MemoryMaxUsedPhysical 16384MiB, MemoryMinFreeVirtual 0MiB, MemoryMinFreePhysical 1024MiB
[2026.01.11-12.30.17:279][  0]LogCook: Display: Mobile HDR setting 1
[2026.01.11-12.30.17:350][  0]LogFileCache: Scanning file cache for directory 'C:/Unreal Project/Monster_Shooter/Content/' took 0.02s
[2026.01.11-12.30.17:775][  0]LogInit: Display: Engine is initialized. Leaving FEngineLoop::Init()
[2026.01.11-12.30.17:779][  0]SourceControl: Source control is disabled
[2026.01.11-12.30.17:779][  0]LogUnrealEdMisc: Loading editor; pre map load, took 9.329
[2026.01.11-12.30.17:779][  0]Cmd: MAP LOAD FILE="C:/Unreal Project/Monster_Shooter/Content/FirstPersonCPP/Maps/FirstPersonExampleMap.umap" TEMPLATE=0 SHOWPROGRESS=1 FEATURELEVEL=3
[2026.01.11-12.30.17:788][  0]LightingResults: New page: Lighting Build
[2026.01.11-12.30.17:790][  0]LogWorld: UWorld::CleanupWorld for Untitled, bSessionEnded=true, bCleanupResources=true
[2026.01.11-12.30.17:790][  0]LogSlate: InvalidateAllWidgets triggered.  All widgets were invalidated
[2026.01.11-12.30.17:790][  0]MapCheck: New page: Map Check
[2026.01.11-12.30.17:790][  0]LightingResults: New page: Lighting Build
[2026.01.11-12.30.17:796][  0]LogAudio: Display: Audio Device unregistered from world 'None'.
[2026.01.11-12.30.17:798][  0]LogUObjectHash: Compacting FUObjectHashTables data took   0.87ms
[2026.01.11-12.30.17:946][  0]LogTexture: Display: Building textures: DeprecatedTextureD5B55AC7496CD3FBF6154CA3715BB71F (BGRA8, 128X128)
[2026.01.11-12.30.17:958][  0]LogAudio: Display: Audio Device (ID: 1) registered with world 'FirstPersonExampleMap'.
[2026.01.11-12.30.17:959][  0]LogAIModule: Creating AISystem for world FirstPersonExampleMap
[2026.01.11-12.30.17:971][  0]LogEditorServer: Finished looking for orphan Actors (0.000 secs)
[2026.01.11-12.30.17:987][  0]LogUObjectHash: Compacting FUObjectHashTables data took   0.98ms
[2026.01.11-12.30.17:987][  0]Cmd: MAP CHECKDEP NOCLEARLOG
[2026.01.11-12.30.17:988][  0]MapCheck: Map check complete: 0 Error(s), 0 Warning(s), took 0,147ms to complete.
[2026.01.11-12.30.17:988][  0]LogFileHelpers: Loading map 'FirstPersonExampleMap' took 0.208
[2026.01.11-12.30.17:990][  0]LogUnrealEdMisc: Total Editor Startup Time, took 9.540
[2026.01.11-12.30.18:147][  0]LogSlate: Updating window title bar state: overlay mode, drag disabled, window buttons hidden, title bar hidden
[2026.01.11-12.30.18:152][  0]LogSlate: Updating window title bar state: overlay mode, drag disabled, window buttons hidden, title bar hidden
[2026.01.11-12.30.18:160][  0]LogSlate: Updating window title bar state: overlay mode, drag disabled, window buttons hidden, title bar hidden
[2026.01.11-12.30.18:167][  0]LogSlate: Updating window title bar state: overlay mode, drag disabled, window buttons hidden, title bar hidden
[2026.01.11-12.30.18:194][  0]LogNativeClassHierarchy: Verbose: Native class hierarchy populated in 0.0130 seconds. Added 3827 classes and 931 folders.
[2026.01.11-12.30.18:196][  0]LogNativeClassHierarchy: Verbose: Native class hierarchy updated for 'WidgetCarousel' in 0.0003 seconds. Added 0 classes and 0 folders.
[2026.01.11-12.30.18:221][  0]LogPakFile: PakFile PrimaryIndexSize=187
[2026.01.11-12.30.18:221][  0]LogPakFile: PakFile PathHashIndexSize=101
[2026.01.11-12.30.18:221][  0]LogPakFile: PakFile FullDirectoryIndexSize=148
[2026.01.11-12.30.18:221][  0]LogShaderLibrary: Display: ShaderCodeLibraryPakFileMountedCallback: PakFile 'D:/Program Files/Epic Games/UE_4.27/FeaturePacks/FP_FirstPerson.upack' (chunk index -1, root 'root:/') mounted
[2026.01.11-12.30.18:221][  0]LogShaderLibrary: Display: ShaderCodeLibraryPakFileMountedCallback: pending pak file info (ChunkID:-1 Root:root:/ File:D:/Program Files/Epic Games/UE_4.27/FeaturePacks/FP_FirstPerson.upack)
[2026.01.11-12.30.18:221][  0]LogPakFile: OnPakFileMounted2Time == 0.000058
[2026.01.11-12.30.18:235][  0]LogPakFile: PakFile PrimaryIndexSize=189
[2026.01.11-12.30.18:235][  0]LogPakFile: PakFile PathHashIndexSize=101
[2026.01.11-12.30.18:235][  0]LogPakFile: PakFile FullDirectoryIndexSize=152
[2026.01.11-12.30.18:235][  0]LogShaderLibrary: Display: ShaderCodeLibraryPakFileMountedCallback: PakFile 'D:/Program Files/Epic Games/UE_4.27/FeaturePacks/FP_FirstPersonBP.upack' (chunk index -1, root 'root:/') mounted
[2026.01.11-12.30.18:235][  0]LogShaderLibrary: Display: ShaderCodeLibraryPakFileMountedCallback: pending pak file info (ChunkID:-1 Root:root:/ File:D:/Program Files/Epic Games/UE_4.27/FeaturePacks/FP_FirstPersonBP.upack)
[2026.01.11-12.30.18:236][  0]LogPakFile: OnPakFileMounted2Time == 0.000052
[2026.01.11-12.30.18:245][  0]LogPakFile: PakFile PrimaryIndexSize=191
[2026.01.11-12.30.18:246][  0]LogPakFile: PakFile PathHashIndexSize=101
[2026.01.11-12.30.18:246][  0]LogPakFile: PakFile FullDirectoryIndexSize=160
[2026.01.11-12.30.18:246][  0]LogShaderLibrary: Display: ShaderCodeLibraryPakFileMountedCallback: PakFile 'D:/Program Files/Epic Games/UE_4.27/FeaturePacks/MobileStarterContent.upack' (chunk index -1, root 'root:/') mounted
[2026.01.11-12.30.18:246][  0]LogShaderLibrary: Display: ShaderCodeLibraryPakFileMountedCallback: pending pak file info (ChunkID:-1 Root:root:/ File:D:/Program Files/Epic Games/UE_4.27/FeaturePacks/MobileStarterContent.upack)
[2026.01.11-12.30.18:246][  0]LogPakFile: OnPakFileMounted2Time == 0.000043
[2026.01.11-12.30.18:254][  0]LogPakFile: PakFile PrimaryIndexSize=185
[2026.01.11-12.30.18:254][  0]LogPakFile: PakFile PathHashIndexSize=101
[2026.01.11-12.30.18:254][  0]LogPakFile: PakFile FullDirectoryIndexSize=148
[2026.01.11-12.30.18:254][  0]LogShaderLibrary: Display: ShaderCodeLibraryPakFileMountedCallback: PakFile 'D:/Program Files/Epic Games/UE_4.27/FeaturePacks/StarterContent.upack' (chunk index -1, root 'root:/') mounted
[2026.01.11-12.30.18:254][  0]LogShaderLibrary: Display: ShaderCodeLibraryPakFileMountedCallback: pending pak file info (ChunkID:-1 Root:root:/ File:D:/Program Files/Epic Games/UE_4.27/FeaturePacks/StarterContent.upack)
[2026.01.11-12.30.18:254][  0]LogPakFile: OnPakFileMounted2Time == 0.000047
[2026.01.11-12.30.18:264][  0]LogPakFile: PakFile PrimaryIndexSize=190
[2026.01.11-12.30.18:264][  0]LogPakFile: PakFile PathHashIndexSize=101
[2026.01.11-12.30.18:264][  0]LogPakFile: PakFile FullDirectoryIndexSize=154
[2026.01.11-12.30.18:264][  0]LogShaderLibrary: Display: ShaderCodeLibraryPakFileMountedCallback: PakFile 'D:/Program Files/Epic Games/UE_4.27/FeaturePacks/TP_2DSideScroller.upack' (chunk index -1, root 'root:/') mounted
[2026.01.11-12.30.18:264][  0]LogShaderLibrary: Display: ShaderCodeLibraryPakFileMountedCallback: pending pak file info (ChunkID:-1 Root:root:/ File:D:/Program Files/Epic Games/UE_4.27/FeaturePacks/TP_2DSideScroller.upack)
[2026.01.11-12.30.18:264][  0]LogPakFile: OnPakFileMounted2Time == 0.000046
[2026.01.11-12.30.18:273][  0]LogPakFile: PakFile PrimaryIndexSize=192
[2026.01.11-12.30.18:273][  0]LogPakFile: PakFile PathHashIndexSize=101
[2026.01.11-12.30.18:273][  0]LogPakFile: PakFile FullDirectoryIndexSize=158
[2026.01.11-12.30.18:273][  0]LogShaderLibrary: Display: ShaderCodeLibraryPakFileMountedCallback: PakFile 'D:/Program Files/Epic Games/UE_4.27/FeaturePacks/TP_2DSideScrollerBP.upack' (chunk index -1, root 'root:/') mounted
[2026.01.11-12.30.18:273][  0]LogShaderLibrary: Display: ShaderCodeLibraryPakFileMountedCallback: pending pak file info (ChunkID:-1 Root:root:/ File:D:/Program Files/Epic Games/UE_4.27/FeaturePacks/TP_2DSideScrollerBP.upack)
[2026.01.11-12.30.18:273][  0]LogPakFile: OnPakFileMounted2Time == 0.000047
[2026.01.11-12.30.18:282][  0]LogPakFile: PakFile PrimaryIndexSize=182
[2026.01.11-12.30.18:282][  0]LogPakFile: PakFile PathHashIndexSize=101
[2026.01.11-12.30.18:283][  0]LogPakFile: PakFile FullDirectoryIndexSize=138
[2026.01.11-12.30.18:283][  0]LogShaderLibrary: Display: ShaderCodeLibraryPakFileMountedCallback: PakFile 'D:/Program Files/Epic Games/UE_4.27/FeaturePacks/TP_Flying.upack' (chunk index -1, root 'root:/') mounted
[2026.01.11-12.30.18:283][  0]LogShaderLibrary: Display: ShaderCodeLibraryPakFileMountedCallback: pending pak file info (ChunkID:-1 Root:root:/ File:D:/Program Files/Epic Games/UE_4.27/FeaturePacks/TP_Flying.upack)
[2026.01.11-12.30.18:283][  0]LogPakFile: OnPakFileMounted2Time == 0.000067
[2026.01.11-12.30.18:293][  0]LogPakFile: PakFile PrimaryIndexSize=184
[2026.01.11-12.30.18:293][  0]LogPakFile: PakFile PathHashIndexSize=101
[2026.01.11-12.30.18:293][  0]LogPakFile: PakFile FullDirectoryIndexSize=142
[2026.01.11-12.30.18:293][  0]LogShaderLibrary: Display: ShaderCodeLibraryPakFileMountedCallback: PakFile 'D:/Program Files/Epic Games/UE_4.27/FeaturePacks/TP_FlyingBP.upack' (chunk index -1, root 'root:/') mounted
[2026.01.11-12.30.18:293][  0]LogShaderLibrary: Display: ShaderCodeLibraryPakFileMountedCallback: pending pak file info (ChunkID:-1 Root:root:/ File:D:/Program Files/Epic Games/UE_4.27/FeaturePacks/TP_FlyingBP.upack)
[2026.01.11-12.30.18:293][  0]LogPakFile: OnPakFileMounted2Time == 0.000069
[2026.01.11-12.30.18:304][  0]LogPakFile: PakFile PrimaryIndexSize=188
[2026.01.11-12.30.18:304][  0]LogPakFile: PakFile PathHashIndexSize=101
[2026.01.11-12.30.18:304][  0]LogPakFile: PakFile FullDirectoryIndexSize=150
[2026.01.11-12.30.18:304][  0]LogShaderLibrary: Display: ShaderCodeLibraryPakFileMountedCallback: PakFile 'D:/Program Files/Epic Games/UE_4.27/FeaturePacks/TP_HandheldARBP.upack' (chunk index -1, root 'root:/') mounted
[2026.01.11-12.30.18:304][  0]LogShaderLibrary: Display: ShaderCodeLibraryPakFileMountedCallback: pending pak file info (ChunkID:-1 Root:root:/ File:D:/Program Files/Epic Games/UE_4.27/FeaturePacks/TP_HandheldARBP.upack)
[2026.01.11-12.30.18:304][  0]LogPakFile: OnPakFileMounted2Time == 0.000083
[2026.01.11-12.30.18:319][  0]LogPakFile: PakFile PrimaryIndexSize=182
[2026.01.11-12.30.18:319][  0]LogPakFile: PakFile PathHashIndexSize=101
[2026.01.11-12.30.18:319][  0]LogPakFile: PakFile FullDirectoryIndexSize=138
[2026.01.11-12.30.18:319][  0]LogShaderLibrary: Display: ShaderCodeLibraryPakFileMountedCallback: PakFile 'D:/Program Files/Epic Games/UE_4.27/FeaturePacks/TP_Puzzle.upack' (chunk index -1, root 'root:/') mounted
[2026.01.11-12.30.18:319][  0]LogShaderLibrary: Display: ShaderCodeLibraryPakFileMountedCallback: pending pak file info (ChunkID:-1 Root:root:/ File:D:/Program Files/Epic Games/UE_4.27/FeaturePacks/TP_Puzzle.upack)
[2026.01.11-12.30.18:319][  0]LogPakFile: OnPakFileMounted2Time == 0.000073
[2026.01.11-12.30.18:328][  0]LogPakFile: PakFile PrimaryIndexSize=184
[2026.01.11-12.30.18:328][  0]LogPakFile: PakFile PathHashIndexSize=101
[2026.01.11-12.30.18:328][  0]LogPakFile: PakFile FullDirectoryIndexSize=142
[2026.01.11-12.30.18:328][  0]LogShaderLibrary: Display: ShaderCodeLibraryPakFileMountedCallback: PakFile 'D:/Program Files/Epic Games/UE_4.27/FeaturePacks/TP_PuzzleBP.upack' (chunk index -1, root 'root:/') mounted
[2026.01.11-12.30.18:328][  0]LogShaderLibrary: Display: ShaderCodeLibraryPakFileMountedCallback: pending pak file info (ChunkID:-1 Root:root:/ File:D:/Program Files/Epic Games/UE_4.27/FeaturePacks/TP_PuzzleBP.upack)
[2026.01.11-12.30.18:328][  0]LogPakFile: OnPakFileMounted2Time == 0.000071
[2026.01.11-12.30.18:341][  0]LogPakFile: PakFile PrimaryIndexSize=183
[2026.01.11-12.30.18:341][  0]LogPakFile: PakFile PathHashIndexSize=101
[2026.01.11-12.30.18:341][  0]LogPakFile: PakFile FullDirectoryIndexSize=140
[2026.01.11-12.30.18:341][  0]LogShaderLibrary: Display: ShaderCodeLibraryPakFileMountedCallback: PakFile 'D:/Program Files/Epic Games/UE_4.27/FeaturePacks/TP_Rolling.upack' (chunk index -1, root 'root:/') mounted
[2026.01.11-12.30.18:341][  0]LogShaderLibrary: Display: ShaderCodeLibraryPakFileMountedCallback: pending pak file info (ChunkID:-1 Root:root:/ File:D:/Program Files/Epic Games/UE_4.27/FeaturePacks/TP_Rolling.upack)
[2026.01.11-12.30.18:341][  0]LogPakFile: OnPakFileMounted2Time == 0.000045
[2026.01.11-12.30.18:350][  0]LogPakFile: PakFile PrimaryIndexSize=185
[2026.01.11-12.30.18:351][  0]LogPakFile: PakFile PathHashIndexSize=101
[2026.01.11-12.30.18:351][  0]LogPakFile: PakFile FullDirectoryIndexSize=144
[2026.01.11-12.30.18:351][  0]LogShaderLibrary: Display: ShaderCodeLibraryPakFileMountedCallback: PakFile 'D:/Program Files/Epic Games/UE_4.27/FeaturePacks/TP_RollingBP.upack' (chunk index -1, root 'root:/') mounted
[2026.01.11-12.30.18:351][  0]LogShaderLibrary: Display: ShaderCodeLibraryPakFileMountedCallback: pending pak file info (ChunkID:-1 Root:root:/ File:D:/Program Files/Epic Games/UE_4.27/FeaturePacks/TP_RollingBP.upack)
[2026.01.11-12.30.18:351][  0]LogPakFile: OnPakFileMounted2Time == 0.000061
[2026.01.11-12.30.18:360][  0]LogPakFile: PakFile PrimaryIndexSize=188
[2026.01.11-12.30.18:360][  0]LogPakFile: PakFile PathHashIndexSize=101
[2026.01.11-12.30.18:360][  0]LogPakFile: PakFile FullDirectoryIndexSize=150
[2026.01.11-12.30.18:360][  0]LogShaderLibrary: Display: ShaderCodeLibraryPakFileMountedCallback: PakFile 'D:/Program Files/Epic Games/UE_4.27/FeaturePacks/TP_SideScroller.upack' (chunk index -1, root 'root:/') mounted
[2026.01.11-12.30.18:360][  0]LogShaderLibrary: Display: ShaderCodeLibraryPakFileMountedCallback: pending pak file info (ChunkID:-1 Root:root:/ File:D:/Program Files/Epic Games/UE_4.27/FeaturePacks/TP_SideScroller.upack)
[2026.01.11-12.30.18:360][  0]LogPakFile: OnPakFileMounted2Time == 0.000064
[2026.01.11-12.30.18:371][  0]LogPakFile: PakFile PrimaryIndexSize=190
[2026.01.11-12.30.18:371][  0]LogPakFile: PakFile PathHashIndexSize=101
[2026.01.11-12.30.18:371][  0]LogPakFile: PakFile FullDirectoryIndexSize=154
[2026.01.11-12.30.18:371][  0]LogShaderLibrary: Display: ShaderCodeLibraryPakFileMountedCallback: PakFile 'D:/Program Files/Epic Games/UE_4.27/FeaturePacks/TP_SideScrollerBP.upack' (chunk index -1, root 'root:/') mounted
[2026.01.11-12.30.18:371][  0]LogShaderLibrary: Display: ShaderCodeLibraryPakFileMountedCallback: pending pak file info (ChunkID:-1 Root:root:/ File:D:/Program Files/Epic Games/UE_4.27/FeaturePacks/TP_SideScrollerBP.upack)
[2026.01.11-12.30.18:371][  0]LogPakFile: OnPakFileMounted2Time == 0.000053
[2026.01.11-12.30.18:382][  0]LogPakFile: PakFile PrimaryIndexSize=187
[2026.01.11-12.30.18:382][  0]LogPakFile: PakFile PathHashIndexSize=101
[2026.01.11-12.30.18:382][  0]LogPakFile: PakFile FullDirectoryIndexSize=148
[2026.01.11-12.30.18:382][  0]LogShaderLibrary: Display: ShaderCodeLibraryPakFileMountedCallback: PakFile 'D:/Program Files/Epic Games/UE_4.27/FeaturePacks/TP_ThirdPerson.upack' (chunk index -1, root 'root:/') mounted
[2026.01.11-12.30.18:382][  0]LogShaderLibrary: Display: ShaderCodeLibraryPakFileMountedCallback: pending pak file info (ChunkID:-1 Root:root:/ File:D:/Program Files/Epic Games/UE_4.27/FeaturePacks/TP_ThirdPerson.upack)
[2026.01.11-12.30.18:382][  0]LogPakFile: OnPakFileMounted2Time == 0.000076
[2026.01.11-12.30.18:394][  0]LogPakFile: PakFile PrimaryIndexSize=189
[2026.01.11-12.30.18:394][  0]LogPakFile: PakFile PathHashIndexSize=101
[2026.01.11-12.30.18:394][  0]LogPakFile: PakFile FullDirectoryIndexSize=152
[2026.01.11-12.30.18:394][  0]LogShaderLibrary: Display: ShaderCodeLibraryPakFileMountedCallback: PakFile 'D:/Program Files/Epic Games/UE_4.27/FeaturePacks/TP_ThirdPersonBP.upack' (chunk index -1, root 'root:/') mounted
[2026.01.11-12.30.18:394][  0]LogShaderLibrary: Display: ShaderCodeLibraryPakFileMountedCallback: pending pak file info (ChunkID:-1 Root:root:/ File:D:/Program Files/Epic Games/UE_4.27/FeaturePacks/TP_ThirdPersonBP.upack)
[2026.01.11-12.30.18:394][  0]LogPakFile: OnPakFileMounted2Time == 0.000046
[2026.01.11-12.30.18:403][  0]LogPakFile: PakFile PrimaryIndexSize=183
[2026.01.11-12.30.18:403][  0]LogPakFile: PakFile PathHashIndexSize=101
[2026.01.11-12.30.18:403][  0]LogPakFile: PakFile FullDirectoryIndexSize=140
[2026.01.11-12.30.18:403][  0]LogShaderLibrary: Display: ShaderCodeLibraryPakFileMountedCallback: PakFile 'D:/Program Files/Epic Games/UE_4.27/FeaturePacks/TP_TopDown.upack' (chunk index -1, root 'root:/') mounted
[2026.01.11-12.30.18:403][  0]LogShaderLibrary: Display: ShaderCodeLibraryPakFileMountedCallback: pending pak file info (ChunkID:-1 Root:root:/ File:D:/Program Files/Epic Games/UE_4.27/FeaturePacks/TP_TopDown.upack)
[2026.01.11-12.30.18:403][  0]LogPakFile: OnPakFileMounted2Time == 0.000072
[2026.01.11-12.30.18:412][  0]LogPakFile: PakFile PrimaryIndexSize=185
[2026.01.11-12.30.18:412][  0]LogPakFile: PakFile PathHashIndexSize=101
[2026.01.11-12.30.18:412][  0]LogPakFile: PakFile FullDirectoryIndexSize=144
[2026.01.11-12.30.18:412][  0]LogShaderLibrary: Display: ShaderCodeLibraryPakFileMountedCallback: PakFile 'D:/Program Files/Epic Games/UE_4.27/FeaturePacks/TP_TopDownBP.upack' (chunk index -1, root 'root:/') mounted
[2026.01.11-12.30.18:412][  0]LogShaderLibrary: Display: ShaderCodeLibraryPakFileMountedCallback: pending pak file info (ChunkID:-1 Root:root:/ File:D:/Program Files/Epic Games/UE_4.27/FeaturePacks/TP_TopDownBP.upack)
[2026.01.11-12.30.18:412][  0]LogPakFile: OnPakFileMounted2Time == 0.000061
[2026.01.11-12.30.18:424][  0]LogPakFile: PakFile PrimaryIndexSize=185
[2026.01.11-12.30.18:424][  0]LogPakFile: PakFile PathHashIndexSize=101
[2026.01.11-12.30.18:424][  0]LogPakFile: PakFile FullDirectoryIndexSize=144
[2026.01.11-12.30.18:424][  0]LogShaderLibrary: Display: ShaderCodeLibraryPakFileMountedCallback: PakFile 'D:/Program Files/Epic Games/UE_4.27/FeaturePacks/TP_TwinStick.upack' (chunk index -1, root 'root:/') mounted
[2026.01.11-12.30.18:424][  0]LogShaderLibrary: Display: ShaderCodeLibraryPakFileMountedCallback: pending pak file info (ChunkID:-1 Root:root:/ File:D:/Program Files/Epic Games/UE_4.27/FeaturePacks/TP_TwinStick.upack)
[2026.01.11-12.30.18:424][  0]LogPakFile: OnPakFileMounted2Time == 0.000070
[2026.01.11-12.30.18:438][  0]LogPakFile: PakFile PrimaryIndexSize=187
[2026.01.11-12.30.18:438][  0]LogPakFile: PakFile PathHashIndexSize=101
[2026.01.11-12.30.18:438][  0]LogPakFile: PakFile FullDirectoryIndexSize=148
[2026.01.11-12.30.18:438][  0]LogShaderLibrary: Display: ShaderCodeLibraryPakFileMountedCallback: PakFile 'D:/Program Files/Epic Games/UE_4.27/FeaturePacks/TP_TwinStickBP.upack' (chunk index -1, root 'root:/') mounted
[2026.01.11-12.30.18:438][  0]LogShaderLibrary: Display: ShaderCodeLibraryPakFileMountedCallback: pending pak file info (ChunkID:-1 Root:root:/ File:D:/Program Files/Epic Games/UE_4.27/FeaturePacks/TP_TwinStickBP.upack)
[2026.01.11-12.30.18:438][  0]LogPakFile: OnPakFileMounted2Time == 0.000081
[2026.01.11-12.30.18:452][  0]LogPakFile: PakFile PrimaryIndexSize=183
[2026.01.11-12.30.18:452][  0]LogPakFile: PakFile PathHashIndexSize=101
[2026.01.11-12.30.18:452][  0]LogPakFile: PakFile FullDirectoryIndexSize=140
[2026.01.11-12.30.18:452][  0]LogShaderLibrary: Display: ShaderCodeLibraryPakFileMountedCallback: PakFile 'D:/Program Files/Epic Games/UE_4.27/FeaturePacks/TP_Vehicle.upack' (chunk index -1, root 'root:/') mounted
[2026.01.11-12.30.18:452][  0]LogShaderLibrary: Display: ShaderCodeLibraryPakFileMountedCallback: pending pak file info (ChunkID:-1 Root:root:/ File:D:/Program Files/Epic Games/UE_4.27/FeaturePacks/TP_Vehicle.upack)
[2026.01.11-12.30.18:452][  0]LogPakFile: OnPakFileMounted2Time == 0.000045
[2026.01.11-12.30.18:469][  0]LogPakFile: PakFile PrimaryIndexSize=186
[2026.01.11-12.30.18:469][  0]LogPakFile: PakFile PathHashIndexSize=101
[2026.01.11-12.30.18:469][  0]LogPakFile: PakFile FullDirectoryIndexSize=146
[2026.01.11-12.30.18:469][  0]LogShaderLibrary: Display: ShaderCodeLibraryPakFileMountedCallback: PakFile 'D:/Program Files/Epic Games/UE_4.27/FeaturePacks/TP_VehicleAdv.upack' (chunk index -1, root 'root:/') mounted
[2026.01.11-12.30.18:469][  0]LogShaderLibrary: Display: ShaderCodeLibraryPakFileMountedCallback: pending pak file info (ChunkID:-1 Root:root:/ File:D:/Program Files/Epic Games/UE_4.27/FeaturePacks/TP_VehicleAdv.upack)
[2026.01.11-12.30.18:469][  0]LogPakFile: OnPakFileMounted2Time == 0.000079
[2026.01.11-12.30.18:483][  0]LogPakFile: PakFile PrimaryIndexSize=188
[2026.01.11-12.30.18:483][  0]LogPakFile: PakFile PathHashIndexSize=101
[2026.01.11-12.30.18:483][  0]LogPakFile: PakFile FullDirectoryIndexSize=150
[2026.01.11-12.30.18:483][  0]LogShaderLibrary: Display: ShaderCodeLibraryPakFileMountedCallback: PakFile 'D:/Program Files/Epic Games/UE_4.27/FeaturePacks/TP_VehicleAdvBP.upack' (chunk index -1, root 'root:/') mounted
[2026.01.11-12.30.18:483][  0]LogShaderLibrary: Display: ShaderCodeLibraryPakFileMountedCallback: pending pak file info (ChunkID:-1 Root:root:/ File:D:/Program Files/Epic Games/UE_4.27/FeaturePacks/TP_VehicleAdvBP.upack)
[2026.01.11-12.30.18:483][  0]LogPakFile: OnPakFileMounted2Time == 0.000063
[2026.01.11-12.30.18:498][  0]LogPakFile: PakFile PrimaryIndexSize=185
[2026.01.11-12.30.18:498][  0]LogPakFile: PakFile PathHashIndexSize=101
[2026.01.11-12.30.18:498][  0]LogPakFile: PakFile FullDirectoryIndexSize=144
[2026.01.11-12.30.18:498][  0]LogShaderLibrary: Display: ShaderCodeLibraryPakFileMountedCallback: PakFile 'D:/Program Files/Epic Games/UE_4.27/FeaturePacks/TP_VehicleBP.upack' (chunk index -1, root 'root:/') mounted
[2026.01.11-12.30.18:498][  0]LogShaderLibrary: Display: ShaderCodeLibraryPakFileMountedCallback: pending pak file info (ChunkID:-1 Root:root:/ File:D:/Program Files/Epic Games/UE_4.27/FeaturePacks/TP_VehicleBP.upack)
[2026.01.11-12.30.18:498][  0]LogPakFile: OnPakFileMounted2Time == 0.000086
[2026.01.11-12.30.18:514][  0]LogPakFile: PakFile PrimaryIndexSize=192
[2026.01.11-12.30.18:514][  0]LogPakFile: PakFile PathHashIndexSize=101
[2026.01.11-12.30.18:514][  0]LogPakFile: PakFile FullDirectoryIndexSize=158
[2026.01.11-12.30.18:514][  0]LogShaderLibrary: Display: ShaderCodeLibraryPakFileMountedCallback: PakFile 'D:/Program Files/Epic Games/UE_4.27/FeaturePacks/TP_VirtualRealityBP.upack' (chunk index -1, root 'root:/') mounted
[2026.01.11-12.30.18:514][  0]LogShaderLibrary: Display: ShaderCodeLibraryPakFileMountedCallback: pending pak file info (ChunkID:-1 Root:root:/ File:D:/Program Files/Epic Games/UE_4.27/FeaturePacks/TP_VirtualRealityBP.upack)
[2026.01.11-12.30.18:514][  0]LogPakFile: OnPakFileMounted2Time == 0.000072
[2026.01.11-12.30.19:270][  0]LogNativeClassHierarchy: Verbose: Native class hierarchy updated for 'AddContentDialog' in 0.0003 seconds. Added 0 classes and 0 folders.
[2026.01.11-12.30.19:272][  0]LogNativeClassHierarchy: Verbose: Native class hierarchy updated for 'SceneOutliner' in 0.0005 seconds. Added 2 classes and 0 folders.
[2026.01.11-12.30.19:439][  0]LogSlate: Took 0.000504 seconds to synchronously load lazily loaded font '../../../Engine/Content/Slate/Fonts/Roboto-Regular.ttf' (155K)
[2026.01.11-12.30.19:452][  0]LogSlate: Took 0.012159 seconds to synchronously load lazily loaded font '../../../Engine/Content/Editor/Slate/Fonts/FontAwesome.ttf' (139K)
[2026.01.11-12.30.19:454][  0]LogSlate: Took 0.000225 seconds to synchronously load lazily loaded font '../../../Engine/Content/Slate/Fonts/Roboto-Bold.ttf' (160K)
[2026.01.11-12.30.19:655][  0]LogRenderer: Reallocating scene render targets to support 632x316 Format 10 NumSamples 1 (Frame:1).
[2026.01.11-12.30.19:724][  0]LogSlate: Took 0.009290 seconds to synchronously load lazily loaded font '../../../Engine/Content/Slate/Fonts/Roboto-Light.ttf' (167K)
[2026.01.11-12.30.19:785][  0]LogNativeClassHierarchy: Verbose: Native class hierarchy updated for 'HierarchicalLODOutliner' in 0.0003 seconds. Added 0 classes and 0 folders.
[2026.01.11-12.30.19:785][  0]LogLoad: (Engine Initialization) Total time: 11.33 seconds
[2026.01.11-12.30.19:785][  0]LogLoad: (Engine Initialization) Total Blueprint compile time: 0.00 seconds
[2026.01.11-12.30.19:844][  0]LogAssetRegistry: Asset discovery search completed in 7.0921 seconds
[2026.01.11-12.30.19:852][  0]LogCollectionManager: Fixed up redirectors for 0 collections in 0.000004 seconds (updated 0 objects)
[2026.01.11-12.30.19:853][  0]LogContentStreaming: Texture pool size now 1000 MB
[2026.01.11-12.38.59:462][770]LogSlate: Took 0.000239 seconds to synchronously load lazily loaded font '../../../Engine/Content/Slate/Fonts/Roboto-Light.ttf' (167K)
[2026.01.11-12.38.59:493][770]LogAssetEditorSubsystem: Opening Asset editor for Blueprint /Game/FirstPerson/BluePrints/BP_MosterShooterCharacter.BP_MosterShooterCharacter
[2026.01.11-12.38.59:583][770]LogNativeClassHierarchy: Verbose: Native class hierarchy updated for 'BlueprintGraph' in 0.0005 seconds. Added 126 classes and 0 folders.
[2026.01.11-12.39.38:869][280]LogWorld: UWorld::CleanupWorld for World_0, bSessionEnded=true, bCleanupResources=true
[2026.01.11-12.39.38:869][280]LogSlate: InvalidateAllWidgets triggered.  All widgets were invalidated
[2026.01.11-12.39.42:367][473]LogAssetEditorSubsystem: Opening Asset editor for Blueprint /Game/FirstPerson/BluePrints/BP_MosterShooterCharacter.BP_MosterShooterCharacter
[2026.01.11-12.40.52:325][707]LogSlate: Window 'Find Results' being destroyed
[2026.01.11-12.40.55:372][878]LogSlate: Window 'My Blueprint' being destroyed
[2026.01.11-12.41.05:535][453]LogSlate: Window 'ProjectLauncher' being destroyed
[2026.01.11-12.41.05:542][453]LogSlate: Window 'ProjectLauncher' being destroyed
[2026.01.11-12.41.18:766][143]LogWorld: UWorld::CleanupWorld for World_1, bSessionEnded=true, bCleanupResources=true
[2026.01.11-12.41.18:766][143]LogSlate: InvalidateAllWidgets triggered.  All widgets were invalidated
[2026.01.11-12.41.24:375][283]LogAssetEditorSubsystem: Opening Asset editor for Blueprint /Game/FirstPerson/BluePrints/BP_MosterShooterCharacter.BP_MosterShooterCharacter
[2026.01.11-12.41.39:055][ 94]LogSlate: Window 'My Blueprint' being destroyed
[2026.01.11-12.41.39:488][120]LogSlate: Window 'Find Results' being destroyed
[2026.01.11-12.41.44:814][425]LogSlate: Window 'Live Link' being destroyed
[2026.01.11-12.41.58:709][950]LogSlate: Window 'ProjectLauncher' being destroyed
[2026.01.11-12.41.58:718][950]LogSlate: Window 'ProjectLauncher' being destroyed
[2026.01.11-12.42.19:717][ 84]LogWindowsTextInputMethodSystem: Display: IME system deactivated.
[2026.01.11-12.42.19:718][ 84]LogWindowsTextInputMethodSystem: Display: IME system deactivated.
[2026.01.11-12.43.42:397][400]LogSlate: Window 'Tutorials' being destroyed
[2026.01.11-12.43.42:403][400]LogSlate: Window 'Tutorials' being destroyed
[2026.01.11-12.43.44:021][497]LogWorld: UWorld::CleanupWorld for World_3, bSessionEnded=true, bCleanupResources=true
[2026.01.11-12.43.44:021][497]LogSlate: InvalidateAllWidgets triggered.  All widgets were invalidated
[2026.01.11-12.43.44:081][497]LogAssetEditorSubsystem: Opening Asset editor for Blueprint /Game/FirstPerson/BluePrints/BP_MosterShooterCharacter.BP_MosterShooterCharacter
[2026.01.11-12.43.44:467][497]LogSlate: Took 0.000286 seconds to synchronously load lazily loaded font '../../../Engine/Content/Slate/Fonts/Roboto-BoldCondensed.ttf' (158K)
[2026.01.11-12.43.47:296][660]LogRenderer: Reallocating scene render targets to support 912x672 Format 10 NumSamples 1 (Frame:1).
[2026.01.11-12.43.55:442][ 46]LogSlate: Took 0.000722 seconds to synchronously load lazily loaded font '../../../Engine/Content/Slate/Fonts/Roboto-Italic.ttf' (157K)
[2026.01.11-12.44.15:281][275]LogRHI: Error: Present Fail Count 1
[2026.01.11-12.44.15:281][275]LogRHI: Error: SyncInterval 0
[2026.01.11-12.44.15:281][275]LogRHI: Error: SwapChainDesc.BufferDesc.Width 512
[2026.01.11-12.44.15:281][275]LogRHI: Error: SwapChainDesc.BufferDesc.Height 260
[2026.01.11-12.44.15:281][275]LogRHI: Error: SwapChainDesc.BufferDesc.RefreshRate.Numerator 0
[2026.01.11-12.44.15:281][275]LogRHI: Error: SwapChainDesc.BufferDesc.RefreshRate.Denominator 0
[2026.01.11-12.44.15:281][275]LogRHI: Error: SwapChainDesc.BufferDesc.Format 24
[2026.01.11-12.44.15:281][275]LogRHI: Error: SwapChainDesc.BufferDesc.ScanlineOrdering 0
[2026.01.11-12.44.15:281][275]LogRHI: Error: SwapChainDesc.BufferDesc.Scaling 0
[2026.01.11-12.44.15:281][275]LogRHI: Error: SwapChainDesc.SampleDesc.Count 1
[2026.01.11-12.44.15:281][275]LogRHI: Error: SwapChainDesc.SampleDesc.Quality 0
[2026.01.11-12.44.15:281][275]LogRHI: Error: SwapChainDesc.BufferUsage 48
[2026.01.11-12.44.15:281][275]LogRHI: Error: SwapChainDesc.BufferCount 2
[2026.01.11-12.44.15:281][275]LogRHI: Error: SwapChainDesc.OutputWindow 0000000000100156
[2026.01.11-12.44.15:281][275]LogRHI: Error: SwapChainDesc.Windowed true
[2026.01.11-12.44.15:281][275]LogRHI: Error: SwapChainDesc.SwapEffect 4
[2026.01.11-12.44.15:281][275]LogRHI: Error: SwapChainDesc.Flags 2050
[2026.01.11-12.44.15:281][275]LogD3D11RHI: Error: Result failed 
 at D:/Build/++UE4/Sync/Engine/Source/Runtime/Windows/D3D11RHI/Private/D3D11Query.cpp:360 
 with error DXGI_ERROR_DEVICE_REMOVED DXGI_ERROR_DEVICE_REMOVED
[2026.01.11-12.44.15:281][275]LogD3D11RHI: [Aftermath] GDynamicRHI=00000130C8228D40, GDX11NVAfterMathEnabled=0, Result=0xFFFFFFFF, bDeviceActive=0
[2026.01.11-12.44.15:285][275]LogWindows: Windows GetLastError: Операция успешно завершена. (0)
[2026.01.11-12.44.18:806][275]LogAudioMixer: Display: Audio Buffer Underrun (starvation) detected.
[2026.01.11-12.44.18:806][275]LogWindows: FPlatformMisc::RequestExit(0)
[2026.01.11-12.44.18:806][275]LogWindows: FPlatformMisc::RequestExitWithStatus(0, 0)
[2026.01.11-12.44.18:806][275]LogCore: Engine exit requested (reason: Win RequestExit)
[2026.01.11-12.44.18:806][275]LogWindows: FPlatformMisc::RequestExit(1)
[2026.01.11-12.44.18:806][275]LogWindows: FPlatformMisc::RequestExitWithStatus(1, 3)
[2026.01.11-12.44.18:806][275]LogCore: Engine exit requested (reason: Win RequestExit; note: exit was already requested)
[2026.01.11-12.44.18:815][275]Log file closed, 01/11/26 15:44:18
