Log file open, 01/11/26 17:50:10
LogWindows: Failed to load 'aqProf.dll' (GetLastError=126)
LogWindows: File 'aqProf.dll' does not exist
LogWindows: Failed to load 'VtuneApi.dll' (GetLastError=126)
LogWindows: File 'VtuneApi.dll' does not exist
LogWindows: Failed to load 'VtuneApi32e.dll' (GetLastError=126)
LogWindows: File 'VtuneApi32e.dll' does not exist
LogConsoleResponse: Display: Failed to find resolution value strings in scalability ini. Falling back to default.
LogConsoleResponse: Display: Failed to find resolution value strings in scalability ini. Falling back to default.
LogInit: Display: Running engine for game: Monster_Shooter
LogPlatformFile: Not using cached read wrapper
LogTaskGraph: Started task graph with 5 named threads and 23 total threads with 3 sets of task threads.
LogStats: Stats thread started at 0.255026
LogICUInternationalization: ICU TimeZone Detection - Raw Offset: +3:00, Platform Override: ''
LogInit: Display: Loading text-based GConfig....
LogPluginManager: Mounting plugin MeshPainting
LogPluginManager: Mounting plugin XGEController
LogPluginManager: Mounting plugin LiveLink
LogPluginManager: Mounting plugin Paper2D
LogPluginManager: Mounting plugin AISupport
LogPluginManager: Mounting plugin EnvironmentQueryEditor
LogPluginManager: Mounting plugin LightPropagationVolume
LogPluginManager: Mounting plugin CameraShakePreviewer
LogPluginManager: Mounting plugin OodleData
LogPluginManager: Mounting plugin GameplayCameras
LogPluginManager: Mounting plugin OodleNetwork
LogPluginManager: Mounting plugin AssetManagerEditor
LogPluginManager: Mounting plugin DatasmithContent
LogPluginManager: Mounting plugin VariantManagerContent
LogPluginManager: Mounting plugin CryptoKeys
LogPluginManager: Mounting plugin DataValidation
LogPluginManager: Mounting plugin CurveEditorTools
LogPluginManager: Mounting plugin FacialAnimation
LogPluginManager: Mounting plugin GameplayTagsEditor
LogPluginManager: Mounting plugin GeometryMode
LogPluginManager: Mounting plugin MacGraphicsSwitching
LogPluginManager: Mounting plugin MaterialAnalyzer
LogPluginManager: Mounting plugin MobileLauncherProfileWizard
LogPluginManager: Mounting plugin PluginBrowser
LogPluginManager: Mounting plugin SpeedTreeImporter
LogPluginManager: Mounting plugin Niagara
LogPluginManager: Mounting plugin AnimationSharing
LogPluginManager: Mounting plugin CLionSourceCodeAccess
LogPluginManager: Mounting plugin CodeLiteSourceCodeAccess
LogPluginManager: Mounting plugin GitSourceControl
LogPluginManager: Mounting plugin NullSourceCodeAccess
LogPluginManager: Mounting plugin KDevelopSourceCodeAccess
LogPluginManager: Mounting plugin PerforceSourceControl
LogPluginManager: Mounting plugin PixWinPlugin
LogPluginManager: Mounting plugin PlasticSourceControl
LogPluginManager: Mounting plugin PluginUtils
LogPluginManager: Mounting plugin PropertyAccessNode
LogPluginManager: Mounting plugin RiderSourceCodeAccess
LogPluginManager: Mounting plugin SubversionSourceControl
LogPluginManager: Mounting plugin TextureFormatOodle
LogPluginManager: Mounting plugin AlembicImporter
LogPluginManager: Mounting plugin AutomationUtils
LogPluginManager: Mounting plugin UObjectPlugin
LogPluginManager: Mounting plugin VisualStudioCodeSourceCodeAccess
LogPluginManager: Mounting plugin XCodeSourceCodeAccess
LogPluginManager: Mounting plugin VisualStudioSourceCodeAccess
LogPluginManager: Mounting plugin BackChannel
LogPluginManager: Mounting plugin ChaosClothEditor
LogPluginManager: Mounting plugin ChaosCloth
LogPluginManager: Mounting plugin ChaosNiagara
LogPluginManager: Mounting plugin ChaosSolverPlugin
LogPluginManager: Mounting plugin ChaosEditor
LogPluginManager: Mounting plugin CharacterAI
LogPluginManager: Mounting plugin GeometryCache
LogPluginManager: Mounting plugin GeometryCollectionPlugin
LogPluginManager: Mounting plugin GeometryProcessing
LogPluginManager: Mounting plugin MotoSynth
LogPluginManager: Mounting plugin OpenImageDenoise
LogPluginManager: Mounting plugin PlanarCut
LogPluginManager: Mounting plugin PlatformCrypto
LogPluginManager: Mounting plugin ProxyLODPlugin
LogPluginManager: Mounting plugin PythonScriptPlugin
LogPluginManager: Mounting plugin SkeletalReduction
LogPluginManager: Mounting plugin LuminPlatformFeatures
LogPluginManager: Mounting plugin MagicLeap
LogPluginManager: Mounting plugin MagicLeapLightEstimation
LogPluginManager: Mounting plugin MagicLeapMedia
LogPluginManager: Mounting plugin MagicLeapPassableWorld
LogPluginManager: Mounting plugin MLSDK
LogPluginManager: Mounting plugin AndroidMedia
LogPluginManager: Mounting plugin AvfMedia
LogPluginManager: Mounting plugin ImgMedia
LogPluginManager: Mounting plugin MediaCompositing
LogPluginManager: Mounting plugin MediaPlayerEditor
LogPluginManager: Mounting plugin WmfMedia
LogPluginManager: Mounting plugin WebMMedia
LogPluginManager: Mounting plugin TcpMessaging
LogPluginManager: Mounting plugin UdpMessaging
LogPluginManager: Mounting plugin ActorSequence
LogPluginManager: Mounting plugin LevelSequenceEditor
LogPluginManager: Mounting plugin MatineeToLevelSequence
LogPluginManager: Mounting plugin TemplateSequence
LogPluginManager: Mounting plugin OnlineSubsystem
LogPluginManager: Mounting plugin OnlineSubsystemNull
LogPluginManager: Mounting plugin OnlineSubsystemUtils
LogPluginManager: Mounting plugin LauncherChunkInstaller
LogPluginManager: Mounting plugin ActorLayerUtilities
LogPluginManager: Mounting plugin AndroidMoviePlayer
LogPluginManager: Mounting plugin AndroidPermission
LogPluginManager: Mounting plugin AndroidDeviceProfileSelector
LogPluginManager: Mounting plugin AppleImageUtils
LogPluginManager: Mounting plugin AppleMoviePlayer
LogPluginManager: Mounting plugin ArchVisCharacter
LogPluginManager: Mounting plugin AudioCapture
LogPluginManager: Mounting plugin AssetTags
LogPluginManager: Mounting plugin AudioSynesthesia
LogPluginManager: Mounting plugin CableComponent
LogPluginManager: Mounting plugin ChunkDownloader
LogPluginManager: Mounting plugin CustomMeshComponent
LogPluginManager: Mounting plugin EditableMesh
LogPluginManager: Mounting plugin ExampleDeviceProfileSelector
LogPluginManager: Mounting plugin GoogleCloudMessaging
LogPluginManager: Mounting plugin GooglePAD
LogPluginManager: Mounting plugin IOSDeviceProfileSelector
LogPluginManager: Mounting plugin LinuxDeviceProfileSelector
LogPluginManager: Mounting plugin LocationServicesBPLibrary
LogPluginManager: Mounting plugin MobilePatchingUtils
LogPluginManager: Mounting plugin OpenXR
LogPluginManager: Mounting plugin OpenXRHandTracking
LogPluginManager: Mounting plugin OpenXREyeTracker
LogPluginManager: Mounting plugin PhysXVehicles
LogPluginManager: Mounting plugin PostSplashScreen
LogPluginManager: Mounting plugin ProceduralMeshComponent
LogPluginManager: Mounting plugin PropertyAccessEditor
LogPluginManager: Mounting plugin RuntimePhysXCooking
LogPluginManager: Mounting plugin SignificanceManager
LogPluginManager: Mounting plugin SoundFields
LogPluginManager: Mounting plugin Synthesis
LogPluginManager: Mounting plugin WebMMoviePlayer
LogPluginManager: Mounting plugin WindowsMoviePlayer
LogPluginManager: Mounting plugin ScreenshotTools
LogPluginManager: Mounting plugin Takes
LogPluginManager: Mounting plugin ContentBrowserClassDataSource
LogPluginManager: Mounting plugin ContentBrowserAssetDataSource
LogPluginManager: Mounting plugin ContentBrowserFileDataSource
LogPluginManager: Mounting plugin OnlineSubsystemGooglePlay
LogPluginManager: Mounting plugin OnlineSubsystemIOS
LogPluginManager: Mounting plugin OculusVR
LogPluginManager: Mounting plugin SteamVR
PixWinPlugin: PIX capture plugin failed to initialize! Check that the process is launched from PIX.
LogInit: Using libcurl 7.55.1-DEV
LogInit:  - built for x86_64-pc-win32
LogInit:  - supports SSL with OpenSSL/1.1.1
LogInit:  - supports HTTP deflate (compression) using libz 1.2.8
LogInit:  - other features:
LogInit:      CURL_VERSION_SSL
LogInit:      CURL_VERSION_LIBZ
LogInit:      CURL_VERSION_IPV6
LogInit:      CURL_VERSION_ASYNCHDNS
LogInit:      CURL_VERSION_LARGEFILE
LogInit:      CURL_VERSION_IDN
LogInit:  CurlRequestOptions (configurable via config and command line):
LogInit:  - bVerifyPeer = true  - Libcurl will verify peer certificate
LogInit:  - bUseHttpProxy = false  - Libcurl will NOT use HTTP proxy
LogInit:  - bDontReuseConnections = false  - Libcurl will reuse connections
LogInit:  - MaxHostConnections = 16  - Libcurl will limit the number of connections to a host
LogInit:  - LocalHostAddr = Default
LogInit:  - BufferSize = 65536
LogOnline: OSS: Creating online subsystem instance for: NULL
LogInit: WinSock: version 1.1 (2.2), MaxSocks=32767, MaxUdp=65467
LogOnline: OSS: TryLoadSubsystemAndSetDefault: Loaded subsystem for module [NULL]
LogOculusPluginWrapper: OculusPlugin initialized successfully
LogHMD: Failed initializing OVRPlugin 1.59.0
LogInit: Build: ++UE4+Release-4.27-CL-18319896
LogInit: Engine Version: 4.27.2-18319896+++UE4+Release-4.27
LogInit: Compatible Engine Version: 4.27.0-17155196+++UE4+Release-4.27
LogInit: Net CL: 17155196
LogInit: OS: Windows 10 (Release 2009) (), CPU: Intel(R) Core(TM) i7-8550U CPU @ 1.80GHz, GPU: Intel(R) UHD Graphics 620
LogInit: Compiled (64-bit): Nov 30 2021 07:12:08
LogInit: Compiled with Visual C++: 19.24.28315.00
LogInit: Build Configuration: Development
LogInit: Branch Name: ++UE4+Release-4.27
LogInit: Command Line: 
LogInit: Base Directory: D:/Program Files/Epic Games/UE_4.27/Engine/Binaries/Win64/
LogInit: Allocator: TBB
LogInit: Installed Engine Build: 1
LogDevObjectVersion: Number of dev versions registered: 29
LogDevObjectVersion:   Dev-Blueprints (B0D832E4-1F89-4F0D-ACCF-7EB736FD4AA2): 10
LogDevObjectVersion:   Dev-Build (E1C64328-A22C-4D53-A36C-8E866417BD8C): 0
LogDevObjectVersion:   Dev-Core (375EC13C-06E4-48FB-B500-84F0262A717E): 4
LogDevObjectVersion:   Dev-Editor (E4B068ED-F494-42E9-A231-DA0B2E46BB41): 40
LogDevObjectVersion:   Dev-Framework (CFFC743F-43B0-4480-9391-14DF171D2073): 37
LogDevObjectVersion:   Dev-Mobile (B02B49B5-BB20-44E9-A304-32B752E40360): 3
LogDevObjectVersion:   Dev-Networking (A4E4105C-59A1-49B5-A7C5-40C4547EDFEE): 0
LogDevObjectVersion:   Dev-Online (39C831C9-5AE6-47DC-9A44-9C173E1C8E7C): 0
LogDevObjectVersion:   Dev-Physics (78F01B33-EBEA-4F98-B9B4-84EACCB95AA2): 14
LogDevObjectVersion:   Dev-Platform (6631380F-2D4D-43E0-8009-CF276956A95A): 0
LogDevObjectVersion:   Dev-Rendering (12F88B9F-8875-4AFC-A67C-D90C383ABD29): 45
LogDevObjectVersion:   Dev-Sequencer (7B5AE74C-D270-4C10-A958-57980B212A5A): 13
LogDevObjectVersion:   Dev-VR (D7296918-1DD6-4BDD-9DE2-64A83CC13884): 3
LogDevObjectVersion:   Dev-LoadTimes (C2A15278-BFE7-4AFE-6C17-90FF531DF755): 1
LogDevObjectVersion:   Private-Geometry (6EACA3D4-40EC-4CC1-B786-8BED09428FC5): 3
LogDevObjectVersion:   Dev-AnimPhys (29E575DD-E0A3-4627-9D10-D276232CDCEA): 17
LogDevObjectVersion:   Dev-Anim (AF43A65D-7FD3-4947-9873-3E8ED9C1BB05): 15
LogDevObjectVersion:   Dev-ReflectionCapture (6B266CEC-1EC7-4B8F-A30B-E4D90942FC07): 1
LogDevObjectVersion:   Dev-Automation (0DF73D61-A23F-47EA-B727-89E90C41499A): 1
LogDevObjectVersion:   FortniteMain (601D1886-AC64-4F84-AA16-D3DE0DEAC7D6): 47
LogDevObjectVersion:   FortniteRelease (E7086368-6B23-4C58-8439-1B7016265E91): 1
LogDevObjectVersion:   Dev-Enterprise (9DFFBCD6-494F-0158-E221-12823C92A888): 10
LogDevObjectVersion:   Dev-Niagara (F2AED0AC-9AFE-416F-8664-AA7FFA26D6FC): 1
LogDevObjectVersion:   Dev-Destruction (174F1F0B-B4C6-45A5-B13F-2EE8D0FB917D): 10
LogDevObjectVersion:   Dev-Physics-Ext (35F94A83-E258-406C-A318-09F59610247C): 41
LogDevObjectVersion:   Dev-PhysicsMaterial-Chaos (B68FC16E-8B1B-42E2-B453-215C058844FE): 1
LogDevObjectVersion:   Dev-CineCamera (B2E18506-4273-CFC2-A54E-F4BB758BBA07): 1
LogDevObjectVersion:   Dev-VirtualProduction (64F58936-FD1B-42BA-BA96-7289D5D0FA4E): 1
LogDevObjectVersion:   Dev-MediaFramework (6F0ED827-A609-4895-9C91-998D90180EA4): 2
LogInit: Presizing for max 25165824 objects, including 0 objects not considered by GC, pre-allocating 0 bytes for permanent pool.
LogConfig: Applying CVar settings from Section [/Script/Engine.StreamingSettings] File [C:/Unreal Project/Unreal-Engine-Practice/Monster_Shooter/Saved/Config/Windows/Engine.ini]
LogConfig: Setting CVar [[s.MinBulkDataSizeForAsyncLoading:131072]]
LogConfig: Setting CVar [[s.AsyncLoadingThreadEnabled:0]]
LogConfig: Setting CVar [[s.EventDrivenLoaderEnabled:1]]
LogConfig: Setting CVar [[s.WarnIfTimeLimitExceeded:0]]
LogConfig: Setting CVar [[s.TimeLimitExceededMultiplier:1.5]]
LogConfig: Setting CVar [[s.TimeLimitExceededMinTime:0.005]]
LogConfig: Setting CVar [[s.UseBackgroundLevelStreaming:1]]
LogConfig: Setting CVar [[s.PriorityAsyncLoadingExtraTime:15.0]]
LogConfig: Setting CVar [[s.LevelStreamingActorsUpdateTimeLimit:5.0]]
LogConfig: Setting CVar [[s.PriorityLevelStreamingActorsUpdateExtraTime:5.0]]
LogConfig: Setting CVar [[s.LevelStreamingComponentsRegistrationGranularity:10]]
LogConfig: Setting CVar [[s.UnregisterComponentsTimeLimit:1.0]]
LogConfig: Setting CVar [[s.LevelStreamingComponentsUnregistrationGranularity:5]]
LogConfig: Setting CVar [[s.FlushStreamingOnExit:1]]
LogInit: Object subsystem initialized
LogConfig: Setting CVar [[con.DebugEarlyDefault:1]]
LogConfig: Setting CVar [[r.setres:1280x720]]
[2026.01.11-14.50.11:066][  0]LogConfig: Setting CVar [[r.VSync:0]]
[2026.01.11-14.50.11:066][  0]LogConfig: Setting CVar [[r.RHICmdBypass:0]]
[2026.01.11-14.50.11:066][  0]LogConfig: Applying CVar settings from Section [/Script/Engine.RendererSettings] File [C:/Unreal Project/Unreal-Engine-Practice/Monster_Shooter/Saved/Config/Windows/Engine.ini]
[2026.01.11-14.50.11:066][  0]LogConfig: Setting CVar [[r.GPUCrashDebugging:0]]
[2026.01.11-14.50.11:066][  0]LogConfig: Applying CVar settings from Section [/Script/Engine.RendererOverrideSettings] File [C:/Unreal Project/Unreal-Engine-Practice/Monster_Shooter/Saved/Config/Windows/Engine.ini]
[2026.01.11-14.50.11:066][  0]LogConfig: Applying CVar settings from Section [/Script/Engine.StreamingSettings] File [C:/Unreal Project/Unreal-Engine-Practice/Monster_Shooter/Saved/Config/Windows/Engine.ini]
[2026.01.11-14.50.11:066][  0]LogConfig: Setting CVar [[s.MinBulkDataSizeForAsyncLoading:131072]]
[2026.01.11-14.50.11:066][  0]LogConfig: Setting CVar [[s.AsyncLoadingThreadEnabled:0]]
[2026.01.11-14.50.11:066][  0]LogConfig: Setting CVar [[s.EventDrivenLoaderEnabled:1]]
[2026.01.11-14.50.11:066][  0]LogConfig: Setting CVar [[s.WarnIfTimeLimitExceeded:0]]
[2026.01.11-14.50.11:066][  0]LogConfig: Setting CVar [[s.TimeLimitExceededMultiplier:1.5]]
[2026.01.11-14.50.11:066][  0]LogConfig: Setting CVar [[s.TimeLimitExceededMinTime:0.005]]
[2026.01.11-14.50.11:066][  0]LogConfig: Setting CVar [[s.UseBackgroundLevelStreaming:1]]
[2026.01.11-14.50.11:066][  0]LogConfig: Setting CVar [[s.PriorityAsyncLoadingExtraTime:15.0]]
[2026.01.11-14.50.11:066][  0]LogConfig: Setting CVar [[s.LevelStreamingActorsUpdateTimeLimit:5.0]]
[2026.01.11-14.50.11:066][  0]LogConfig: Setting CVar [[s.PriorityLevelStreamingActorsUpdateExtraTime:5.0]]
[2026.01.11-14.50.11:066][  0]LogConfig: Setting CVar [[s.LevelStreamingComponentsRegistrationGranularity:10]]
[2026.01.11-14.50.11:066][  0]LogConfig: Setting CVar [[s.UnregisterComponentsTimeLimit:1.0]]
[2026.01.11-14.50.11:066][  0]LogConfig: Setting CVar [[s.LevelStreamingComponentsUnregistrationGranularity:5]]
[2026.01.11-14.50.11:066][  0]LogConfig: Setting CVar [[s.FlushStreamingOnExit:1]]
[2026.01.11-14.50.11:066][  0]LogConfig: Applying CVar settings from Section [/Script/Engine.GarbageCollectionSettings] File [C:/Unreal Project/Unreal-Engine-Practice/Monster_Shooter/Saved/Config/Windows/Engine.ini]
[2026.01.11-14.50.11:066][  0]LogConfig: Setting CVar [[gc.MaxObjectsNotConsideredByGC:1]]
[2026.01.11-14.50.11:066][  0]LogConfig: Setting CVar [[gc.SizeOfPermanentObjectPool:0]]
[2026.01.11-14.50.11:066][  0]LogConfig: Setting CVar [[gc.FlushStreamingOnGC:0]]
[2026.01.11-14.50.11:066][  0]LogConfig: Setting CVar [[gc.NumRetriesBeforeForcingGC:10]]
[2026.01.11-14.50.11:066][  0]LogConfig: Setting CVar [[gc.AllowParallelGC:1]]
[2026.01.11-14.50.11:066][  0]LogConfig: Setting CVar [[gc.TimeBetweenPurgingPendingKillObjects:61.1]]
[2026.01.11-14.50.11:066][  0]LogConfig: Setting CVar [[gc.MaxObjectsInEditor:25165824]]
[2026.01.11-14.50.11:066][  0]LogConfig: Setting CVar [[gc.IncrementalBeginDestroyEnabled:1]]
[2026.01.11-14.50.11:066][  0]LogConfig: Setting CVar [[gc.CreateGCClusters:1]]
[2026.01.11-14.50.11:066][  0]LogConfig: Setting CVar [[gc.MinGCClusterSize:5]]
[2026.01.11-14.50.11:066][  0]LogConfig: Setting CVar [[gc.ActorClusteringEnabled:0]]
[2026.01.11-14.50.11:066][  0]LogConfig: Setting CVar [[gc.BlueprintClusteringEnabled:0]]
[2026.01.11-14.50.11:066][  0]LogConfig: Setting CVar [[gc.UseDisregardForGCOnDedicatedServers:0]]
[2026.01.11-14.50.11:066][  0]LogConfig: Setting CVar [[gc.MultithreadedDestructionEnabled:1]]
[2026.01.11-14.50.11:066][  0]LogConfig: Applying CVar settings from Section [/Script/Engine.NetworkSettings] File [C:/Unreal Project/Unreal-Engine-Practice/Monster_Shooter/Saved/Config/Windows/Engine.ini]
[2026.01.11-14.50.11:066][  0]LogConfig: Applying CVar settings from Section [/Script/UnrealEd.CookerSettings] File [C:/Unreal Project/Unreal-Engine-Practice/Monster_Shooter/Saved/Config/Windows/Engine.ini]
[2026.01.11-14.50.11:076][  0]LogConfig: Applying CVar settings from Section [ViewDistanceQuality@3] File [C:/Unreal Project/Unreal-Engine-Practice/Monster_Shooter/Saved/Config/Windows/Scalability.ini]
[2026.01.11-14.50.11:076][  0]LogConfig: Setting CVar [[r.SkeletalMeshLODBias:0]]
[2026.01.11-14.50.11:076][  0]LogConfig: Setting CVar [[r.ViewDistanceScale:1.0]]
[2026.01.11-14.50.11:076][  0]LogConfig: Applying CVar settings from Section [AntiAliasingQuality@3] File [C:/Unreal Project/Unreal-Engine-Practice/Monster_Shooter/Saved/Config/Windows/Scalability.ini]
[2026.01.11-14.50.11:076][  0]LogConfig: Setting CVar [[r.PostProcessAAQuality:4]]
[2026.01.11-14.50.11:076][  0]LogConfig: Applying CVar settings from Section [ShadowQuality@3] File [C:/Unreal Project/Unreal-Engine-Practice/Monster_Shooter/Saved/Config/Windows/Scalability.ini]
[2026.01.11-14.50.11:076][  0]LogConfig: Setting CVar [[r.LightFunctionQuality:1]]
[2026.01.11-14.50.11:076][  0]LogConfig: Setting CVar [[r.ShadowQuality:5]]
[2026.01.11-14.50.11:076][  0]LogConfig: Setting CVar [[r.Shadow.CSM.MaxCascades:10]]
[2026.01.11-14.50.11:076][  0]LogConfig: Setting CVar [[r.Shadow.MaxResolution:2048]]
[2026.01.11-14.50.11:076][  0]LogConfig: Setting CVar [[r.Shadow.MaxCSMResolution:2048]]
[2026.01.11-14.50.11:076][  0]LogConfig: Setting CVar [[r.Shadow.RadiusThreshold:0.01]]
[2026.01.11-14.50.11:076][  0]LogConfig: Setting CVar [[r.Shadow.DistanceScale:1.0]]
[2026.01.11-14.50.11:076][  0]LogConfig: Setting CVar [[r.Shadow.CSM.TransitionScale:1.0]]
[2026.01.11-14.50.11:076][  0]LogConfig: Setting CVar [[r.Shadow.PreShadowResolutionFactor:1.0]]
[2026.01.11-14.50.11:076][  0]LogConfig: Setting CVar [[r.DistanceFieldShadowing:1]]
[2026.01.11-14.50.11:076][  0]LogConfig: Setting CVar [[r.DistanceFieldAO:1]]
[2026.01.11-14.50.11:076][  0]LogConfig: Setting CVar [[r.AOQuality:2]]
[2026.01.11-14.50.11:076][  0]LogConfig: Setting CVar [[r.VolumetricFog:1]]
[2026.01.11-14.50.11:076][  0]LogConfig: Setting CVar [[r.VolumetricFog.GridPixelSize:8]]
[2026.01.11-14.50.11:076][  0]LogConfig: Setting CVar [[r.VolumetricFog.GridSizeZ:128]]
[2026.01.11-14.50.11:076][  0]LogConfig: Setting CVar [[r.VolumetricFog.HistoryMissSupersampleCount:4]]
[2026.01.11-14.50.11:076][  0]LogConfig: Setting CVar [[r.LightMaxDrawDistanceScale:1]]
[2026.01.11-14.50.11:076][  0]LogConfig: Setting CVar [[r.CapsuleShadows:1]]
[2026.01.11-14.50.11:076][  0]LogConfig: Applying CVar settings from Section [PostProcessQuality@3] File [C:/Unreal Project/Unreal-Engine-Practice/Monster_Shooter/Saved/Config/Windows/Scalability.ini]
[2026.01.11-14.50.11:076][  0]LogConfig: Setting CVar [[r.MotionBlurQuality:4]]
[2026.01.11-14.50.11:076][  0]LogConfig: Setting CVar [[r.AmbientOcclusionMipLevelFactor:0.4]]
[2026.01.11-14.50.11:076][  0]LogConfig: Setting CVar [[r.AmbientOcclusionMaxQuality:100]]
[2026.01.11-14.50.11:076][  0]LogConfig: Setting CVar [[r.AmbientOcclusionLevels:-1]]
[2026.01.11-14.50.11:076][  0]LogConfig: Setting CVar [[r.AmbientOcclusionRadiusScale:1.0]]
[2026.01.11-14.50.11:076][  0]LogConfig: Setting CVar [[r.DepthOfFieldQuality:2]]
[2026.01.11-14.50.11:076][  0]LogConfig: Setting CVar [[r.RenderTargetPoolMin:400]]
[2026.01.11-14.50.11:076][  0]LogConfig: Setting CVar [[r.LensFlareQuality:2]]
[2026.01.11-14.50.11:076][  0]LogConfig: Setting CVar [[r.SceneColorFringeQuality:1]]
[2026.01.11-14.50.11:076][  0]LogConfig: Setting CVar [[r.EyeAdaptationQuality:2]]
[2026.01.11-14.50.11:076][  0]LogConfig: Setting CVar [[r.BloomQuality:5]]
[2026.01.11-14.50.11:076][  0]LogConfig: Setting CVar [[r.FastBlurThreshold:100]]
[2026.01.11-14.50.11:076][  0]LogConfig: Setting CVar [[r.Upscale.Quality:3]]
[2026.01.11-14.50.11:076][  0]LogConfig: Setting CVar [[r.Tonemapper.GrainQuantization:1]]
[2026.01.11-14.50.11:076][  0]LogConfig: Setting CVar [[r.LightShaftQuality:1]]
[2026.01.11-14.50.11:076][  0]LogConfig: Setting CVar [[r.Filter.SizeScale:1]]
[2026.01.11-14.50.11:076][  0]LogConfig: Setting CVar [[r.Tonemapper.Quality:5]]
[2026.01.11-14.50.11:076][  0]LogConfig: Setting CVar [[r.DOF.Gather.AccumulatorQuality:1        ; higher gathering accumulator quality]]
[2026.01.11-14.50.11:076][  0]LogConfig: Setting CVar [[r.DOF.Gather.PostfilterMethod:1          ; Median3x3 postfilering method]]
[2026.01.11-14.50.11:076][  0]LogConfig: Setting CVar [[r.DOF.Gather.EnableBokehSettings:0       ; no bokeh simulation when gathering]]
[2026.01.11-14.50.11:076][  0]LogConfig: Setting CVar [[r.DOF.Gather.RingCount:4                 ; medium number of samples when gathering]]
[2026.01.11-14.50.11:076][  0]LogConfig: Setting CVar [[r.DOF.Scatter.ForegroundCompositing:1    ; additive foreground scattering]]
[2026.01.11-14.50.11:076][  0]LogConfig: Setting CVar [[r.DOF.Scatter.BackgroundCompositing:2    ; additive background scattering]]
[2026.01.11-14.50.11:076][  0]LogConfig: Setting CVar [[r.DOF.Scatter.EnableBokehSettings:1      ; bokeh simulation when scattering]]
[2026.01.11-14.50.11:076][  0]LogConfig: Setting CVar [[r.DOF.Scatter.MaxSpriteRatio:0.1         ; only a maximum of 10% of scattered bokeh]]
[2026.01.11-14.50.11:076][  0]LogConfig: Setting CVar [[r.DOF.Recombine.Quality:1                ; cheap slight out of focus]]
[2026.01.11-14.50.11:076][  0]LogConfig: Setting CVar [[r.DOF.Recombine.EnableBokehSettings:0    ; no bokeh simulation on slight out of focus]]
[2026.01.11-14.50.11:076][  0]LogConfig: Setting CVar [[r.DOF.TemporalAAQuality:1                ; more stable temporal accumulation]]
[2026.01.11-14.50.11:076][  0]LogConfig: Setting CVar [[r.DOF.Kernel.MaxForegroundRadius:0.025]]
[2026.01.11-14.50.11:076][  0]LogConfig: Setting CVar [[r.DOF.Kernel.MaxBackgroundRadius:0.025]]
[2026.01.11-14.50.11:076][  0]LogConfig: Applying CVar settings from Section [TextureQuality@3] File [C:/Unreal Project/Unreal-Engine-Practice/Monster_Shooter/Saved/Config/Windows/Scalability.ini]
[2026.01.11-14.50.11:076][  0]LogConfig: Setting CVar [[r.Streaming.MipBias:0]]
[2026.01.11-14.50.11:076][  0]LogConfig: Setting CVar [[r.Streaming.AmortizeCPUToGPUCopy:0]]
[2026.01.11-14.50.11:076][  0]LogConfig: Setting CVar [[r.Streaming.MaxNumTexturesToStreamPerFrame:0]]
[2026.01.11-14.50.11:076][  0]LogConfig: Setting CVar [[r.Streaming.Boost:1]]
[2026.01.11-14.50.11:076][  0]LogConfig: Setting CVar [[r.MaxAnisotropy:8]]
[2026.01.11-14.50.11:076][  0]LogConfig: Setting CVar [[r.VT.MaxAnisotropy:8]]
[2026.01.11-14.50.11:076][  0]LogConfig: Setting CVar [[r.Streaming.LimitPoolSizeToVRAM:0]]
[2026.01.11-14.50.11:076][  0]LogConfig: Setting CVar [[r.Streaming.PoolSize:1000]]
[2026.01.11-14.50.11:076][  0]LogConfig: Setting CVar [[r.Streaming.MaxEffectiveScreenSize:0]]
[2026.01.11-14.50.11:076][  0]LogConfig: Applying CVar settings from Section [EffectsQuality@3] File [C:/Unreal Project/Unreal-Engine-Practice/Monster_Shooter/Saved/Config/Windows/Scalability.ini]
[2026.01.11-14.50.11:076][  0]LogConfig: Setting CVar [[r.TranslucencyLightingVolumeDim:64]]
[2026.01.11-14.50.11:076][  0]LogConfig: Setting CVar [[r.RefractionQuality:2]]
[2026.01.11-14.50.11:076][  0]LogConfig: Setting CVar [[r.SSR.Quality:3]]
[2026.01.11-14.50.11:076][  0]LogConfig: Setting CVar [[r.SSR.HalfResSceneColor:0]]
[2026.01.11-14.50.11:076][  0]LogConfig: Setting CVar [[r.SceneColorFormat:4]]
[2026.01.11-14.50.11:076][  0]LogConfig: Setting CVar [[r.DetailMode:2]]
[2026.01.11-14.50.11:076][  0]LogConfig: Setting CVar [[r.TranslucencyVolumeBlur:1]]
[2026.01.11-14.50.11:076][  0]LogConfig: Setting CVar [[r.MaterialQualityLevel:1 ; High quality]]
[2026.01.11-14.50.11:076][  0]LogConfig: Setting CVar [[r.AnisotropicMaterials:1]]
[2026.01.11-14.50.11:076][  0]LogConfig: Setting CVar [[r.SSS.Scale:1]]
[2026.01.11-14.50.11:077][  0]LogConfig: Setting CVar [[r.SSS.SampleSet:2]]
[2026.01.11-14.50.11:077][  0]LogConfig: Setting CVar [[r.SSS.Quality:1]]
[2026.01.11-14.50.11:077][  0]LogConfig: Setting CVar [[r.SSS.HalfRes:0]]
[2026.01.11-14.50.11:077][  0]LogConfig: Setting CVar [[r.SSGI.Quality:3]]
[2026.01.11-14.50.11:077][  0]LogConfig: Setting CVar [[r.EmitterSpawnRateScale:1.0]]
[2026.01.11-14.50.11:077][  0]LogConfig: Setting CVar [[r.ParticleLightQuality:2]]
[2026.01.11-14.50.11:077][  0]LogConfig: Setting CVar [[r.SkyAtmosphere.AerialPerspectiveLUT.FastApplyOnOpaque:1 ; Always have FastSkyLUT 1 in this case to avoid wrong sky]]
[2026.01.11-14.50.11:077][  0]LogConfig: Setting CVar [[r.SkyAtmosphere.AerialPerspectiveLUT.SampleCountMaxPerSlice:4]]
[2026.01.11-14.50.11:077][  0]LogConfig: Setting CVar [[r.SkyAtmosphere.AerialPerspectiveLUT.DepthResolution:16.0]]
[2026.01.11-14.50.11:077][  0]LogConfig: Setting CVar [[r.SkyAtmosphere.FastSkyLUT:1]]
[2026.01.11-14.50.11:077][  0]LogConfig: Setting CVar [[r.SkyAtmosphere.FastSkyLUT.SampleCountMin:4.0]]
[2026.01.11-14.50.11:077][  0]LogConfig: Setting CVar [[r.SkyAtmosphere.FastSkyLUT.SampleCountMax:128.0]]
[2026.01.11-14.50.11:077][  0]LogConfig: Setting CVar [[r.SkyAtmosphere.SampleCountMin:4.0]]
[2026.01.11-14.50.11:077][  0]LogConfig: Setting CVar [[r.SkyAtmosphere.SampleCountMax:128.0]]
[2026.01.11-14.50.11:077][  0]LogConfig: Setting CVar [[r.SkyAtmosphere.TransmittanceLUT.UseSmallFormat:0]]
[2026.01.11-14.50.11:077][  0]LogConfig: Setting CVar [[r.SkyAtmosphere.TransmittanceLUT.SampleCount:10.0]]
[2026.01.11-14.50.11:077][  0]LogConfig: Setting CVar [[r.SkyAtmosphere.MultiScatteringLUT.SampleCount:15.0]]
[2026.01.11-14.50.11:077][  0]LogConfig: Setting CVar [[r.SkyLight.RealTimeReflectionCapture:1]]
[2026.01.11-14.50.11:077][  0]LogConfig: Applying CVar settings from Section [FoliageQuality@3] File [C:/Unreal Project/Unreal-Engine-Practice/Monster_Shooter/Saved/Config/Windows/Scalability.ini]
[2026.01.11-14.50.11:077][  0]LogConfig: Setting CVar [[foliage.DensityScale:1.0]]
[2026.01.11-14.50.11:077][  0]LogConfig: Setting CVar [[grass.DensityScale:1.0]]
[2026.01.11-14.50.11:077][  0]LogConfig: Applying CVar settings from Section [ShadingQuality@3] File [C:/Unreal Project/Unreal-Engine-Practice/Monster_Shooter/Saved/Config/Windows/Scalability.ini]
[2026.01.11-14.50.11:077][  0]LogConfig: Setting CVar [[r.HairStrands.SkyLighting.IntegrationType:2]]
[2026.01.11-14.50.11:077][  0]LogConfig: Setting CVar [[r.HairStrands.SkyAO.SampleCount:4]]
[2026.01.11-14.50.11:077][  0]LogConfig: Setting CVar [[r.HairStrands.Visibility.MSAA.SamplePerPixel:4]]
[2026.01.11-14.50.11:077][  0]LogInit: Selected Device Profile: [Windows]
[2026.01.11-14.50.11:077][  0]LogInit: Applying CVar settings loaded from the selected device profile: [Windows]
[2026.01.11-14.50.11:077][  0]LogHAL: Display: Platform has ~ 16 GB [17058336768 / 17179869184 / 16], which maps to Larger [LargestMinGB=32, LargerMinGB=12, DefaultMinGB=8, SmallerMinGB=6, SmallestMinGB=0)
[2026.01.11-14.50.11:077][  0]LogInit: Going up to parent DeviceProfile []
[2026.01.11-14.50.11:077][  0]LogConfig: Applying CVar settings from Section [ViewDistanceQuality@3] File [C:/Unreal Project/Unreal-Engine-Practice/Monster_Shooter/Saved/Config/Windows/Scalability.ini]
[2026.01.11-14.50.11:077][  0]LogConfig: Setting CVar [[r.SkeletalMeshLODBias:0]]
[2026.01.11-14.50.11:077][  0]LogConfig: Setting CVar [[r.ViewDistanceScale:1.0]]
[2026.01.11-14.50.11:077][  0]LogConfig: Applying CVar settings from Section [AntiAliasingQuality@3] File [C:/Unreal Project/Unreal-Engine-Practice/Monster_Shooter/Saved/Config/Windows/Scalability.ini]
[2026.01.11-14.50.11:077][  0]LogConfig: Setting CVar [[r.PostProcessAAQuality:4]]
[2026.01.11-14.50.11:077][  0]LogConfig: Applying CVar settings from Section [ShadowQuality@3] File [C:/Unreal Project/Unreal-Engine-Practice/Monster_Shooter/Saved/Config/Windows/Scalability.ini]
[2026.01.11-14.50.11:077][  0]LogConfig: Setting CVar [[r.LightFunctionQuality:1]]
[2026.01.11-14.50.11:077][  0]LogConfig: Setting CVar [[r.ShadowQuality:5]]
[2026.01.11-14.50.11:077][  0]LogConfig: Setting CVar [[r.Shadow.CSM.MaxCascades:10]]
[2026.01.11-14.50.11:077][  0]LogConfig: Setting CVar [[r.Shadow.MaxResolution:2048]]
[2026.01.11-14.50.11:077][  0]LogConfig: Setting CVar [[r.Shadow.MaxCSMResolution:2048]]
[2026.01.11-14.50.11:077][  0]LogConfig: Setting CVar [[r.Shadow.RadiusThreshold:0.01]]
[2026.01.11-14.50.11:077][  0]LogConfig: Setting CVar [[r.Shadow.DistanceScale:1.0]]
[2026.01.11-14.50.11:077][  0]LogConfig: Setting CVar [[r.Shadow.CSM.TransitionScale:1.0]]
[2026.01.11-14.50.11:077][  0]LogConfig: Setting CVar [[r.Shadow.PreShadowResolutionFactor:1.0]]
[2026.01.11-14.50.11:077][  0]LogConfig: Setting CVar [[r.DistanceFieldShadowing:1]]
[2026.01.11-14.50.11:077][  0]LogConfig: Setting CVar [[r.DistanceFieldAO:1]]
[2026.01.11-14.50.11:077][  0]LogConfig: Setting CVar [[r.AOQuality:2]]
[2026.01.11-14.50.11:077][  0]LogConfig: Setting CVar [[r.VolumetricFog:1]]
[2026.01.11-14.50.11:077][  0]LogConfig: Setting CVar [[r.VolumetricFog.GridPixelSize:8]]
[2026.01.11-14.50.11:077][  0]LogConfig: Setting CVar [[r.VolumetricFog.GridSizeZ:128]]
[2026.01.11-14.50.11:077][  0]LogConfig: Setting CVar [[r.VolumetricFog.HistoryMissSupersampleCount:4]]
[2026.01.11-14.50.11:077][  0]LogConfig: Setting CVar [[r.LightMaxDrawDistanceScale:1]]
[2026.01.11-14.50.11:077][  0]LogConfig: Setting CVar [[r.CapsuleShadows:1]]
[2026.01.11-14.50.11:077][  0]LogConfig: Applying CVar settings from Section [PostProcessQuality@3] File [C:/Unreal Project/Unreal-Engine-Practice/Monster_Shooter/Saved/Config/Windows/Scalability.ini]
[2026.01.11-14.50.11:077][  0]LogConfig: Setting CVar [[r.MotionBlurQuality:4]]
[2026.01.11-14.50.11:077][  0]LogConfig: Setting CVar [[r.AmbientOcclusionMipLevelFactor:0.4]]
[2026.01.11-14.50.11:077][  0]LogConfig: Setting CVar [[r.AmbientOcclusionMaxQuality:100]]
[2026.01.11-14.50.11:077][  0]LogConfig: Setting CVar [[r.AmbientOcclusionLevels:-1]]
[2026.01.11-14.50.11:077][  0]LogConfig: Setting CVar [[r.AmbientOcclusionRadiusScale:1.0]]
[2026.01.11-14.50.11:077][  0]LogConfig: Setting CVar [[r.DepthOfFieldQuality:2]]
[2026.01.11-14.50.11:077][  0]LogConfig: Setting CVar [[r.RenderTargetPoolMin:400]]
[2026.01.11-14.50.11:077][  0]LogConfig: Setting CVar [[r.LensFlareQuality:2]]
[2026.01.11-14.50.11:077][  0]LogConfig: Setting CVar [[r.SceneColorFringeQuality:1]]
[2026.01.11-14.50.11:077][  0]LogConfig: Setting CVar [[r.EyeAdaptationQuality:2]]
[2026.01.11-14.50.11:077][  0]LogConfig: Setting CVar [[r.BloomQuality:5]]
[2026.01.11-14.50.11:077][  0]LogConfig: Setting CVar [[r.FastBlurThreshold:100]]
[2026.01.11-14.50.11:077][  0]LogConfig: Setting CVar [[r.Upscale.Quality:3]]
[2026.01.11-14.50.11:077][  0]LogConfig: Setting CVar [[r.Tonemapper.GrainQuantization:1]]
[2026.01.11-14.50.11:077][  0]LogConfig: Setting CVar [[r.LightShaftQuality:1]]
[2026.01.11-14.50.11:077][  0]LogConfig: Setting CVar [[r.Filter.SizeScale:1]]
[2026.01.11-14.50.11:077][  0]LogConfig: Setting CVar [[r.Tonemapper.Quality:5]]
[2026.01.11-14.50.11:077][  0]LogConfig: Setting CVar [[r.DOF.Gather.AccumulatorQuality:1        ; higher gathering accumulator quality]]
[2026.01.11-14.50.11:077][  0]LogConfig: Setting CVar [[r.DOF.Gather.PostfilterMethod:1          ; Median3x3 postfilering method]]
[2026.01.11-14.50.11:077][  0]LogConfig: Setting CVar [[r.DOF.Gather.EnableBokehSettings:0       ; no bokeh simulation when gathering]]
[2026.01.11-14.50.11:078][  0]LogConfig: Setting CVar [[r.DOF.Gather.RingCount:4                 ; medium number of samples when gathering]]
[2026.01.11-14.50.11:078][  0]LogConfig: Setting CVar [[r.DOF.Scatter.ForegroundCompositing:1    ; additive foreground scattering]]
[2026.01.11-14.50.11:078][  0]LogConfig: Setting CVar [[r.DOF.Scatter.BackgroundCompositing:2    ; additive background scattering]]
[2026.01.11-14.50.11:078][  0]LogConfig: Setting CVar [[r.DOF.Scatter.EnableBokehSettings:1      ; bokeh simulation when scattering]]
[2026.01.11-14.50.11:078][  0]LogConfig: Setting CVar [[r.DOF.Scatter.MaxSpriteRatio:0.1         ; only a maximum of 10% of scattered bokeh]]
[2026.01.11-14.50.11:078][  0]LogConfig: Setting CVar [[r.DOF.Recombine.Quality:1                ; cheap slight out of focus]]
[2026.01.11-14.50.11:078][  0]LogConfig: Setting CVar [[r.DOF.Recombine.EnableBokehSettings:0    ; no bokeh simulation on slight out of focus]]
[2026.01.11-14.50.11:078][  0]LogConfig: Setting CVar [[r.DOF.TemporalAAQuality:1                ; more stable temporal accumulation]]
[2026.01.11-14.50.11:078][  0]LogConfig: Setting CVar [[r.DOF.Kernel.MaxForegroundRadius:0.025]]
[2026.01.11-14.50.11:078][  0]LogConfig: Setting CVar [[r.DOF.Kernel.MaxBackgroundRadius:0.025]]
[2026.01.11-14.50.11:078][  0]LogConfig: Applying CVar settings from Section [TextureQuality@3] File [C:/Unreal Project/Unreal-Engine-Practice/Monster_Shooter/Saved/Config/Windows/Scalability.ini]
[2026.01.11-14.50.11:078][  0]LogConfig: Setting CVar [[r.Streaming.MipBias:0]]
[2026.01.11-14.50.11:078][  0]LogConfig: Setting CVar [[r.Streaming.AmortizeCPUToGPUCopy:0]]
[2026.01.11-14.50.11:078][  0]LogConfig: Setting CVar [[r.Streaming.MaxNumTexturesToStreamPerFrame:0]]
[2026.01.11-14.50.11:078][  0]LogConfig: Setting CVar [[r.Streaming.Boost:1]]
[2026.01.11-14.50.11:078][  0]LogConfig: Setting CVar [[r.MaxAnisotropy:8]]
[2026.01.11-14.50.11:078][  0]LogConfig: Setting CVar [[r.VT.MaxAnisotropy:8]]
[2026.01.11-14.50.11:078][  0]LogConfig: Setting CVar [[r.Streaming.LimitPoolSizeToVRAM:0]]
[2026.01.11-14.50.11:078][  0]LogConfig: Setting CVar [[r.Streaming.PoolSize:1000]]
[2026.01.11-14.50.11:078][  0]LogConfig: Setting CVar [[r.Streaming.MaxEffectiveScreenSize:0]]
[2026.01.11-14.50.11:078][  0]LogConfig: Applying CVar settings from Section [EffectsQuality@3] File [C:/Unreal Project/Unreal-Engine-Practice/Monster_Shooter/Saved/Config/Windows/Scalability.ini]
[2026.01.11-14.50.11:078][  0]LogConfig: Setting CVar [[r.TranslucencyLightingVolumeDim:64]]
[2026.01.11-14.50.11:078][  0]LogConfig: Setting CVar [[r.RefractionQuality:2]]
[2026.01.11-14.50.11:078][  0]LogConfig: Setting CVar [[r.SSR.Quality:3]]
[2026.01.11-14.50.11:078][  0]LogConfig: Setting CVar [[r.SSR.HalfResSceneColor:0]]
[2026.01.11-14.50.11:078][  0]LogConfig: Setting CVar [[r.SceneColorFormat:4]]
[2026.01.11-14.50.11:078][  0]LogConfig: Setting CVar [[r.DetailMode:2]]
[2026.01.11-14.50.11:078][  0]LogConfig: Setting CVar [[r.TranslucencyVolumeBlur:1]]
[2026.01.11-14.50.11:078][  0]LogConfig: Setting CVar [[r.MaterialQualityLevel:1 ; High quality]]
[2026.01.11-14.50.11:078][  0]LogConfig: Setting CVar [[r.AnisotropicMaterials:1]]
[2026.01.11-14.50.11:078][  0]LogConfig: Setting CVar [[r.SSS.Scale:1]]
[2026.01.11-14.50.11:078][  0]LogConfig: Setting CVar [[r.SSS.SampleSet:2]]
[2026.01.11-14.50.11:078][  0]LogConfig: Setting CVar [[r.SSS.Quality:1]]
[2026.01.11-14.50.11:078][  0]LogConfig: Setting CVar [[r.SSS.HalfRes:0]]
[2026.01.11-14.50.11:078][  0]LogConfig: Setting CVar [[r.SSGI.Quality:3]]
[2026.01.11-14.50.11:078][  0]LogConfig: Setting CVar [[r.EmitterSpawnRateScale:1.0]]
[2026.01.11-14.50.11:078][  0]LogConfig: Setting CVar [[r.ParticleLightQuality:2]]
[2026.01.11-14.50.11:078][  0]LogConfig: Setting CVar [[r.SkyAtmosphere.AerialPerspectiveLUT.FastApplyOnOpaque:1 ; Always have FastSkyLUT 1 in this case to avoid wrong sky]]
[2026.01.11-14.50.11:078][  0]LogConfig: Setting CVar [[r.SkyAtmosphere.AerialPerspectiveLUT.SampleCountMaxPerSlice:4]]
[2026.01.11-14.50.11:078][  0]LogConfig: Setting CVar [[r.SkyAtmosphere.AerialPerspectiveLUT.DepthResolution:16.0]]
[2026.01.11-14.50.11:078][  0]LogConfig: Setting CVar [[r.SkyAtmosphere.FastSkyLUT:1]]
[2026.01.11-14.50.11:078][  0]LogConfig: Setting CVar [[r.SkyAtmosphere.FastSkyLUT.SampleCountMin:4.0]]
[2026.01.11-14.50.11:078][  0]LogConfig: Setting CVar [[r.SkyAtmosphere.FastSkyLUT.SampleCountMax:128.0]]
[2026.01.11-14.50.11:078][  0]LogConfig: Setting CVar [[r.SkyAtmosphere.SampleCountMin:4.0]]
[2026.01.11-14.50.11:078][  0]LogConfig: Setting CVar [[r.SkyAtmosphere.SampleCountMax:128.0]]
[2026.01.11-14.50.11:078][  0]LogConfig: Setting CVar [[r.SkyAtmosphere.TransmittanceLUT.UseSmallFormat:0]]
[2026.01.11-14.50.11:078][  0]LogConfig: Setting CVar [[r.SkyAtmosphere.TransmittanceLUT.SampleCount:10.0]]
[2026.01.11-14.50.11:078][  0]LogConfig: Setting CVar [[r.SkyAtmosphere.MultiScatteringLUT.SampleCount:15.0]]
[2026.01.11-14.50.11:078][  0]LogConfig: Setting CVar [[r.SkyLight.RealTimeReflectionCapture:1]]
[2026.01.11-14.50.11:078][  0]LogConfig: Applying CVar settings from Section [FoliageQuality@3] File [C:/Unreal Project/Unreal-Engine-Practice/Monster_Shooter/Saved/Config/Windows/Scalability.ini]
[2026.01.11-14.50.11:078][  0]LogConfig: Setting CVar [[foliage.DensityScale:1.0]]
[2026.01.11-14.50.11:078][  0]LogConfig: Setting CVar [[grass.DensityScale:1.0]]
[2026.01.11-14.50.11:078][  0]LogConfig: Applying CVar settings from Section [ShadingQuality@3] File [C:/Unreal Project/Unreal-Engine-Practice/Monster_Shooter/Saved/Config/Windows/Scalability.ini]
[2026.01.11-14.50.11:078][  0]LogConfig: Setting CVar [[r.HairStrands.SkyLighting.IntegrationType:2]]
[2026.01.11-14.50.11:078][  0]LogConfig: Setting CVar [[r.HairStrands.SkyAO.SampleCount:4]]
[2026.01.11-14.50.11:078][  0]LogConfig: Setting CVar [[r.HairStrands.Visibility.MSAA.SamplePerPixel:4]]
[2026.01.11-14.50.11:078][  0]LogConfig: Applying CVar settings from Section [Startup] File [../../../Engine/Config/ConsoleVariables.ini]
[2026.01.11-14.50.11:079][  0]LogConfig: Setting CVar [[net.UseAdaptiveNetUpdateFrequency:0]]
[2026.01.11-14.50.11:079][  0]LogConfig: Setting CVar [[p.chaos.AllowCreatePhysxBodies:1]]
[2026.01.11-14.50.11:079][  0]LogConfig: Setting CVar [[fx.SkipVectorVMBackendOptimizations:1]]
[2026.01.11-14.50.11:079][  0]LogConfig: Applying CVar settings from Section [ConsoleVariables] File [C:/Unreal Project/Unreal-Engine-Practice/Monster_Shooter/Saved/Config/Windows/Engine.ini]
[2026.01.11-14.50.11:079][  0]LogConfig: Applying CVar settings from Section [ConsoleVariables] File [C:/Unreal Project/Unreal-Engine-Practice/Monster_Shooter/Saved/Config/Windows/Editor.ini]
[2026.01.11-14.50.11:079][  0]LogInit: Computer: MILAPTOP
[2026.01.11-14.50.11:079][  0]LogInit: User: artem
[2026.01.11-14.50.11:079][  0]LogInit: CPU Page size=4096, Cores=4
[2026.01.11-14.50.11:079][  0]LogInit: High frequency timer resolution =10.000000 MHz
[2026.01.11-14.50.11:079][  0]LogMemory: Memory total: Physical=15.9GB (16GB approx)
[2026.01.11-14.50.11:079][  0]LogMemory: Platform Memory Stats for Windows
[2026.01.11-14.50.11:079][  0]LogMemory: Process Physical Memory: 145.55 MB used, 145.55 MB peak
[2026.01.11-14.50.11:079][  0]LogMemory: Process Virtual Memory: 115.03 MB used, 115.03 MB peak
[2026.01.11-14.50.11:079][  0]LogMemory: Physical Memory: 9120.41 MB used,  7147.68 MB free, 16268.10 MB total
[2026.01.11-14.50.11:079][  0]LogMemory: Virtual Memory: 134210896.00 MB used,  6833.65 MB free, 134217728.00 MB total
[2026.01.11-14.50.11:084][  0]LogWindows: WindowsPlatformFeatures enabled
[2026.01.11-14.50.11:139][  0]LogInit: Physics initialised using underlying interface: PhysX
[2026.01.11-14.50.11:140][  0]LogInit: Using OS detected language (ru-RU).
[2026.01.11-14.50.11:140][  0]LogInit: Using OS detected locale (ru-RU).
[2026.01.11-14.50.11:142][  0]LogTextLocalizationManager: No specific localization for 'ru-RU' exists, so the 'ru' localization will be used.
[2026.01.11-14.50.11:142][  0]LogTextLocalizationResource: LocRes '../../../Engine/Content/Localization/Editor/ru/Editor.locres' could not be opened for reading!
[2026.01.11-14.50.11:142][  0]LogTextLocalizationResource: LocRes '../../../Engine/Content/Localization/EditorTutorials/ru/EditorTutorials.locres' could not be opened for reading!
[2026.01.11-14.50.11:143][  0]LogTextLocalizationResource: LocRes '../../../Engine/Content/Localization/Keywords/ru/Keywords.locres' could not be opened for reading!
[2026.01.11-14.50.11:143][  0]LogTextLocalizationResource: LocRes '../../../Engine/Content/Localization/Category/ru/Category.locres' could not be opened for reading!
[2026.01.11-14.50.11:143][  0]LogTextLocalizationResource: LocRes '../../../Engine/Content/Localization/ToolTips/ru/ToolTips.locres' could not be opened for reading!
[2026.01.11-14.50.11:143][  0]LogTextLocalizationResource: LocRes '../../../Engine/Content/Localization/PropertyNames/ru/PropertyNames.locres' could not be opened for reading!
[2026.01.11-14.50.11:143][  0]LogTextLocalizationResource: LocRes '../../../Engine/Content/Localization/Engine/ru/Engine.locres' could not be opened for reading!
[2026.01.11-14.50.11:144][  0]LogInit: Setting process to per monitor DPI aware
[2026.01.11-14.50.11:162][  0]LogWindowsTextInputMethodSystem: Display: IME system deactivated.
[2026.01.11-14.50.11:175][  0]LogSlate: New Slate User Created.  User Index 0, Is Virtual User: 0
[2026.01.11-14.50.11:175][  0]LogSlate: Slate User Registered.  User Index 0, Is Virtual User: 0
[2026.01.11-14.50.11:412][  0]LogD3D11RHI: Loaded GFSDK_Aftermath_Lib.x64.dll
[2026.01.11-14.50.11:519][  0]LogHMD: Failed to initialize OpenVR with code 110
[2026.01.11-14.50.11:519][  0]LogD3D11RHI: D3D11 min allowed feature level: 11_0
[2026.01.11-14.50.11:519][  0]LogD3D11RHI: D3D11 max allowed feature level: 11_0
[2026.01.11-14.50.11:519][  0]LogD3D11RHI: D3D11 adapters:
[2026.01.11-14.50.11:671][  0]LogD3D11RHI:    0. 'NVIDIA GeForce MX150' (Feature Level 11_0)
[2026.01.11-14.50.11:671][  0]LogD3D11RHI:       1968/0/8134 MB DedicatedVideo/DedicatedSystem/SharedSystem, Outputs:1, VendorId:0x10de
[2026.01.11-14.50.11:685][  0]LogD3D11RHI:    1. 'Intel(R) UHD Graphics 620' (Feature Level 11_0)
[2026.01.11-14.50.11:685][  0]LogD3D11RHI:       128/0/8134 MB DedicatedVideo/DedicatedSystem/SharedSystem, Outputs:0, VendorId:0x8086
[2026.01.11-14.50.11:690][  0]LogD3D11RHI:    2. 'Microsoft Basic Render Driver' (Feature Level 11_0)
[2026.01.11-14.50.11:690][  0]LogD3D11RHI:       0/0/8134 MB DedicatedVideo/DedicatedSystem/SharedSystem, Outputs:0, VendorId:0x1414
[2026.01.11-14.50.11:690][  0]LogD3D11RHI: Chosen D3D11 Adapter:
[2026.01.11-14.50.11:690][  0]LogD3D11RHI:     Description : NVIDIA GeForce MX150
[2026.01.11-14.50.11:690][  0]LogD3D11RHI:     VendorId    : 10de
[2026.01.11-14.50.11:690][  0]LogD3D11RHI:     DeviceId    : 1d12
[2026.01.11-14.50.11:690][  0]LogD3D11RHI:     SubSysId    : 17011d72
[2026.01.11-14.50.11:690][  0]LogD3D11RHI:     Revision    : 00a1
[2026.01.11-14.50.11:690][  0]LogD3D11RHI:     DedicatedVideoMemory : 2064052224 bytes
[2026.01.11-14.50.11:690][  0]LogD3D11RHI:     DedicatedSystemMemory : 0 bytes
[2026.01.11-14.50.11:690][  0]LogD3D11RHI:     SharedSystemMemory : 8529168384 bytes
[2026.01.11-14.50.11:690][  0]LogD3D11RHI:     AdapterLuid : 0 56890
[2026.01.11-14.50.11:694][  0]LogD3D11RHI: Creating new Direct3DDevice
[2026.01.11-14.50.11:694][  0]LogD3D11RHI:     GPU DeviceId: 0x1d12 (for the marketing name, search the web for "GPU Device Id")
[2026.01.11-14.50.11:694][  0]LogWindows: EnumDisplayDevices:
[2026.01.11-14.50.11:694][  0]LogWindows:    0. 'Intel(R) UHD Graphics 620' (P:1 D:1)
[2026.01.11-14.50.11:694][  0]LogWindows:    1. 'Intel(R) UHD Graphics 620' (P:0 D:0)
[2026.01.11-14.50.11:695][  0]LogWindows:    2. 'Intel(R) UHD Graphics 620' (P:0 D:0)
[2026.01.11-14.50.11:695][  0]LogWindows: DebugString: PrimaryIsNotTheChoosenAdapter PrimaryIsNotTheChoosenAdapter PrimaryIsNotTheChoosenAdapter FoundDriverCount:0 
[2026.01.11-14.50.11:695][  0]LogD3D11RHI:     Adapter Name: NVIDIA GeForce MX150
[2026.01.11-14.50.11:695][  0]LogD3D11RHI:   Driver Version: Unknown (internal:Unknown, unified:Unknown)
[2026.01.11-14.50.11:695][  0]LogD3D11RHI:      Driver Date: Unknown
[2026.01.11-14.50.11:695][  0]LogRHI: Texture pool is 1377 MB (70% of 1968 MB)
[2026.01.11-14.50.11:695][  0]LogD3D11RHI: Creating D3DDevice using adapter:
[2026.01.11-14.50.11:695][  0]LogD3D11RHI:     Description : NVIDIA GeForce MX150
[2026.01.11-14.50.11:695][  0]LogD3D11RHI:     VendorId    : 10de
[2026.01.11-14.50.11:695][  0]LogD3D11RHI:     DeviceId    : 1d12
[2026.01.11-14.50.11:695][  0]LogD3D11RHI:     SubSysId    : 17011d72
[2026.01.11-14.50.11:695][  0]LogD3D11RHI:     Revision    : 00a1
[2026.01.11-14.50.11:695][  0]LogD3D11RHI:     DedicatedVideoMemory : 2064052224 bytes
[2026.01.11-14.50.11:695][  0]LogD3D11RHI:     DedicatedSystemMemory : 0 bytes
[2026.01.11-14.50.11:695][  0]LogD3D11RHI:     SharedSystemMemory : 8529168384 bytes
[2026.01.11-14.50.11:695][  0]LogD3D11RHI:     AdapterLuid : 0 56890
[2026.01.11-14.50.11:810][  0]LogD3D11RHI: RHI has support for 64 bit atomics
[2026.01.11-14.50.11:810][  0]LogD3D11RHI: Async texture creation enabled
[2026.01.11-14.50.11:810][  0]LogD3D11RHI: Array index from any shader is supported
[2026.01.11-14.50.11:827][  0]LogD3D11RHI: GPU Timing Frequency: 1000.000000 (Debug: 2 1)
[2026.01.11-14.50.11:869][  0]LogRHI: GeForceNow SDK initialized: 1
[2026.01.11-14.50.12:191][  0]LogTargetPlatformManager: Display: Loaded TargetPlatform 'AllDesktop'
[2026.01.11-14.50.12:213][  0]LogTargetPlatformManager: Display: Loaded TargetPlatform 'Android'
[2026.01.11-14.50.12:213][  0]LogTargetPlatformManager: Display: Loaded TargetPlatform 'Android_ASTC'
[2026.01.11-14.50.12:213][  0]LogTargetPlatformManager: Display: Loaded TargetPlatform 'Android_DXT'
[2026.01.11-14.50.12:213][  0]LogTargetPlatformManager: Display: Loaded TargetPlatform 'Android_ETC2'
[2026.01.11-14.50.12:213][  0]LogTargetPlatformManager: Display: Loaded TargetPlatform 'AndroidClient'
[2026.01.11-14.50.12:213][  0]LogTargetPlatformManager: Display: Loaded TargetPlatform 'Android_ASTCClient'
[2026.01.11-14.50.12:213][  0]LogTargetPlatformManager: Display: Loaded TargetPlatform 'Android_DXTClient'
[2026.01.11-14.50.12:213][  0]LogTargetPlatformManager: Display: Loaded TargetPlatform 'Android_ETC2Client'
[2026.01.11-14.50.12:213][  0]LogTargetPlatformManager: Display: Loaded TargetPlatform 'Android_Multi'
[2026.01.11-14.50.12:213][  0]LogTargetPlatformManager: Display: Loaded TargetPlatform 'Android_MultiClient'
[2026.01.11-14.50.12:234][  0]LogTargetPlatformManager: Display: Loaded TargetPlatform 'IOSClient'
[2026.01.11-14.50.12:234][  0]LogTargetPlatformManager: Display: Loaded TargetPlatform 'IOS'
[2026.01.11-14.50.12:244][  0]LogTargetPlatformManager: Display: Loaded TargetPlatform 'Linux'
[2026.01.11-14.50.12:249][  0]LogTargetPlatformManager: Display: Loaded TargetPlatform 'LinuxNoEditor'
[2026.01.11-14.50.12:254][  0]LogTargetPlatformManager: Display: Loaded TargetPlatform 'LinuxClient'
[2026.01.11-14.50.12:259][  0]LogTargetPlatformManager: Display: Loaded TargetPlatform 'LinuxServer'
[2026.01.11-14.50.12:269][  0]LogTargetPlatformManager: Display: Loaded TargetPlatform 'LinuxAArch64NoEditor'
[2026.01.11-14.50.12:274][  0]LogTargetPlatformManager: Display: Loaded TargetPlatform 'LinuxAArch64Client'
[2026.01.11-14.50.12:278][  0]LogTargetPlatformManager: Display: Loaded TargetPlatform 'LinuxAArch64Server'
[2026.01.11-14.50.12:303][  0]LogTargetPlatformManager: Display: Loaded TargetPlatform 'Lumin'
[2026.01.11-14.50.12:303][  0]LogTargetPlatformManager: Display: Loaded TargetPlatform 'LuminClient'
[2026.01.11-14.50.12:311][  0]LogTargetPlatformManager: Display: Loaded TargetPlatform 'MacNoEditor'
[2026.01.11-14.50.12:316][  0]LogTargetPlatformManager: Display: Loaded TargetPlatform 'Mac'
[2026.01.11-14.50.12:321][  0]LogTargetPlatformManager: Display: Loaded TargetPlatform 'MacClient'
[2026.01.11-14.50.12:326][  0]LogTargetPlatformManager: Display: Loaded TargetPlatform 'MacServer'
[2026.01.11-14.50.12:336][  0]LogTargetPlatformManager: Display: Loaded TargetPlatform 'TVOSClient'
[2026.01.11-14.50.12:336][  0]LogTargetPlatformManager: Display: Loaded TargetPlatform 'TVOS'
[2026.01.11-14.50.12:346][  0]LogTargetPlatformManager: Display: Loaded TargetPlatform 'WindowsNoEditor'
[2026.01.11-14.50.12:351][  0]LogTargetPlatformManager: Display: Loaded TargetPlatform 'Windows'
[2026.01.11-14.50.12:356][  0]LogTargetPlatformManager: Display: Loaded TargetPlatform 'WindowsClient'
[2026.01.11-14.50.12:360][  0]LogTargetPlatformManager: Display: Loaded TargetPlatform 'WindowsServer'
[2026.01.11-14.50.12:360][  0]LogTargetPlatformManager: Display: Building Assets For Windows
[2026.01.11-14.50.12:368][  0]LogAudioDebug: Display: Lib vorbis DLL was dynamically loaded.
[2026.01.11-14.50.12:400][  0]LogTextureFormatOodle: Display: Oodle Texture 2.9.0 init RDO Off
[2026.01.11-14.50.12:438][  0]LogRendererCore: Ray tracing is disabled. Reason: r.RayTracing=0.
[2026.01.11-14.50.12:438][  0]LogShaderCompilers: Guid format shader working directory is -11 characters bigger than the processId version (C:/Unreal Project/Unreal-Engine-Practice/Monster_Shooter/Intermediate/Shaders/WorkingDirectory/10656/).
[2026.01.11-14.50.12:439][  0]LogShaderCompilers: Cleaned the shader compiler working directory 'C:/Users/artem/AppData/Local/Temp/UnrealShaderWorkingDir/F4DED19E4582DB05E06874A5C1959A4F/'.
[2026.01.11-14.50.12:439][  0]LogXGEController: Cannot use XGE Controller as Incredibuild is not installed on this machine.
[2026.01.11-14.50.12:439][  0]LogShaderCompilers: Cannot use XGE Shader Compiler as Incredibuild is not installed on this machine.
[2026.01.11-14.50.12:439][  0]LogShaderCompilers: Display: Using Local Shader Compiler.
[2026.01.11-14.50.13:368][  0]LogDerivedDataCache: Display: Max Cache Size: 512 MB
[2026.01.11-14.50.13:428][  0]LogDerivedDataCache: Loaded boot cache 0.06s 102MB C:/Users/artem/AppData/Local/UnrealEngine/4.27/DerivedDataCache/Boot.ddc.
[2026.01.11-14.50.13:428][  0]LogDerivedDataCache: Display: Loaded Boot cache: C:/Users/artem/AppData/Local/UnrealEngine/4.27/DerivedDataCache/Boot.ddc
[2026.01.11-14.50.13:428][  0]LogDerivedDataCache: FDerivedDataBackendGraph:  Pak pak cache file C:/Unreal Project/Unreal-Engine-Practice/Monster_Shooter/DerivedDataCache/DDC.ddp not found, will not use a pak cache.
[2026.01.11-14.50.13:428][  0]LogDerivedDataCache: Unable to find inner node Pak for hierarchical cache Hierarchy.
[2026.01.11-14.50.13:428][  0]LogDerivedDataCache: FDerivedDataBackendGraph:  CompressedPak pak cache file C:/Unreal Project/Unreal-Engine-Practice/Monster_Shooter/DerivedDataCache/Compressed.ddp not found, will not use a pak cache.
[2026.01.11-14.50.13:428][  0]LogDerivedDataCache: Unable to find inner node CompressedPak for hierarchical cache Hierarchy.
[2026.01.11-14.50.13:447][  0]LogDerivedDataCache: Display: Pak cache opened for reading ../../../Engine/DerivedDataCache/Compressed.ddp.
[2026.01.11-14.50.13:447][  0]LogDerivedDataCache: FDerivedDataBackendGraph:  EnterprisePak pak cache file ../../../Enterprise/DerivedDataCache/Compressed.ddp not found, will not use a pak cache.
[2026.01.11-14.50.13:447][  0]LogDerivedDataCache: Unable to find inner node EnterprisePak for hierarchical cache Hierarchy.
[2026.01.11-14.50.13:454][  0]LogDerivedDataCache: Speed tests for C:/Users/artem/AppData/Local/UnrealEngine/Common/DerivedDataCache took 0.01 seconds
[2026.01.11-14.50.13:454][  0]LogDerivedDataCache: Display: Performance to C:/Users/artem/AppData/Local/UnrealEngine/Common/DerivedDataCache: Latency=0.03ms. RandomReadSpeed=1047.18MBs, RandomWriteSpeed=143.75MBs. Assigned SpeedClass 'Local'
[2026.01.11-14.50.13:460][  0]LogDerivedDataCache: Using Local data cache path C:/Users/artem/AppData/Local/UnrealEngine/Common/DerivedDataCache: Writable
[2026.01.11-14.50.13:460][  0]LogDerivedDataCache: Shared data cache path not found in *engine.ini, will not use an Shared cache.
[2026.01.11-14.50.13:460][  0]LogDerivedDataCache: Unable to find inner node Shared for hierarchical cache Hierarchy.
[2026.01.11-14.50.13:515][  0]LogSlate: Using FreeType 2.10.0
[2026.01.11-14.50.13:516][  0]LogSlate: SlateFontServices - WITH_FREETYPE: 1, WITH_HARFBUZZ: 1
[2026.01.11-14.50.13:548][  0]LogAssetRegistry: FAssetRegistry took 0.0030 seconds to start up
[2026.01.11-14.50.13:946][  0]LogInit: Selected Device Profile: [Windows]
[2026.01.11-14.50.13:947][  0]LogInit: Active device profile: [0000022862196800][0000022856F2A9C0 49] Windows
[2026.01.11-14.50.13:947][  0]LogInit: Profiles: [0000022862196800][0000022856F2A9C0 49] Windows, [000002286214EF00][0000022857270B40 49] WindowsNoEditor, [0000022862197600][0000022857274CC0 49] WindowsServer, [000002286214DB00][0000022857278E40 49] WindowsClient, [0000022862195300][000002285727CFC0 49] IOS, [000002286214D100][0000022857281140 49] iPadAir, [0000022862194C00][00000228572852C0 49] iPadAir2, [00000228620F6200][000002285728D580 49] IPadPro, [00000228620F6300][00000228572895C0 49] iPadAir3, [0000022862197D00][0000022857291740 49] iPadAir4, [00000228620F6400][00000228572958C0 49] iPadMini2, [0000022862194400][0000022857299A40 49] iPadMini3, [00000228620F6A00][000002285729DBC0 49] iPadMini4, [0000022862194300][00000228572A01C0 49] iPadMini5, [000002286213DB00][00000228572A8480 49] iPhone6, [000002286213DC00][00000228572A44C0 49] iPodTouch6, [00000228620F6500][0000022856F2E740 49] iPhone7, [00000228620F5A00][00000228572AC780 49] iPodTouch7, [000002286213E200][00000228572B08C0 49] iPhone5S, [00000228620F5D00][0000022858A74A00 49] iPhone6Plus, [000002286213E900][0000022858A78B40 49] iPhone6S, [00000228620F7F00][0000022858A80CC0 49] iPhone6SPlus, [000002286213E800][0000022858A84E40 49] iPhone7Plus, [00000228620F5900][0000022858A88FC0 49] iPhoneSE, [000002286213FD00][0000022858A8D140 49] iPhone8, [00000228620F7100][0000022858A912C0 49] iPhone8Plus, [000002286213FE00][0000022858A95440 49] iPhoneX, [00000228620F6900][0000022858A995C0 49] iPhoneXS, [000002286213D900][0000022858A9D740 49] iPhoneXSMax, [00000228620F5B00][0000022858AA18C0 49] iPhoneXR, [000002286213F600][0000022858AA5A40 49] iPhone11, [00000228620F6D00][0000022858AA9BC0 49] iPhone11Pro, [000002286213C600][0000022858AAC1C0 49] iPhone11ProMax, [00000228620F4A00][0000022858AB0340 49] iPhoneSE2, [000002286213D200][0000022858AB44C0 49] iPhone12Mini, [00000228620F6F00][0000022858AB8640 49] iPhone12, [000002286213F900][0000022858ABC7C0 49] iPhone12Pro, [00000228620F6800][0000022858AC0940 49] iPhone12ProMax, [000002286213C900][0000022858A7CA80 49] iPadPro105, [00000228620F7400][0000022858AC4BC0 49] iPadPro129, [000002286213CD00][0000022858AC8D00 49] iPadPro97, [00000228620F7C00][0000022858AD0E80 49] iPadPro2_129, [000002286213F300][0000022858AD5000 49] iPad5, [00000228620F4300][0000022858AD9180 49] iPad6, [000002286213CA00][0000022858ADD300 49] iPad7, [00000228620F5500][0000022858AE1480 49] iPad8, [000002286213F100][0000022858AE5600 49] iPadPro11, [000002286214C100][0000022858AE9780 49] iPadPro2_11, [00000228621E1100][0000022858945900 49] iPadPro3_129, [000002286214C600][0000022858949A80 49] iPadPro4_129, [00000228621E0D00][000002285894DC00 49] AppleTV, [000002286214E000][0000022858950200 49] AppleTV4K, [00000228621E1800][0000022858954380 49] TVOS, [000002286214E900][0000022858958500 49] Mac, [00000228621E0C00][000002285895C680 49] MacClient, [000002286213D500][0000022858960800 49] MacNoEditor, [00000228620F7900][0000022858964980 49] MacServer, [000002286213E000][0000022858968B00 49] Linux, [00000228620F4F00][0000022858ACCC40 49] LinuxAArch64, [000002286213EB00][000002285896CD80 49] LinuxNoEditor, [00000228620F6700][0000022858970EC0 49] LinuxAArch64NoEditor, [000002286213EF00][0000022858979040 49] LinuxClient, [00000228620F4800][000002285897D1C0 49] LinuxAArch64Client, [000002286213FF00][0000022858981340 49] LinuxServer, [00000228620F6B00][00000228589934C0 49] LinuxAArch64Server, [000002286213D100][0000022858997640 49] Android, [00000228620F6100][000002285899B7C0 49] Android_Low, [000002286213DD00][000002285899F940 49] Android_Mid, [00000228620F4200][00000228589A3AC0 49] Android_High, [000002286213D700][00000228589A60C0 49] Android_Default, [00000228620F4E00][00000228589AA240 49] Android_Adreno4xx, [000002286213F400][00000228589AE3C0 49] Android_Adreno5xx_Low, [00000228620F5600][00000228589B2540 49] Android_Adreno5xx, [000002286213FA00][00000228586E66C0 49] Android_Adreno6xx, [00000228620F5100][00000228589B6840 49] Android_Adreno6xx_Vulkan, [00000228621E1600][00000228589BA9C0 49] Android_Mali_T6xx, [00000228620F5E00][00000228589BEB40 49] Android_Mali_T7xx, [00000228621E0800][00000228589C2CC0 49] Android_Mali_T8xx, [00000228620F5200][0000022858974E00 49] Android_Mali_G71, [00000228621E1200][00000228589C6F40 49] Android_Mali_G72, [00000228620F5700][00000228589CB080 49] Android_Mali_G72_Vulkan, [00000228621E0E00][00000228589CF1C0 49] Android_Mali_G76, [00000228620F6000][00000228589D7340 49] Android_Mali_G76_Vulkan, [000002286213F700][000002286257B4C0 49] Android_Mali_G77, [00000228620F4900][000002286257F640 49] Android_Mali_G77_Vulkan, [000002286213E700][00000228625837C0 49] Android_Mali_G78, [00000228620F4C00][0000022862587940 49] Android_Mali_G78_Vulkan, [000002286213EA00][000002286258BAC0 49] Android_Mali_G710, [00000228620F7B00][000002286258E0C0 49] Android_Mali_G710_Vulkan, [000002286213ED00][0000022862592240 49] Android_Vulkan_SM5, [00000228620F4D00][00000228625963C0 49] Android_PowerVR_G6xxx, [000002286213C200][00000228625B2540 49] Android_PowerVR_GT7xxx, [00000228620F4100][00000228625B66C0 49] Android_PowerVR_GE8xxx, [000002286213D600][00000228625BA840 49] Android_PowerVR_GM9xxx, [00000228620F5800][00000228625BE9C0 49] Android_PowerVR_GM9xxx_Vulkan, [000002286213FC00][00000228625C2B40 49] Android_TegraK1, [000002286214ED00][00000228625C6CC0 49] Android_Unknown_Vulkan, [000002286213D400][00000228625CAE40 49] Lumin, [000002286214D900][00000228589D2F80 49] Lumin_Desktop, [000002286213F200][00000228625CF0C0 49] HoloLens, 
[2026.01.11-14.50.14:291][  0]LogMeshReduction: Using QuadricMeshReduction for automatic static mesh reduction
[2026.01.11-14.50.14:291][  0]LogMeshReduction: Using SimplygonMeshReduction for automatic skeletal mesh reduction
[2026.01.11-14.50.14:291][  0]LogMeshReduction: Using ProxyLODMeshReduction for automatic mesh merging
[2026.01.11-14.50.14:291][  0]LogMeshReduction: No distributed automatic mesh merging module available
[2026.01.11-14.50.14:291][  0]LogMeshMerging: No distributed automatic mesh merging module available
[2026.01.11-14.50.14:331][  0]LogNetVersion: Monster_Shooter 1.0.0, NetCL: 17155196, EngineNetVer: 17, GameNetVer: 0 (Checksum: 3797625731)
[2026.01.11-14.50.15:063][  0]LogTexture: Default maximum texture size for cubemaps generated from long-lat sources has been changed from 512 to unlimited. In order to preserve old behaiour for '/Engine/MapTemplates/Sky/DaylightAmbientCubemap.DaylightAmbientCubemap', its maximum texture size has been explicitly set to 512.
[2026.01.11-14.50.15:137][  0]LogHMD: PokeAHoleMaterial loaded successfully
[2026.01.11-14.50.15:144][  0]LogUObjectArray: 17178 objects as part of root set at end of initial load.
[2026.01.11-14.50.15:144][  0]LogUObjectAllocator: 4302048 out of 0 bytes used by permanent object pool.
[2026.01.11-14.50.15:144][  0]LogUObjectArray: CloseDisregardForGC: 0/0 objects in disregard for GC pool
[2026.01.11-14.50.15:503][  0]LogNiagaraDebuggerClient: Niagara Debugger Client Initialized | Session: 805D80FB4EF4ABDD720FD98E6E159EC9 | Instance: DAC6FB914B9D78D3811138BD586A30FE (MILAPTOP-10656).
[2026.01.11-14.50.15:565][  0]LogPython: Using Python 3.7.7
[2026.01.11-14.50.16:347][  0]LogTcpMessaging: Initializing TcpMessaging bridge
[2026.01.11-14.50.16:353][  0]LogUdpMessaging: Initializing bridge on interface 0.0.0.0:0 to multicast group 230.0.0.1:6666.
[2026.01.11-14.50.16:812][  0]SourceControl: Source control is disabled
[2026.01.11-14.50.16:812][  0]SourceControl: Source control is disabled
[2026.01.11-14.50.16:816][  0]SourceControl: Source control is disabled
[2026.01.11-14.50.16:820][  0]SourceControl: Source control is disabled
[2026.01.11-14.50.16:831][  0]SourceControl: Source control is disabled
[2026.01.11-14.50.16:873][  0]LogUProjectInfo: Found projects:
[2026.01.11-14.50.17:008][  0]LogOpenImageDenoise: OIDN starting up
[2026.01.11-14.50.17:062][  0]LogAndroidPermission: UAndroidPermissionCallbackProxy::GetInstance
[2026.01.11-14.50.17:085][  0]LogAudioCaptureCore: Display: No Audio Capture implementations found. Audio input will be silent.
[2026.01.11-14.50.17:085][  0]LogAudioCaptureCore: Display: No Audio Capture implementations found. Audio input will be silent.
[2026.01.11-14.50.17:239][  0]LogCollectionManager: Loaded 0 collections in 0.000936 seconds
[2026.01.11-14.50.17:269][  0]LogFileCache: Scanning file cache for directory 'C:/Unreal Project/Unreal-Engine-Practice/Monster_Shooter/Saved/Collections/' took 0.00s
[2026.01.11-14.50.17:269][  0]LogFileCache: Scanning file cache for directory 'C:/Unreal Project/Unreal-Engine-Practice/Monster_Shooter/Content/Developers/artem/Collections/' took 0.00s
[2026.01.11-14.50.17:269][  0]LogFileCache: Scanning file cache for directory 'C:/Unreal Project/Unreal-Engine-Practice/Monster_Shooter/Content/Collections/' took 0.00s
[2026.01.11-14.50.17:269][  0]LogOcInput: OculusInput pre-init called
[2026.01.11-14.50.17:651][  0]LogEngine: Initializing Engine...
[2026.01.11-14.50.17:655][  0]LogHMD: Failed to enumerate extensions. Please check that you have a valid OpenXR runtime installed.
[2026.01.11-14.50.17:655][  0]LogHMD: Failed to initialize OpenVR with code 110
[2026.01.11-14.50.17:655][  0]LogMagicLeap: Warning: VR disabled because ZI is not enabled.  To enable, in the editor, Edit -> Project Settings -> Plugins -> Magic Leap Plugin -> Enable Zero Iteration
[2026.01.11-14.50.17:656][  0]LogStats: UGameplayTagsManager::InitializeManager -  0.000 s
[2026.01.11-14.50.17:818][  0]LogInit: Initializing FReadOnlyCVARCache
[2026.01.11-14.50.17:829][  0]LogAIModule: Creating AISystem for world Untitled
[2026.01.11-14.50.17:833][  0]LogAudio: Display: Initializing Audio Device Manager...
[2026.01.11-14.50.17:839][  0]LogAudio: Display: Loading Default Audio Settings Objects...
[2026.01.11-14.50.17:839][  0]LogAudio: Display: No default SoundConcurrencyObject specified (or failed to load).
[2026.01.11-14.50.17:840][  0]LogAudio: Display: Audio Device Manager Initialized
[2026.01.11-14.50.17:840][  0]LogAudio: Display: Creating Audio Device:                 Id: 1, Scope: Shared, Realtime: True
[2026.01.11-14.50.17:840][  0]LogAudioMixer: Display: Audio Mixer Platform Settings:
[2026.01.11-14.50.17:840][  0]LogAudioMixer: Display: 	Sample Rate:						  48000
[2026.01.11-14.50.17:840][  0]LogAudioMixer: Display: 	Callback Buffer Frame Size Requested: 1024
[2026.01.11-14.50.17:840][  0]LogAudioMixer: Display: 	Callback Buffer Frame Size To Use:	  1024
[2026.01.11-14.50.17:840][  0]LogAudioMixer: Display: 	Number of buffers to queue:			  2
[2026.01.11-14.50.17:840][  0]LogAudioMixer: Display: 	Max Channels (voices):				  32
[2026.01.11-14.50.17:840][  0]LogAudioMixer: Display: 	Number of Async Source Workers:		  0
[2026.01.11-14.50.17:840][  0]LogAudio: Display: AudioDevice MaxSources: 32
[2026.01.11-14.50.17:841][  0]LogAudio: Display: Audio Spatialization Plugin: None (built-in).
[2026.01.11-14.50.17:841][  0]LogAudio: Display: Audio Reverb Plugin: None (built-in).
[2026.01.11-14.50.17:841][  0]LogAudio: Display: Audio Occlusion Plugin: None (built-in).
[2026.01.11-14.50.17:841][  0]LogAudioMixer: Display: Initializing audio mixer.
[2026.01.11-14.50.17:858][  0]LogAudioMixer: Display: 0: FrontLeft
[2026.01.11-14.50.17:858][  0]LogAudioMixer: Display: 1: FrontRight
[2026.01.11-14.50.17:896][  0]LogAudioMixer: Display: Using Audio Device Headphones (Pixel Buds Pro (антон))
[2026.01.11-14.50.17:898][  0]LogAudioMixer: Display: Initializing Sound Submixes...
[2026.01.11-14.50.17:903][  0]LogAudioMixer: Display: Creating Master Submix 'MasterSubmixDefault'
[2026.01.11-14.50.17:903][  0]LogAudioMixer: Display: Creating Master Submix 'MasterReverbSubmixDefault'
[2026.01.11-14.50.17:904][  0]LogAudioMixer: Display: Creating Master Submix 'MasterEQSubmixDefault'
[2026.01.11-14.50.17:904][  0]LogAudioMixer: FMixerPlatformXAudio2::StartAudioStream() called
[2026.01.11-14.50.17:904][  0]LogAudioMixer: Display: Output buffers initialized: Frames=1024, Channels=2, Samples=2048
[2026.01.11-14.50.17:906][  0]LogAudioMixer: Display: Starting AudioMixerPlatformInterface::RunInternal()
[2026.01.11-14.50.17:906][  0]LogAudioMixer: Display: FMixerPlatformXAudio2::SubmitBuffer() called for the first time
[2026.01.11-14.50.17:906][  0]LogInit: FAudioDevice initialized.
[2026.01.11-14.50.17:906][  0]LogAudio: Display: Audio Device (ID: 1) registered with world 'Untitled'.
[2026.01.11-14.50.17:906][  0]LogNetVersion: Set ProjectVersion to 1.0.0.0. Version Checksum will be recalculated on next use.
[2026.01.11-14.50.17:975][  0]LogDerivedDataCache: Saved boot cache 0.07s 102MB C:/Users/artem/AppData/Local/UnrealEngine/4.27/DerivedDataCache/Boot.ddc.
[2026.01.11-14.50.17:976][  0]LogInit: Texture streaming: Enabled
[2026.01.11-14.50.17:993][  0]LogAnalytics: Display: [UEEditor.Rocket.Release] APIServer = https://datarouter.ol.epicgames.com/. AppVersion = 4.27.2-18319896+++UE4+Release-4.27
[2026.01.11-14.50.17:999][  0]LogEngineSessionManager: EngineSessionManager initialized
[2026.01.11-14.50.17:999][  0]LogEditorSessionSummary: Verbose: Initializing EditorSessionSummaryWriter for editor session tracking
[2026.01.11-14.50.18:002][  0]LogEditorSessionSummary: EditorSessionSummaryWriter initialized
[2026.01.11-14.50.18:039][  0]LogInit: Transaction tracking system initialized
[2026.01.11-14.50.18:070][  0]BlueprintLog: New page: Editor Load
[2026.01.11-14.50.18:152][  0]LocalizationService: Localization service is disabled
[2026.01.11-14.50.18:183][  0]TimingProfiler: Initialize
[2026.01.11-14.50.18:183][  0]TimingProfiler: OnSessionChanged
[2026.01.11-14.50.18:183][  0]LoadingProfiler: Initialize
[2026.01.11-14.50.18:183][  0]LoadingProfiler: OnSessionChanged
[2026.01.11-14.50.18:183][  0]NetworkingProfiler: Initialize
[2026.01.11-14.50.18:183][  0]NetworkingProfiler: OnSessionChanged
[2026.01.11-14.50.18:183][  0]MemoryProfiler: Initialize
[2026.01.11-14.50.18:183][  0]MemoryProfiler: OnSessionChanged
[2026.01.11-14.50.18:391][  0]LogCook: Display: CookSettings for Memory: MemoryMaxUsedVirtual 0MiB, MemoryMaxUsedPhysical 16384MiB, MemoryMinFreeVirtual 0MiB, MemoryMinFreePhysical 1024MiB
[2026.01.11-14.50.18:391][  0]LogCook: Display: Mobile HDR setting 1
[2026.01.11-14.50.18:656][  0]LogFileCache: Scanning file cache for directory 'C:/Unreal Project/Unreal-Engine-Practice/Monster_Shooter/Content/' took 0.01s
[2026.01.11-14.50.19:039][  0]LogInit: Display: Engine is initialized. Leaving FEngineLoop::Init()
[2026.01.11-14.50.19:046][  0]SourceControl: Source control is disabled
[2026.01.11-14.50.19:046][  0]LogUnrealEdMisc: Loading editor; pre map load, took 9.367
[2026.01.11-14.50.19:047][  0]Cmd: MAP LOAD FILE="C:/Unreal Project/Unreal-Engine-Practice/Monster_Shooter/Content/FirstPersonCPP/Maps/FirstPersonExampleMap.umap" TEMPLATE=0 SHOWPROGRESS=1 FEATURELEVEL=3
[2026.01.11-14.50.19:047][  0]LightingResults: New page: Lighting Build
[2026.01.11-14.50.19:049][  0]LogWorld: UWorld::CleanupWorld for Untitled, bSessionEnded=true, bCleanupResources=true
[2026.01.11-14.50.19:049][  0]LogSlate: InvalidateAllWidgets triggered.  All widgets were invalidated
[2026.01.11-14.50.19:049][  0]MapCheck: New page: Map Check
[2026.01.11-14.50.19:049][  0]LightingResults: New page: Lighting Build
[2026.01.11-14.50.19:057][  0]LogAudio: Display: Audio Device unregistered from world 'None'.
[2026.01.11-14.50.19:063][  0]LogUObjectHash: Compacting FUObjectHashTables data took   1.56ms
[2026.01.11-14.50.19:160][  0]LogAudio: Display: Audio Device (ID: 1) registered with world 'FirstPersonExampleMap'.
[2026.01.11-14.50.19:161][  0]LogAIModule: Creating AISystem for world FirstPersonExampleMap
[2026.01.11-14.50.19:170][  0]LogEditorServer: Finished looking for orphan Actors (0.000 secs)
[2026.01.11-14.50.19:190][  0]LogUObjectHash: Compacting FUObjectHashTables data took   1.19ms
[2026.01.11-14.50.19:191][  0]Cmd: MAP CHECKDEP NOCLEARLOG
[2026.01.11-14.50.19:191][  0]MapCheck: Map check complete: 0 Error(s), 0 Warning(s), took 0,167ms to complete.
[2026.01.11-14.50.19:191][  0]LogFileHelpers: Loading map 'FirstPersonExampleMap' took 0.144
[2026.01.11-14.50.19:194][  0]LogUnrealEdMisc: Total Editor Startup Time, took 9.515
[2026.01.11-14.50.19:369][  0]LogSlate: Updating window title bar state: overlay mode, drag disabled, window buttons hidden, title bar hidden
[2026.01.11-14.50.19:378][  0]LogSlate: Updating window title bar state: overlay mode, drag disabled, window buttons hidden, title bar hidden
[2026.01.11-14.50.19:391][  0]LogSlate: Updating window title bar state: overlay mode, drag disabled, window buttons hidden, title bar hidden
[2026.01.11-14.50.19:400][  0]LogSlate: Updating window title bar state: overlay mode, drag disabled, window buttons hidden, title bar hidden
[2026.01.11-14.50.19:419][  0]LogNativeClassHierarchy: Verbose: Native class hierarchy populated in 0.0122 seconds. Added 3828 classes and 931 folders.
[2026.01.11-14.50.19:422][  0]LogNativeClassHierarchy: Verbose: Native class hierarchy updated for 'WidgetCarousel' in 0.0003 seconds. Added 0 classes and 0 folders.
[2026.01.11-14.50.19:424][  0]LogPakFile: PakFile PrimaryIndexSize=187
[2026.01.11-14.50.19:424][  0]LogPakFile: PakFile PathHashIndexSize=101
[2026.01.11-14.50.19:424][  0]LogPakFile: PakFile FullDirectoryIndexSize=148
[2026.01.11-14.50.19:424][  0]LogShaderLibrary: Display: ShaderCodeLibraryPakFileMountedCallback: PakFile 'D:/Program Files/Epic Games/UE_4.27/FeaturePacks/FP_FirstPerson.upack' (chunk index -1, root 'root:/') mounted
[2026.01.11-14.50.19:424][  0]LogShaderLibrary: Display: ShaderCodeLibraryPakFileMountedCallback: pending pak file info (ChunkID:-1 Root:root:/ File:D:/Program Files/Epic Games/UE_4.27/FeaturePacks/FP_FirstPerson.upack)
[2026.01.11-14.50.19:424][  0]LogPakFile: OnPakFileMounted2Time == 0.000081
[2026.01.11-14.50.19:425][  0]LogPakFile: PakFile PrimaryIndexSize=189
[2026.01.11-14.50.19:425][  0]LogPakFile: PakFile PathHashIndexSize=101
[2026.01.11-14.50.19:425][  0]LogPakFile: PakFile FullDirectoryIndexSize=152
[2026.01.11-14.50.19:425][  0]LogShaderLibrary: Display: ShaderCodeLibraryPakFileMountedCallback: PakFile 'D:/Program Files/Epic Games/UE_4.27/FeaturePacks/FP_FirstPersonBP.upack' (chunk index -1, root 'root:/') mounted
[2026.01.11-14.50.19:425][  0]LogShaderLibrary: Display: ShaderCodeLibraryPakFileMountedCallback: pending pak file info (ChunkID:-1 Root:root:/ File:D:/Program Files/Epic Games/UE_4.27/FeaturePacks/FP_FirstPersonBP.upack)
[2026.01.11-14.50.19:425][  0]LogPakFile: OnPakFileMounted2Time == 0.000053
[2026.01.11-14.50.19:426][  0]LogPakFile: PakFile PrimaryIndexSize=191
[2026.01.11-14.50.19:426][  0]LogPakFile: PakFile PathHashIndexSize=101
[2026.01.11-14.50.19:426][  0]LogPakFile: PakFile FullDirectoryIndexSize=160
[2026.01.11-14.50.19:426][  0]LogShaderLibrary: Display: ShaderCodeLibraryPakFileMountedCallback: PakFile 'D:/Program Files/Epic Games/UE_4.27/FeaturePacks/MobileStarterContent.upack' (chunk index -1, root 'root:/') mounted
[2026.01.11-14.50.19:426][  0]LogShaderLibrary: Display: ShaderCodeLibraryPakFileMountedCallback: pending pak file info (ChunkID:-1 Root:root:/ File:D:/Program Files/Epic Games/UE_4.27/FeaturePacks/MobileStarterContent.upack)
[2026.01.11-14.50.19:426][  0]LogPakFile: OnPakFileMounted2Time == 0.000053
[2026.01.11-14.50.19:427][  0]LogPakFile: PakFile PrimaryIndexSize=185
[2026.01.11-14.50.19:427][  0]LogPakFile: PakFile PathHashIndexSize=101
[2026.01.11-14.50.19:427][  0]LogPakFile: PakFile FullDirectoryIndexSize=148
[2026.01.11-14.50.19:427][  0]LogShaderLibrary: Display: ShaderCodeLibraryPakFileMountedCallback: PakFile 'D:/Program Files/Epic Games/UE_4.27/FeaturePacks/StarterContent.upack' (chunk index -1, root 'root:/') mounted
[2026.01.11-14.50.19:427][  0]LogShaderLibrary: Display: ShaderCodeLibraryPakFileMountedCallback: pending pak file info (ChunkID:-1 Root:root:/ File:D:/Program Files/Epic Games/UE_4.27/FeaturePacks/StarterContent.upack)
[2026.01.11-14.50.19:427][  0]LogPakFile: OnPakFileMounted2Time == 0.000050
[2026.01.11-14.50.19:428][  0]LogPakFile: PakFile PrimaryIndexSize=190
[2026.01.11-14.50.19:428][  0]LogPakFile: PakFile PathHashIndexSize=101
[2026.01.11-14.50.19:428][  0]LogPakFile: PakFile FullDirectoryIndexSize=154
[2026.01.11-14.50.19:428][  0]LogShaderLibrary: Display: ShaderCodeLibraryPakFileMountedCallback: PakFile 'D:/Program Files/Epic Games/UE_4.27/FeaturePacks/TP_2DSideScroller.upack' (chunk index -1, root 'root:/') mounted
[2026.01.11-14.50.19:429][  0]LogShaderLibrary: Display: ShaderCodeLibraryPakFileMountedCallback: pending pak file info (ChunkID:-1 Root:root:/ File:D:/Program Files/Epic Games/UE_4.27/FeaturePacks/TP_2DSideScroller.upack)
[2026.01.11-14.50.19:429][  0]LogPakFile: OnPakFileMounted2Time == 0.000058
[2026.01.11-14.50.19:429][  0]LogPakFile: PakFile PrimaryIndexSize=192
[2026.01.11-14.50.19:429][  0]LogPakFile: PakFile PathHashIndexSize=101
[2026.01.11-14.50.19:429][  0]LogPakFile: PakFile FullDirectoryIndexSize=158
[2026.01.11-14.50.19:430][  0]LogShaderLibrary: Display: ShaderCodeLibraryPakFileMountedCallback: PakFile 'D:/Program Files/Epic Games/UE_4.27/FeaturePacks/TP_2DSideScrollerBP.upack' (chunk index -1, root 'root:/') mounted
[2026.01.11-14.50.19:430][  0]LogShaderLibrary: Display: ShaderCodeLibraryPakFileMountedCallback: pending pak file info (ChunkID:-1 Root:root:/ File:D:/Program Files/Epic Games/UE_4.27/FeaturePacks/TP_2DSideScrollerBP.upack)
[2026.01.11-14.50.19:430][  0]LogPakFile: OnPakFileMounted2Time == 0.000054
[2026.01.11-14.50.19:431][  0]LogPakFile: PakFile PrimaryIndexSize=182
[2026.01.11-14.50.19:431][  0]LogPakFile: PakFile PathHashIndexSize=101
[2026.01.11-14.50.19:431][  0]LogPakFile: PakFile FullDirectoryIndexSize=138
[2026.01.11-14.50.19:431][  0]LogShaderLibrary: Display: ShaderCodeLibraryPakFileMountedCallback: PakFile 'D:/Program Files/Epic Games/UE_4.27/FeaturePacks/TP_Flying.upack' (chunk index -1, root 'root:/') mounted
[2026.01.11-14.50.19:431][  0]LogShaderLibrary: Display: ShaderCodeLibraryPakFileMountedCallback: pending pak file info (ChunkID:-1 Root:root:/ File:D:/Program Files/Epic Games/UE_4.27/FeaturePacks/TP_Flying.upack)
[2026.01.11-14.50.19:431][  0]LogPakFile: OnPakFileMounted2Time == 0.000053
[2026.01.11-14.50.19:432][  0]LogPakFile: PakFile PrimaryIndexSize=184
[2026.01.11-14.50.19:432][  0]LogPakFile: PakFile PathHashIndexSize=101
[2026.01.11-14.50.19:432][  0]LogPakFile: PakFile FullDirectoryIndexSize=142
[2026.01.11-14.50.19:432][  0]LogShaderLibrary: Display: ShaderCodeLibraryPakFileMountedCallback: PakFile 'D:/Program Files/Epic Games/UE_4.27/FeaturePacks/TP_FlyingBP.upack' (chunk index -1, root 'root:/') mounted
[2026.01.11-14.50.19:432][  0]LogShaderLibrary: Display: ShaderCodeLibraryPakFileMountedCallback: pending pak file info (ChunkID:-1 Root:root:/ File:D:/Program Files/Epic Games/UE_4.27/FeaturePacks/TP_FlyingBP.upack)
[2026.01.11-14.50.19:432][  0]LogPakFile: OnPakFileMounted2Time == 0.000047
[2026.01.11-14.50.19:433][  0]LogPakFile: PakFile PrimaryIndexSize=188
[2026.01.11-14.50.19:433][  0]LogPakFile: PakFile PathHashIndexSize=101
[2026.01.11-14.50.19:433][  0]LogPakFile: PakFile FullDirectoryIndexSize=150
[2026.01.11-14.50.19:433][  0]LogShaderLibrary: Display: ShaderCodeLibraryPakFileMountedCallback: PakFile 'D:/Program Files/Epic Games/UE_4.27/FeaturePacks/TP_HandheldARBP.upack' (chunk index -1, root 'root:/') mounted
[2026.01.11-14.50.19:433][  0]LogShaderLibrary: Display: ShaderCodeLibraryPakFileMountedCallback: pending pak file info (ChunkID:-1 Root:root:/ File:D:/Program Files/Epic Games/UE_4.27/FeaturePacks/TP_HandheldARBP.upack)
[2026.01.11-14.50.19:433][  0]LogPakFile: OnPakFileMounted2Time == 0.000047
[2026.01.11-14.50.19:434][  0]LogPakFile: PakFile PrimaryIndexSize=182
[2026.01.11-14.50.19:434][  0]LogPakFile: PakFile PathHashIndexSize=101
[2026.01.11-14.50.19:434][  0]LogPakFile: PakFile FullDirectoryIndexSize=138
[2026.01.11-14.50.19:434][  0]LogShaderLibrary: Display: ShaderCodeLibraryPakFileMountedCallback: PakFile 'D:/Program Files/Epic Games/UE_4.27/FeaturePacks/TP_Puzzle.upack' (chunk index -1, root 'root:/') mounted
[2026.01.11-14.50.19:434][  0]LogShaderLibrary: Display: ShaderCodeLibraryPakFileMountedCallback: pending pak file info (ChunkID:-1 Root:root:/ File:D:/Program Files/Epic Games/UE_4.27/FeaturePacks/TP_Puzzle.upack)
[2026.01.11-14.50.19:434][  0]LogPakFile: OnPakFileMounted2Time == 0.000047
[2026.01.11-14.50.19:435][  0]LogPakFile: PakFile PrimaryIndexSize=184
[2026.01.11-14.50.19:435][  0]LogPakFile: PakFile PathHashIndexSize=101
[2026.01.11-14.50.19:435][  0]LogPakFile: PakFile FullDirectoryIndexSize=142
[2026.01.11-14.50.19:435][  0]LogShaderLibrary: Display: ShaderCodeLibraryPakFileMountedCallback: PakFile 'D:/Program Files/Epic Games/UE_4.27/FeaturePacks/TP_PuzzleBP.upack' (chunk index -1, root 'root:/') mounted
[2026.01.11-14.50.19:435][  0]LogShaderLibrary: Display: ShaderCodeLibraryPakFileMountedCallback: pending pak file info (ChunkID:-1 Root:root:/ File:D:/Program Files/Epic Games/UE_4.27/FeaturePacks/TP_PuzzleBP.upack)
[2026.01.11-14.50.19:435][  0]LogPakFile: OnPakFileMounted2Time == 0.000047
[2026.01.11-14.50.19:436][  0]LogPakFile: PakFile PrimaryIndexSize=183
[2026.01.11-14.50.19:436][  0]LogPakFile: PakFile PathHashIndexSize=101
[2026.01.11-14.50.19:436][  0]LogPakFile: PakFile FullDirectoryIndexSize=140
[2026.01.11-14.50.19:436][  0]LogShaderLibrary: Display: ShaderCodeLibraryPakFileMountedCallback: PakFile 'D:/Program Files/Epic Games/UE_4.27/FeaturePacks/TP_Rolling.upack' (chunk index -1, root 'root:/') mounted
[2026.01.11-14.50.19:436][  0]LogShaderLibrary: Display: ShaderCodeLibraryPakFileMountedCallback: pending pak file info (ChunkID:-1 Root:root:/ File:D:/Program Files/Epic Games/UE_4.27/FeaturePacks/TP_Rolling.upack)
[2026.01.11-14.50.19:436][  0]LogPakFile: OnPakFileMounted2Time == 0.000056
[2026.01.11-14.50.19:436][  0]LogPakFile: PakFile PrimaryIndexSize=185
[2026.01.11-14.50.19:436][  0]LogPakFile: PakFile PathHashIndexSize=101
[2026.01.11-14.50.19:436][  0]LogPakFile: PakFile FullDirectoryIndexSize=144
[2026.01.11-14.50.19:436][  0]LogShaderLibrary: Display: ShaderCodeLibraryPakFileMountedCallback: PakFile 'D:/Program Files/Epic Games/UE_4.27/FeaturePacks/TP_RollingBP.upack' (chunk index -1, root 'root:/') mounted
[2026.01.11-14.50.19:436][  0]LogShaderLibrary: Display: ShaderCodeLibraryPakFileMountedCallback: pending pak file info (ChunkID:-1 Root:root:/ File:D:/Program Files/Epic Games/UE_4.27/FeaturePacks/TP_RollingBP.upack)
[2026.01.11-14.50.19:436][  0]LogPakFile: OnPakFileMounted2Time == 0.000053
[2026.01.11-14.50.19:437][  0]LogPakFile: PakFile PrimaryIndexSize=188
[2026.01.11-14.50.19:437][  0]LogPakFile: PakFile PathHashIndexSize=101
[2026.01.11-14.50.19:437][  0]LogPakFile: PakFile FullDirectoryIndexSize=150
[2026.01.11-14.50.19:438][  0]LogShaderLibrary: Display: ShaderCodeLibraryPakFileMountedCallback: PakFile 'D:/Program Files/Epic Games/UE_4.27/FeaturePacks/TP_SideScroller.upack' (chunk index -1, root 'root:/') mounted
[2026.01.11-14.50.19:438][  0]LogShaderLibrary: Display: ShaderCodeLibraryPakFileMountedCallback: pending pak file info (ChunkID:-1 Root:root:/ File:D:/Program Files/Epic Games/UE_4.27/FeaturePacks/TP_SideScroller.upack)
[2026.01.11-14.50.19:438][  0]LogPakFile: OnPakFileMounted2Time == 0.000047
[2026.01.11-14.50.19:438][  0]LogPakFile: PakFile PrimaryIndexSize=190
[2026.01.11-14.50.19:438][  0]LogPakFile: PakFile PathHashIndexSize=101
[2026.01.11-14.50.19:438][  0]LogPakFile: PakFile FullDirectoryIndexSize=154
[2026.01.11-14.50.19:438][  0]LogShaderLibrary: Display: ShaderCodeLibraryPakFileMountedCallback: PakFile 'D:/Program Files/Epic Games/UE_4.27/FeaturePacks/TP_SideScrollerBP.upack' (chunk index -1, root 'root:/') mounted
[2026.01.11-14.50.19:438][  0]LogShaderLibrary: Display: ShaderCodeLibraryPakFileMountedCallback: pending pak file info (ChunkID:-1 Root:root:/ File:D:/Program Files/Epic Games/UE_4.27/FeaturePacks/TP_SideScrollerBP.upack)
[2026.01.11-14.50.19:438][  0]LogPakFile: OnPakFileMounted2Time == 0.000048
[2026.01.11-14.50.19:439][  0]LogPakFile: PakFile PrimaryIndexSize=187
[2026.01.11-14.50.19:439][  0]LogPakFile: PakFile PathHashIndexSize=101
[2026.01.11-14.50.19:439][  0]LogPakFile: PakFile FullDirectoryIndexSize=148
[2026.01.11-14.50.19:439][  0]LogShaderLibrary: Display: ShaderCodeLibraryPakFileMountedCallback: PakFile 'D:/Program Files/Epic Games/UE_4.27/FeaturePacks/TP_ThirdPerson.upack' (chunk index -1, root 'root:/') mounted
[2026.01.11-14.50.19:439][  0]LogShaderLibrary: Display: ShaderCodeLibraryPakFileMountedCallback: pending pak file info (ChunkID:-1 Root:root:/ File:D:/Program Files/Epic Games/UE_4.27/FeaturePacks/TP_ThirdPerson.upack)
[2026.01.11-14.50.19:439][  0]LogPakFile: OnPakFileMounted2Time == 0.000052
[2026.01.11-14.50.19:440][  0]LogPakFile: PakFile PrimaryIndexSize=189
[2026.01.11-14.50.19:440][  0]LogPakFile: PakFile PathHashIndexSize=101
[2026.01.11-14.50.19:440][  0]LogPakFile: PakFile FullDirectoryIndexSize=152
[2026.01.11-14.50.19:440][  0]LogShaderLibrary: Display: ShaderCodeLibraryPakFileMountedCallback: PakFile 'D:/Program Files/Epic Games/UE_4.27/FeaturePacks/TP_ThirdPersonBP.upack' (chunk index -1, root 'root:/') mounted
[2026.01.11-14.50.19:440][  0]LogShaderLibrary: Display: ShaderCodeLibraryPakFileMountedCallback: pending pak file info (ChunkID:-1 Root:root:/ File:D:/Program Files/Epic Games/UE_4.27/FeaturePacks/TP_ThirdPersonBP.upack)
[2026.01.11-14.50.19:440][  0]LogPakFile: OnPakFileMounted2Time == 0.000053
[2026.01.11-14.50.19:441][  0]LogPakFile: PakFile PrimaryIndexSize=183
[2026.01.11-14.50.19:441][  0]LogPakFile: PakFile PathHashIndexSize=101
[2026.01.11-14.50.19:441][  0]LogPakFile: PakFile FullDirectoryIndexSize=140
[2026.01.11-14.50.19:441][  0]LogShaderLibrary: Display: ShaderCodeLibraryPakFileMountedCallback: PakFile 'D:/Program Files/Epic Games/UE_4.27/FeaturePacks/TP_TopDown.upack' (chunk index -1, root 'root:/') mounted
[2026.01.11-14.50.19:441][  0]LogShaderLibrary: Display: ShaderCodeLibraryPakFileMountedCallback: pending pak file info (ChunkID:-1 Root:root:/ File:D:/Program Files/Epic Games/UE_4.27/FeaturePacks/TP_TopDown.upack)
[2026.01.11-14.50.19:441][  0]LogPakFile: OnPakFileMounted2Time == 0.000056
[2026.01.11-14.50.19:442][  0]LogPakFile: PakFile PrimaryIndexSize=185
[2026.01.11-14.50.19:442][  0]LogPakFile: PakFile PathHashIndexSize=101
[2026.01.11-14.50.19:442][  0]LogPakFile: PakFile FullDirectoryIndexSize=144
[2026.01.11-14.50.19:442][  0]LogShaderLibrary: Display: ShaderCodeLibraryPakFileMountedCallback: PakFile 'D:/Program Files/Epic Games/UE_4.27/FeaturePacks/TP_TopDownBP.upack' (chunk index -1, root 'root:/') mounted
[2026.01.11-14.50.19:442][  0]LogShaderLibrary: Display: ShaderCodeLibraryPakFileMountedCallback: pending pak file info (ChunkID:-1 Root:root:/ File:D:/Program Files/Epic Games/UE_4.27/FeaturePacks/TP_TopDownBP.upack)
[2026.01.11-14.50.19:442][  0]LogPakFile: OnPakFileMounted2Time == 0.000054
[2026.01.11-14.50.19:443][  0]LogPakFile: PakFile PrimaryIndexSize=185
[2026.01.11-14.50.19:443][  0]LogPakFile: PakFile PathHashIndexSize=101
[2026.01.11-14.50.19:443][  0]LogPakFile: PakFile FullDirectoryIndexSize=144
[2026.01.11-14.50.19:443][  0]LogShaderLibrary: Display: ShaderCodeLibraryPakFileMountedCallback: PakFile 'D:/Program Files/Epic Games/UE_4.27/FeaturePacks/TP_TwinStick.upack' (chunk index -1, root 'root:/') mounted
[2026.01.11-14.50.19:443][  0]LogShaderLibrary: Display: ShaderCodeLibraryPakFileMountedCallback: pending pak file info (ChunkID:-1 Root:root:/ File:D:/Program Files/Epic Games/UE_4.27/FeaturePacks/TP_TwinStick.upack)
[2026.01.11-14.50.19:443][  0]LogPakFile: OnPakFileMounted2Time == 0.000047
[2026.01.11-14.50.19:444][  0]LogPakFile: PakFile PrimaryIndexSize=187
[2026.01.11-14.50.19:444][  0]LogPakFile: PakFile PathHashIndexSize=101
[2026.01.11-14.50.19:444][  0]LogPakFile: PakFile FullDirectoryIndexSize=148
[2026.01.11-14.50.19:444][  0]LogShaderLibrary: Display: ShaderCodeLibraryPakFileMountedCallback: PakFile 'D:/Program Files/Epic Games/UE_4.27/FeaturePacks/TP_TwinStickBP.upack' (chunk index -1, root 'root:/') mounted
[2026.01.11-14.50.19:444][  0]LogShaderLibrary: Display: ShaderCodeLibraryPakFileMountedCallback: pending pak file info (ChunkID:-1 Root:root:/ File:D:/Program Files/Epic Games/UE_4.27/FeaturePacks/TP_TwinStickBP.upack)
[2026.01.11-14.50.19:444][  0]LogPakFile: OnPakFileMounted2Time == 0.000052
[2026.01.11-14.50.19:445][  0]LogPakFile: PakFile PrimaryIndexSize=183
[2026.01.11-14.50.19:445][  0]LogPakFile: PakFile PathHashIndexSize=101
[2026.01.11-14.50.19:445][  0]LogPakFile: PakFile FullDirectoryIndexSize=140
[2026.01.11-14.50.19:445][  0]LogShaderLibrary: Display: ShaderCodeLibraryPakFileMountedCallback: PakFile 'D:/Program Files/Epic Games/UE_4.27/FeaturePacks/TP_Vehicle.upack' (chunk index -1, root 'root:/') mounted
[2026.01.11-14.50.19:445][  0]LogShaderLibrary: Display: ShaderCodeLibraryPakFileMountedCallback: pending pak file info (ChunkID:-1 Root:root:/ File:D:/Program Files/Epic Games/UE_4.27/FeaturePacks/TP_Vehicle.upack)
[2026.01.11-14.50.19:445][  0]LogPakFile: OnPakFileMounted2Time == 0.000083
[2026.01.11-14.50.19:446][  0]LogPakFile: PakFile PrimaryIndexSize=186
[2026.01.11-14.50.19:446][  0]LogPakFile: PakFile PathHashIndexSize=101
[2026.01.11-14.50.19:446][  0]LogPakFile: PakFile FullDirectoryIndexSize=146
[2026.01.11-14.50.19:446][  0]LogShaderLibrary: Display: ShaderCodeLibraryPakFileMountedCallback: PakFile 'D:/Program Files/Epic Games/UE_4.27/FeaturePacks/TP_VehicleAdv.upack' (chunk index -1, root 'root:/') mounted
[2026.01.11-14.50.19:446][  0]LogShaderLibrary: Display: ShaderCodeLibraryPakFileMountedCallback: pending pak file info (ChunkID:-1 Root:root:/ File:D:/Program Files/Epic Games/UE_4.27/FeaturePacks/TP_VehicleAdv.upack)
[2026.01.11-14.50.19:446][  0]LogPakFile: OnPakFileMounted2Time == 0.000053
[2026.01.11-14.50.19:448][  0]LogPakFile: PakFile PrimaryIndexSize=188
[2026.01.11-14.50.19:448][  0]LogPakFile: PakFile PathHashIndexSize=101
[2026.01.11-14.50.19:448][  0]LogPakFile: PakFile FullDirectoryIndexSize=150
[2026.01.11-14.50.19:448][  0]LogShaderLibrary: Display: ShaderCodeLibraryPakFileMountedCallback: PakFile 'D:/Program Files/Epic Games/UE_4.27/FeaturePacks/TP_VehicleAdvBP.upack' (chunk index -1, root 'root:/') mounted
[2026.01.11-14.50.19:448][  0]LogShaderLibrary: Display: ShaderCodeLibraryPakFileMountedCallback: pending pak file info (ChunkID:-1 Root:root:/ File:D:/Program Files/Epic Games/UE_4.27/FeaturePacks/TP_VehicleAdvBP.upack)
[2026.01.11-14.50.19:448][  0]LogPakFile: OnPakFileMounted2Time == 0.000058
[2026.01.11-14.50.19:449][  0]LogPakFile: PakFile PrimaryIndexSize=185
[2026.01.11-14.50.19:449][  0]LogPakFile: PakFile PathHashIndexSize=101
[2026.01.11-14.50.19:449][  0]LogPakFile: PakFile FullDirectoryIndexSize=144
[2026.01.11-14.50.19:449][  0]LogShaderLibrary: Display: ShaderCodeLibraryPakFileMountedCallback: PakFile 'D:/Program Files/Epic Games/UE_4.27/FeaturePacks/TP_VehicleBP.upack' (chunk index -1, root 'root:/') mounted
[2026.01.11-14.50.19:449][  0]LogShaderLibrary: Display: ShaderCodeLibraryPakFileMountedCallback: pending pak file info (ChunkID:-1 Root:root:/ File:D:/Program Files/Epic Games/UE_4.27/FeaturePacks/TP_VehicleBP.upack)
[2026.01.11-14.50.19:449][  0]LogPakFile: OnPakFileMounted2Time == 0.000046
[2026.01.11-14.50.19:449][  0]LogPakFile: PakFile PrimaryIndexSize=192
[2026.01.11-14.50.19:449][  0]LogPakFile: PakFile PathHashIndexSize=101
[2026.01.11-14.50.19:449][  0]LogPakFile: PakFile FullDirectoryIndexSize=158
[2026.01.11-14.50.19:449][  0]LogShaderLibrary: Display: ShaderCodeLibraryPakFileMountedCallback: PakFile 'D:/Program Files/Epic Games/UE_4.27/FeaturePacks/TP_VirtualRealityBP.upack' (chunk index -1, root 'root:/') mounted
[2026.01.11-14.50.19:449][  0]LogShaderLibrary: Display: ShaderCodeLibraryPakFileMountedCallback: pending pak file info (ChunkID:-1 Root:root:/ File:D:/Program Files/Epic Games/UE_4.27/FeaturePacks/TP_VirtualRealityBP.upack)
[2026.01.11-14.50.19:449][  0]LogPakFile: OnPakFileMounted2Time == 0.000051
[2026.01.11-14.50.19:555][  0]LogNativeClassHierarchy: Verbose: Native class hierarchy updated for 'AddContentDialog' in 0.0003 seconds. Added 0 classes and 0 folders.
[2026.01.11-14.50.19:556][  0]LogNativeClassHierarchy: Verbose: Native class hierarchy updated for 'SceneOutliner' in 0.0003 seconds. Added 2 classes and 0 folders.
[2026.01.11-14.50.19:702][  0]LogSlate: Took 0.000290 seconds to synchronously load lazily loaded font '../../../Engine/Content/Slate/Fonts/Roboto-Regular.ttf' (155K)
[2026.01.11-14.50.20:868][  0]LogSlate: Only BGRA pngs, bmps or icos are supported in by External Image Picker
[2026.01.11-14.50.20:981][  0]LogSlate: Took 0.000608 seconds to synchronously load lazily loaded font '../../../Engine/Content/Editor/Slate/Fonts/FontAwesome.ttf' (139K)
[2026.01.11-14.50.20:982][  0]LogSlate: Took 0.000348 seconds to synchronously load lazily loaded font '../../../Engine/Content/Slate/Fonts/Roboto-Bold.ttf' (160K)
[2026.01.11-14.50.21:099][  0]LogRenderer: Reallocating scene render targets to support 544x316 Format 10 NumSamples 1 (Frame:1).
[2026.01.11-14.50.21:149][  0]LogSlate: Took 0.000283 seconds to synchronously load lazily loaded font '../../../Engine/Content/Slate/Fonts/Roboto-Light.ttf' (167K)
[2026.01.11-14.50.21:205][  0]LogNativeClassHierarchy: Verbose: Native class hierarchy updated for 'HierarchicalLODOutliner' in 0.0003 seconds. Added 0 classes and 0 folders.
[2026.01.11-14.50.21:205][  0]LogLoad: (Engine Initialization) Total time: 11.53 seconds
[2026.01.11-14.50.21:205][  0]LogLoad: (Engine Initialization) Total Blueprint compile time: 0.00 seconds
[2026.01.11-14.50.21:354][  0]LogAssetRegistry: Asset discovery search completed in 7.8075 seconds
[2026.01.11-14.50.21:362][  0]LogCollectionManager: Fixed up redirectors for 0 collections in 0.000004 seconds (updated 0 objects)
[2026.01.11-14.50.21:362][  0]LogContentStreaming: Texture pool size now 1000 MB
[2026.01.11-14.50.22:228][ 46]LogSlate: Took 0.000307 seconds to synchronously load lazily loaded font '../../../Engine/Content/Slate/Fonts/Roboto-Light.ttf' (167K)
[2026.01.11-14.50.28:134][380]LogAssetEditorSubsystem: Opening Asset editor for SkeletalMesh /Game/FirstPerson/Character/Mesh/SK_Mannequin_Arms.SK_Mannequin_Arms
[2026.01.11-14.50.28:139][380]LogNativeClassHierarchy: Verbose: Native class hierarchy updated for 'SkeletonEditor' in 0.0002 seconds. Added 1 classes and 2 folders.
[2026.01.11-14.50.28:145][380]LogTexture: Default maximum texture size for cubemaps generated from long-lat sources has been changed from 512 to unlimited. In order to preserve old behaiour for '/Engine/EditorMaterials/AssetViewer/EpicQuadPanorama_CC+EV1.EpicQuadPanorama_CC+EV1', its maximum texture size has been explicitly set to 512.
[2026.01.11-14.50.28:220][380]LogTexture: Default maximum texture size for cubemaps generated from long-lat sources has been changed from 512 to unlimited. In order to preserve old behaiour for '/Engine/MapTemplates/Sky/SunsetAmbientCubemap.SunsetAmbientCubemap', its maximum texture size has been explicitly set to 512.
[2026.01.11-14.50.28:287][380]LogActorComponent: RegisterComponentWithWorld: (/Engine/Transient.World_3:PersistentLevel.AnimationEditorPreviewActor_0.DebugSkelMeshComponent_0) Already registered. Aborting.
[2026.01.11-14.50.28:290][380]LogNativeClassHierarchy: Verbose: Native class hierarchy updated for 'PinnedCommandList' in 0.0005 seconds. Added 1 classes and 0 folders.
[2026.01.11-14.50.29:177][381]LogRenderer: Reallocating scene render targets to support 912x660 Format 10 NumSamples 1 (Frame:1).
[2026.01.11-14.52.00:635][597]LogTemp: Repeating last play command: Selected Viewport
[2026.01.11-14.52.00:644][597]LogPlayLevel: PlayLevel: No blueprints needed recompiling
[2026.01.11-14.52.00:644][597]PIE: New page: PIE session: FirstPersonExampleMap (11 янв. 2026 г., 20:52:00)
[2026.01.11-14.52.00:646][597]LogOnline: OSS: Creating online subsystem instance for: NULL
[2026.01.11-14.52.00:647][597]LogOnline: OSS: TryLoadSubsystemAndSetDefault: Loaded subsystem for module [NULL]
[2026.01.11-14.52.00:647][597]LogPlayLevel: Creating play world package: /Game/FirstPersonCPP/Maps/UEDPIE_0_FirstPersonExampleMap
[2026.01.11-14.52.00:659][597]LogPlayLevel: PIE: StaticDuplicateObject took: (0.012292s)
[2026.01.11-14.52.00:660][597]LogAIModule: Creating AISystem for world FirstPersonExampleMap
[2026.01.11-14.52.00:660][597]LogPlayLevel: PIE: World Init took: (0.001332s)
[2026.01.11-14.52.00:660][597]LogPlayLevel: PIE: Created PIE world by copying editor world from /Game/FirstPersonCPP/Maps/FirstPersonExampleMap.FirstPersonExampleMap to /Game/FirstPersonCPP/Maps/UEDPIE_0_FirstPersonExampleMap.FirstPersonExampleMap (0.013796s)
[2026.01.11-14.52.00:667][597]LogUObjectHash: Compacting FUObjectHashTables data took   0.80ms
[2026.01.11-14.52.00:687][597]LogAudio: Display: Creating Audio Device:                 Id: 2, Scope: Unique, Realtime: True
[2026.01.11-14.52.00:687][597]LogAudioMixer: Display: Audio Mixer Platform Settings:
[2026.01.11-14.52.00:687][597]LogAudioMixer: Display: 	Sample Rate:						  48000
[2026.01.11-14.52.00:687][597]LogAudioMixer: Display: 	Callback Buffer Frame Size Requested: 1024
[2026.01.11-14.52.00:687][597]LogAudioMixer: Display: 	Callback Buffer Frame Size To Use:	  1024
[2026.01.11-14.52.00:687][597]LogAudioMixer: Display: 	Number of buffers to queue:			  2
[2026.01.11-14.52.00:687][597]LogAudioMixer: Display: 	Max Channels (voices):				  32
[2026.01.11-14.52.00:687][597]LogAudioMixer: Display: 	Number of Async Source Workers:		  0
[2026.01.11-14.52.00:687][597]LogAudio: Display: AudioDevice MaxSources: 32
[2026.01.11-14.52.00:687][597]LogAudio: Display: Audio Spatialization Plugin: None (built-in).
[2026.01.11-14.52.00:688][597]LogAudio: Display: Audio Reverb Plugin: None (built-in).
[2026.01.11-14.52.00:688][597]LogAudio: Display: Audio Occlusion Plugin: None (built-in).
[2026.01.11-14.52.00:688][597]LogAudioMixer: Display: Initializing audio mixer.
[2026.01.11-14.52.00:690][597]LogAudioMixer: Display: 0: FrontLeft
[2026.01.11-14.52.00:690][597]LogAudioMixer: Display: 1: FrontRight
[2026.01.11-14.52.00:707][597]LogAudioMixer: Display: Using Audio Device Headphones (Pixel Buds Pro (антон))
[2026.01.11-14.52.00:708][597]LogAudioMixer: Display: Initializing Sound Submixes...
[2026.01.11-14.52.00:708][597]LogAudioMixer: Display: Creating Master Submix 'MasterSubmixDefault'
[2026.01.11-14.52.00:708][597]LogAudioMixer: Display: Creating Master Submix 'MasterReverbSubmixDefault'
[2026.01.11-14.52.00:708][597]LogAudioMixer: Display: Creating Master Submix 'MasterEQSubmixDefault'
[2026.01.11-14.52.00:708][597]LogAudioMixer: FMixerPlatformXAudio2::StartAudioStream() called
[2026.01.11-14.52.00:708][597]LogAudioMixer: Display: Output buffers initialized: Frames=1024, Channels=2, Samples=2048
[2026.01.11-14.52.00:710][597]LogAudioMixer: Display: Starting AudioMixerPlatformInterface::RunInternal()
[2026.01.11-14.52.00:710][597]LogAudioMixer: Display: FMixerPlatformXAudio2::SubmitBuffer() called for the first time
[2026.01.11-14.52.00:710][597]LogInit: FAudioDevice initialized.
[2026.01.11-14.52.00:710][597]LogAudio: Display: Audio Device (ID: 2) registered with world 'FirstPersonExampleMap'.
[2026.01.11-14.52.00:717][597]LogLoad: Game class is 'BP_MonsterShooterGameMode_C'
[2026.01.11-14.52.00:720][597]LogWorld: Bringing World /Game/FirstPersonCPP/Maps/UEDPIE_0_FirstPersonExampleMap.FirstPersonExampleMap up for play (max tick rate 60) at 2026.01.11-17.52.00
[2026.01.11-14.52.00:720][597]LogWorld: Bringing up level for play took: 0.001036
[2026.01.11-14.52.00:720][597]LogOnline: OSS: Creating online subsystem instance for: :Context_7
[2026.01.11-14.52.00:723][597]LogNativeClassHierarchy: Verbose: Native class hierarchy updated for 'MovieSceneCapture' in 0.0003 seconds. Added 20 classes and 0 folders.
[2026.01.11-14.52.00:723][597]LogGameMode: Display: Match State Changed from EnteringMap to WaitingToStart
[2026.01.11-14.52.00:723][597]LogGameState: Match State Changed from EnteringMap to WaitingToStart
[2026.01.11-14.52.00:723][597]LogGameMode: Display: Match State Changed from WaitingToStart to InProgress
[2026.01.11-14.52.00:724][597]LogGameState: Match State Changed from WaitingToStart to InProgress
[2026.01.11-14.52.00:725][597]PIE: Server logged in
[2026.01.11-14.52.00:725][597]PIE: Play in editor total start time 0,083 seconds.
[2026.01.11-14.52.03:909][783]LogSlate: Updating window title bar state: overlay mode, drag disabled, window buttons hidden, title bar hidden
[2026.01.11-14.52.03:909][783]LogWorld: BeginTearingDown for /Game/FirstPersonCPP/Maps/UEDPIE_0_FirstPersonExampleMap
[2026.01.11-14.52.03:909][783]LogWorld: UWorld::CleanupWorld for FirstPersonExampleMap, bSessionEnded=true, bCleanupResources=true
[2026.01.11-14.52.03:909][783]LogSlate: InvalidateAllWidgets triggered.  All widgets were invalidated
[2026.01.11-14.52.03:920][783]LogPlayLevel: Display: Shutting down PIE online subsystems
[2026.01.11-14.52.03:923][783]LogSlate: InvalidateAllWidgets triggered.  All widgets were invalidated
[2026.01.11-14.52.03:931][783]LogAudio: Display: Audio Device unregistered from world 'None'.
[2026.01.11-14.52.03:931][783]LogAudioMixer: FMixerPlatformXAudio2::StopAudioStream() called
[2026.01.11-14.52.03:933][783]LogAudioMixer: FMixerPlatformXAudio2::StopAudioStream() called
[2026.01.11-14.52.03:935][783]LogSlate: Updating window title bar state: overlay mode, drag disabled, window buttons hidden, title bar hidden
[2026.01.11-14.52.03:937][783]LogUObjectHash: Compacting FUObjectHashTables data took   1.14ms
[2026.01.11-14.52.03:983][785]LogPlayLevel: Display: Destroying online subsystem :Context_7
